This file contains any messages produced by compilers while
running configure, to aid debugging if configure makes a mistake.

It was created by sblim-sfcc configure 2.1.0, which was
generated by GNU Autoconf 2.59.  Invocation command line was

  $ ./configure --prefix=/root/ATEN/source/OEM/STD_V317_LOGO/STD_X9_237_Security_X10/SDK/SFCC/sfcc/sblim-sfcc-2.1.0/../local --exec-prefix=/root/ATEN/source/OEM/STD_V317_LOGO/STD_X9_237_Security_X10/SDK/SFCC/sfcc/sblim-sfcc-2.1.0/../local CFLAGS= -Os  --host=arm-linux --oldincludedir=/root/ATEN/source/OEM/STD_V317_LOGO/STD_X9_237_Security_X10/SDK/ToolChain/Host/HERMON/gcc-3.4.4-glibc-2.3.5-armv4/arm-linux/arm-linux/include

## --------- ##
## Platform. ##
## --------- ##

hostname = localhost.localdomain
uname -m = i686
uname -r = 2.6.18-128.el5
uname -s = Linux
uname -v = #1 SMP Wed Jan 21 10:44:23 EST 2009

/usr/bin/uname -p = unknown
/bin/uname -X     = unknown

/bin/arch              = i686
/usr/bin/arch -k       = unknown
/usr/convex/getsysinfo = unknown
hostinfo               = unknown
/bin/machine           = unknown
/usr/bin/oslevel       = unknown
/bin/universe          = unknown

PATH: /root/ATEN/source/OEM/STD_V317_LOGO/STD_X9_237_Security_X10/SDK/SFCC/curl/local/bin
PATH: /root/ATEN/source/OEM/STD_V317_LOGO/STD_X9_237_Security_X10/SDK/ToolChain/Host/HERMON/gcc-3.4.4-glibc-2.3.5-armv4/arm-linux/bin
PATH: /usr/kerberos/sbin
PATH: /usr/kerberos/bin
PATH: /usr/local/sbin
PATH: /usr/local/bin
PATH: /sbin
PATH: /bin
PATH: /usr/sbin
PATH: /usr/bin
PATH: /root/ATEN/tools/Linux-1.19/bin
PATH: /root/bin


## ----------- ##
## Core tests. ##
## ----------- ##

configure:1560: checking for a BSD-compatible install
configure:1615: result: /usr/bin/install -c
configure:1626: checking whether build environment is sane
configure:1669: result: yes
configure:1734: checking for gawk
configure:1750: found /bin/gawk
configure:1760: result: gawk
configure:1770: checking whether make sets $(MAKE)
configure:1790: result: yes
configure:1866: checking for arm-linux-strip
configure:1882: found /root/ATEN/source/OEM/STD_V317_LOGO/STD_X9_237_Security_X10/SDK/ToolChain/Host/HERMON/gcc-3.4.4-glibc-2.3.5-armv4/arm-linux/bin/arm-linux-strip
configure:1892: result: arm-linux-strip
configure:1986: checking for arm-linux-gcc
configure:2002: found /root/ATEN/source/OEM/STD_V317_LOGO/STD_X9_237_Security_X10/SDK/ToolChain/Host/HERMON/gcc-3.4.4-glibc-2.3.5-armv4/arm-linux/bin/arm-linux-gcc
configure:2012: result: arm-linux-gcc
configure:2294: checking for C compiler version
configure:2297: arm-linux-gcc --version </dev/null >&5
arm-linux-gcc (GCC) 3.4.4
Copyright (C) 2004 Free Software Foundation, Inc.
This is free software; see the source for copying conditions.  There is NO
warranty; not even for MERCHANTABILITY or FITNESS FOR A PARTICULAR PURPOSE.

configure:2300: $? = 0
configure:2302: arm-linux-gcc -v </dev/null >&5
Reading specs from /root/ATEN/source/OEM/STD_V317_LOGO/STD_X9_237_Security_X10/SDK/ToolChain/Host/HERMON/gcc-3.4.4-glibc-2.3.5-armv4/arm-linux/bin/../lib/gcc/arm-linux/3.4.4/specs
Configured with: /home/andylin/crosstool-0.38/build/arm-linux/gcc-3.4.4-glibc-2.3.5-armv4/gcc-3.4.4/configure --target=arm-linux --host=i686-host_pc-linux-gnu --prefix=/home/andylin/opt/crosstool/gcc-3.4.4-glibc-2.3.5-armv4/arm-linux --with-float=soft --with-arch=armv4 --with-cpu=arm9 --enable-cxx-flags=-mcpu=arm9 --with-tune=arm9 --with-headers=/home/andylin/opt/crosstool/gcc-3.4.4-glibc-2.3.5-armv4/arm-linux/arm-linux/include --with-local-prefix=/home/andylin/opt/crosstool/gcc-3.4.4-glibc-2.3.5-armv4/arm-linux/arm-linux --disable-nls --enable-threads=posix --enable-symvers=gnu --enable-__cxa_atexit --enable-languages=c,c++ --enable-shared --enable-c99 --enable-long-long
Thread model: posix
gcc version 3.4.4
configure:2305: $? = 0
configure:2307: arm-linux-gcc -V </dev/null >&5
arm-linux-gcc: `-V' option must have argument
configure:2310: $? = 1
configure:2333: checking for C compiler default output file name
configure:2336: arm-linux-gcc  -Os    conftest.c  >&5
configure:2339: $? = 0
configure:2385: result: a.out
configure:2390: checking whether the C compiler works
configure:2396: ./a.out
./configure: line 2397: ./a.out: cannot execute binary file
configure:2399: $? = 126
configure:2416: result: yes
configure:2423: checking whether we are cross compiling
configure:2425: result: yes
configure:2428: checking for suffix of executables
configure:2430: arm-linux-gcc -o conftest  -Os    conftest.c  >&5
configure:2433: $? = 0
configure:2458: result: 
configure:2464: checking for suffix of object files
configure:2485: arm-linux-gcc -c  -Os   conftest.c >&5
configure:2488: $? = 0
configure:2510: result: o
configure:2514: checking whether we are using the GNU C compiler
configure:2538: arm-linux-gcc -c  -Os   conftest.c >&5
configure:2544: $? = 0
configure:2548: test -z 
			 || test ! -s conftest.err
configure:2551: $? = 0
configure:2554: test -s conftest.o
configure:2557: $? = 0
configure:2570: result: yes
configure:2576: checking whether arm-linux-gcc accepts -g
configure:2597: arm-linux-gcc -c -g  conftest.c >&5
configure:2603: $? = 0
configure:2607: test -z 
			 || test ! -s conftest.err
configure:2610: $? = 0
configure:2613: test -s conftest.o
configure:2616: $? = 0
configure:2627: result: yes
configure:2644: checking for arm-linux-gcc option to accept ANSI C
configure:2714: arm-linux-gcc  -c  -Os   conftest.c >&5
configure:2720: $? = 0
configure:2724: test -z 
			 || test ! -s conftest.err
configure:2727: $? = 0
configure:2730: test -s conftest.o
configure:2733: $? = 0
configure:2751: result: none needed
configure:2769: arm-linux-gcc -c  -Os   conftest.c >&5
conftest.c:2: error: parse error before "me"
configure:2775: $? = 1
configure: failed program was:
| #ifndef __cplusplus
|   choke me
| #endif
configure:2919: checking for style of include used by make
configure:2947: result: GNU
configure:2975: checking dependency style of arm-linux-gcc
configure:3065: result: gcc3
configure:3092: checking for arm-linux-g++
configure:3108: found /root/ATEN/source/OEM/STD_V317_LOGO/STD_X9_237_Security_X10/SDK/ToolChain/Host/HERMON/gcc-3.4.4-glibc-2.3.5-armv4/arm-linux/bin/arm-linux-g++
configure:3118: result: arm-linux-g++
configure:3176: checking for C++ compiler version
configure:3179: arm-linux-g++ --version </dev/null >&5
arm-linux-g++ (GCC) 3.4.4
Copyright (C) 2004 Free Software Foundation, Inc.
This is free software; see the source for copying conditions.  There is NO
warranty; not even for MERCHANTABILITY or FITNESS FOR A PARTICULAR PURPOSE.

configure:3182: $? = 0
configure:3184: arm-linux-g++ -v </dev/null >&5
Reading specs from /root/ATEN/source/OEM/STD_V317_LOGO/STD_X9_237_Security_X10/SDK/ToolChain/Host/HERMON/gcc-3.4.4-glibc-2.3.5-armv4/arm-linux/bin/../lib/gcc/arm-linux/3.4.4/specs
Configured with: /home/andylin/crosstool-0.38/build/arm-linux/gcc-3.4.4-glibc-2.3.5-armv4/gcc-3.4.4/configure --target=arm-linux --host=i686-host_pc-linux-gnu --prefix=/home/andylin/opt/crosstool/gcc-3.4.4-glibc-2.3.5-armv4/arm-linux --with-float=soft --with-arch=armv4 --with-cpu=arm9 --enable-cxx-flags=-mcpu=arm9 --with-tune=arm9 --with-headers=/home/andylin/opt/crosstool/gcc-3.4.4-glibc-2.3.5-armv4/arm-linux/arm-linux/include --with-local-prefix=/home/andylin/opt/crosstool/gcc-3.4.4-glibc-2.3.5-armv4/arm-linux/arm-linux --disable-nls --enable-threads=posix --enable-symvers=gnu --enable-__cxa_atexit --enable-languages=c,c++ --enable-shared --enable-c99 --enable-long-long
Thread model: posix
gcc version 3.4.4
configure:3187: $? = 0
configure:3189: arm-linux-g++ -V </dev/null >&5
arm-linux-g++: `-V' option must have argument
configure:3192: $? = 1
configure:3195: checking whether we are using the GNU C++ compiler
configure:3219: arm-linux-g++ -c -DINT_VGA  conftest.cc >&5
configure:3225: $? = 0
configure:3229: test -z 
			 || test ! -s conftest.err
configure:3232: $? = 0
configure:3235: test -s conftest.o
configure:3238: $? = 0
configure:3251: result: yes
configure:3257: checking whether arm-linux-g++ accepts -g
configure:3278: arm-linux-g++ -c -g  conftest.cc >&5
configure:3284: $? = 0
configure:3288: test -z 
			 || test ! -s conftest.err
configure:3291: $? = 0
configure:3294: test -s conftest.o
configure:3297: $? = 0
configure:3308: result: yes
configure:3350: arm-linux-g++ -c -DINT_VGA  conftest.cc >&5
configure:3356: $? = 0
configure:3360: test -z 
			 || test ! -s conftest.err
configure:3363: $? = 0
configure:3366: test -s conftest.o
configure:3369: $? = 0
configure:3395: arm-linux-g++ -c -DINT_VGA  conftest.cc >&5
conftest.cc: In function `int main()':
conftest.cc:15: error: `exit' undeclared (first use this function)
conftest.cc:15: error: (Each undeclared identifier is reported only once for each function it appears in.)
configure:3401: $? = 1
configure: failed program was:
| /* confdefs.h.  */
| 
| #define PACKAGE_NAME "sblim-sfcc"
| #define PACKAGE_TARNAME "sblim-sfcc"
| #define PACKAGE_VERSION "2.1.0"
| #define PACKAGE_STRING "sblim-sfcc 2.1.0"
| #define PACKAGE_BUGREPORT "sblim-devel@lists.sourceforge.net"
| #define PACKAGE "sblim-sfcc"
| #define VERSION "2.1.0"
| /* end confdefs.h.  */
| 
| int
| main ()
| {
| exit (42);
|   ;
|   return 0;
| }
configure:3350: arm-linux-g++ -c -DINT_VGA  conftest.cc >&5
configure:3356: $? = 0
configure:3360: test -z 
			 || test ! -s conftest.err
configure:3363: $? = 0
configure:3366: test -s conftest.o
configure:3369: $? = 0
configure:3395: arm-linux-g++ -c -DINT_VGA  conftest.cc >&5
configure:3401: $? = 0
configure:3405: test -z 
			 || test ! -s conftest.err
configure:3408: $? = 0
configure:3411: test -s conftest.o
configure:3414: $? = 0
configure:3439: checking dependency style of arm-linux-g++
configure:3529: result: gcc3
configure:3624: checking build system type
configure:3642: result: i686-pc-linux-gnu
configure:3650: checking host system type
configure:3664: result: arm-unknown-linux-gnu
configure:3672: checking for a sed that does not truncate output
configure:3726: result: /bin/sed
configure:3729: checking for egrep
configure:3739: result: grep -E
configure:3755: checking for ld used by arm-linux-gcc
configure:3822: result: /root/ATEN/source/OEM/STD_V317_LOGO/STD_X9_237_Security_X10/SDK/ToolChain/Host/HERMON/gcc-3.4.4-glibc-2.3.5-armv4/arm-linux/arm-linux/bin/ld
configure:3831: checking if the linker (/root/ATEN/source/OEM/STD_V317_LOGO/STD_X9_237_Security_X10/SDK/ToolChain/Host/HERMON/gcc-3.4.4-glibc-2.3.5-armv4/arm-linux/arm-linux/bin/ld) is GNU ld
configure:3846: result: yes
configure:3851: checking for /root/ATEN/source/OEM/STD_V317_LOGO/STD_X9_237_Security_X10/SDK/ToolChain/Host/HERMON/gcc-3.4.4-glibc-2.3.5-armv4/arm-linux/arm-linux/bin/ld option to reload object files
configure:3858: result: -r
configure:3876: checking for BSD-compatible nm
configure:3925: result: /root/ATEN/source/OEM/STD_V317_LOGO/STD_X9_237_Security_X10/SDK/ToolChain/Host/HERMON/gcc-3.4.4-glibc-2.3.5-armv4/arm-linux/bin/arm-linux-nm -B
configure:3929: checking whether ln -s works
configure:3933: result: yes
configure:3940: checking how to recognise dependent libraries
configure:4116: result: pass_all
configure:4353: checking how to run the C preprocessor
configure:4388: arm-linux-gcc -E  conftest.c
configure:4394: $? = 0
configure:4426: arm-linux-gcc -E  conftest.c
conftest.c:14:28: ac_nonexistent.h: No such file or directory
configure:4432: $? = 1
configure: failed program was:
| /* confdefs.h.  */
| 
| #define PACKAGE_NAME "sblim-sfcc"
| #define PACKAGE_TARNAME "sblim-sfcc"
| #define PACKAGE_VERSION "2.1.0"
| #define PACKAGE_STRING "sblim-sfcc 2.1.0"
| #define PACKAGE_BUGREPORT "sblim-devel@lists.sourceforge.net"
| #define PACKAGE "sblim-sfcc"
| #define VERSION "2.1.0"
| #ifdef __cplusplus
| extern "C" void std::exit (int) throw (); using std::exit;
| #endif
| /* end confdefs.h.  */
| #include <ac_nonexistent.h>
configure:4471: result: arm-linux-gcc -E
configure:4495: arm-linux-gcc -E  conftest.c
configure:4501: $? = 0
configure:4533: arm-linux-gcc -E  conftest.c
conftest.c:14:28: ac_nonexistent.h: No such file or directory
configure:4539: $? = 1
configure: failed program was:
| /* confdefs.h.  */
| 
| #define PACKAGE_NAME "sblim-sfcc"
| #define PACKAGE_TARNAME "sblim-sfcc"
| #define PACKAGE_VERSION "2.1.0"
| #define PACKAGE_STRING "sblim-sfcc 2.1.0"
| #define PACKAGE_BUGREPORT "sblim-devel@lists.sourceforge.net"
| #define PACKAGE "sblim-sfcc"
| #define VERSION "2.1.0"
| #ifdef __cplusplus
| extern "C" void std::exit (int) throw (); using std::exit;
| #endif
| /* end confdefs.h.  */
| #include <ac_nonexistent.h>
configure:4583: checking for ANSI C header files
configure:4608: arm-linux-gcc -c  -Os   conftest.c >&5
configure:4614: $? = 0
configure:4618: test -z 
			 || test ! -s conftest.err
configure:4621: $? = 0
configure:4624: test -s conftest.o
configure:4627: $? = 0
configure:4739: result: yes
configure:4763: checking for sys/types.h
configure:4779: arm-linux-gcc -c  -Os   conftest.c >&5
configure:4785: $? = 0
configure:4789: test -z 
			 || test ! -s conftest.err
configure:4792: $? = 0
configure:4795: test -s conftest.o
configure:4798: $? = 0
configure:4809: result: yes
configure:4763: checking for sys/stat.h
configure:4779: arm-linux-gcc -c  -Os   conftest.c >&5
configure:4785: $? = 0
configure:4789: test -z 
			 || test ! -s conftest.err
configure:4792: $? = 0
configure:4795: test -s conftest.o
configure:4798: $? = 0
configure:4809: result: yes
configure:4763: checking for stdlib.h
configure:4779: arm-linux-gcc -c  -Os   conftest.c >&5
configure:4785: $? = 0
configure:4789: test -z 
			 || test ! -s conftest.err
configure:4792: $? = 0
configure:4795: test -s conftest.o
configure:4798: $? = 0
configure:4809: result: yes
configure:4763: checking for string.h
configure:4779: arm-linux-gcc -c  -Os   conftest.c >&5
configure:4785: $? = 0
configure:4789: test -z 
			 || test ! -s conftest.err
configure:4792: $? = 0
configure:4795: test -s conftest.o
configure:4798: $? = 0
configure:4809: result: yes
configure:4763: checking for memory.h
configure:4779: arm-linux-gcc -c  -Os   conftest.c >&5
configure:4785: $? = 0
configure:4789: test -z 
			 || test ! -s conftest.err
configure:4792: $? = 0
configure:4795: test -s conftest.o
configure:4798: $? = 0
configure:4809: result: yes
configure:4763: checking for strings.h
configure:4779: arm-linux-gcc -c  -Os   conftest.c >&5
configure:4785: $? = 0
configure:4789: test -z 
			 || test ! -s conftest.err
configure:4792: $? = 0
configure:4795: test -s conftest.o
configure:4798: $? = 0
configure:4809: result: yes
configure:4763: checking for inttypes.h
configure:4779: arm-linux-gcc -c  -Os   conftest.c >&5
configure:4785: $? = 0
configure:4789: test -z 
			 || test ! -s conftest.err
configure:4792: $? = 0
configure:4795: test -s conftest.o
configure:4798: $? = 0
configure:4809: result: yes
configure:4763: checking for stdint.h
configure:4779: arm-linux-gcc -c  -Os   conftest.c >&5
configure:4785: $? = 0
configure:4789: test -z 
			 || test ! -s conftest.err
configure:4792: $? = 0
configure:4795: test -s conftest.o
configure:4798: $? = 0
configure:4809: result: yes
configure:4763: checking for unistd.h
configure:4779: arm-linux-gcc -c  -Os   conftest.c >&5
configure:4785: $? = 0
configure:4789: test -z 
			 || test ! -s conftest.err
configure:4792: $? = 0
configure:4795: test -s conftest.o
configure:4798: $? = 0
configure:4809: result: yes
configure:4835: checking dlfcn.h usability
configure:4847: arm-linux-gcc -c  -Os   conftest.c >&5
configure:4853: $? = 0
configure:4857: test -z 
			 || test ! -s conftest.err
configure:4860: $? = 0
configure:4863: test -s conftest.o
configure:4866: $? = 0
configure:4876: result: yes
configure:4880: checking dlfcn.h presence
configure:4890: arm-linux-gcc -E  conftest.c
configure:4896: $? = 0
configure:4916: result: yes
configure:4951: checking for dlfcn.h
configure:4958: result: yes
configure:4981: checking how to run the C++ preprocessor
configure:5012: arm-linux-g++ -E  conftest.cc
configure:5018: $? = 0
configure:5050: arm-linux-g++ -E  conftest.cc
conftest.cc:25:28: ac_nonexistent.h: No such file or directory
configure:5056: $? = 1
configure: failed program was:
| /* confdefs.h.  */
| 
| #define PACKAGE_NAME "sblim-sfcc"
| #define PACKAGE_TARNAME "sblim-sfcc"
| #define PACKAGE_VERSION "2.1.0"
| #define PACKAGE_STRING "sblim-sfcc 2.1.0"
| #define PACKAGE_BUGREPORT "sblim-devel@lists.sourceforge.net"
| #define PACKAGE "sblim-sfcc"
| #define VERSION "2.1.0"
| #ifdef __cplusplus
| extern "C" void std::exit (int) throw (); using std::exit;
| #endif
| #define STDC_HEADERS 1
| #define HAVE_SYS_TYPES_H 1
| #define HAVE_SYS_STAT_H 1
| #define HAVE_STDLIB_H 1
| #define HAVE_STRING_H 1
| #define HAVE_MEMORY_H 1
| #define HAVE_STRINGS_H 1
| #define HAVE_INTTYPES_H 1
| #define HAVE_STDINT_H 1
| #define HAVE_UNISTD_H 1
| #define HAVE_DLFCN_H 1
| /* end confdefs.h.  */
| #include <ac_nonexistent.h>
configure:5095: result: arm-linux-g++ -E
configure:5119: arm-linux-g++ -E  conftest.cc
configure:5125: $? = 0
configure:5157: arm-linux-g++ -E  conftest.cc
conftest.cc:25:28: ac_nonexistent.h: No such file or directory
configure:5163: $? = 1
configure: failed program was:
| /* confdefs.h.  */
| 
| #define PACKAGE_NAME "sblim-sfcc"
| #define PACKAGE_TARNAME "sblim-sfcc"
| #define PACKAGE_VERSION "2.1.0"
| #define PACKAGE_STRING "sblim-sfcc 2.1.0"
| #define PACKAGE_BUGREPORT "sblim-devel@lists.sourceforge.net"
| #define PACKAGE "sblim-sfcc"
| #define VERSION "2.1.0"
| #ifdef __cplusplus
| extern "C" void std::exit (int) throw (); using std::exit;
| #endif
| #define STDC_HEADERS 1
| #define HAVE_SYS_TYPES_H 1
| #define HAVE_SYS_STAT_H 1
| #define HAVE_STDLIB_H 1
| #define HAVE_STRING_H 1
| #define HAVE_MEMORY_H 1
| #define HAVE_STRINGS_H 1
| #define HAVE_INTTYPES_H 1
| #define HAVE_STDINT_H 1
| #define HAVE_UNISTD_H 1
| #define HAVE_DLFCN_H 1
| /* end confdefs.h.  */
| #include <ac_nonexistent.h>
configure:5218: checking for arm-linux-g77
configure:5247: result: no
configure:5218: checking for arm-linux-f77
configure:5247: result: no
configure:5218: checking for arm-linux-xlf
configure:5247: result: no
configure:5218: checking for arm-linux-frt
configure:5247: result: no
configure:5218: checking for arm-linux-pgf77
configure:5247: result: no
configure:5218: checking for arm-linux-fort77
configure:5247: result: no
configure:5218: checking for arm-linux-fl32
configure:5247: result: no
configure:5218: checking for arm-linux-af77
configure:5247: result: no
configure:5218: checking for arm-linux-f90
configure:5247: result: no
configure:5218: checking for arm-linux-xlf90
configure:5247: result: no
configure:5218: checking for arm-linux-pgf90
configure:5247: result: no
configure:5218: checking for arm-linux-epcf90
configure:5247: result: no
configure:5218: checking for arm-linux-f95
configure:5247: result: no
configure:5218: checking for arm-linux-fort
configure:5247: result: no
configure:5218: checking for arm-linux-xlf95
configure:5247: result: no
configure:5218: checking for arm-linux-ifc
configure:5247: result: no
configure:5218: checking for arm-linux-efc
configure:5247: result: no
configure:5218: checking for arm-linux-pgf95
configure:5247: result: no
configure:5218: checking for arm-linux-lf95
configure:5247: result: no
configure:5218: checking for arm-linux-gfortran
configure:5247: result: no
configure:5260: checking for g77
configure:5289: result: no
configure:5260: checking for f77
configure:5289: result: no
configure:5260: checking for xlf
configure:5289: result: no
configure:5260: checking for frt
configure:5289: result: no
configure:5260: checking for pgf77
configure:5289: result: no
configure:5260: checking for fort77
configure:5289: result: no
configure:5260: checking for fl32
configure:5289: result: no
configure:5260: checking for af77
configure:5289: result: no
configure:5260: checking for f90
configure:5289: result: no
configure:5260: checking for xlf90
configure:5289: result: no
configure:5260: checking for pgf90
configure:5289: result: no
configure:5260: checking for epcf90
configure:5289: result: no
configure:5260: checking for f95
configure:5289: result: no
configure:5260: checking for fort
configure:5289: result: no
configure:5260: checking for xlf95
configure:5289: result: no
configure:5260: checking for ifc
configure:5289: result: no
configure:5260: checking for efc
configure:5289: result: no
configure:5260: checking for pgf95
configure:5289: result: no
configure:5260: checking for lf95
configure:5289: result: no
configure:5260: checking for gfortran
configure:5289: result: no
configure:5301: checking for Fortran 77 compiler version
configure:5304:  --version </dev/null >&5
./configure: line 5305: --version: command not found
configure:5307: $? = 127
configure:5309:  -v </dev/null >&5
./configure: line 5310: -v: command not found
configure:5312: $? = 127
configure:5314:  -V </dev/null >&5
./configure: line 5315: -V: command not found
configure:5317: $? = 127
configure:5325: checking whether we are using the GNU Fortran 77 compiler
configure:5339:  -c  conftest.F >&5
./configure: line 5340: -c: command not found
configure:5345: $? = 127
configure: failed program was:
|       program main
| #ifndef __GNUC__
|        choke me
| #endif
| 
|       end
configure:5371: result: no
configure:5377: checking whether  accepts -g
configure:5389:  -c -g conftest.f >&5
./configure: line 5390: -c: command not found
configure:5395: $? = 127
configure: failed program was:
|       program main
| 
|       end
configure:5420: result: no
configure:5450: checking the maximum length of command line arguments
configure:5559: result: 32768
configure:5570: checking command to parse /root/ATEN/source/OEM/STD_V317_LOGO/STD_X9_237_Security_X10/SDK/ToolChain/Host/HERMON/gcc-3.4.4-glibc-2.3.5-armv4/arm-linux/bin/arm-linux-nm -B output from arm-linux-gcc object
configure:5675: arm-linux-gcc -c  -Os   conftest.c >&5
configure:5678: $? = 0
configure:5682: /root/ATEN/source/OEM/STD_V317_LOGO/STD_X9_237_Security_X10/SDK/ToolChain/Host/HERMON/gcc-3.4.4-glibc-2.3.5-armv4/arm-linux/bin/arm-linux-nm -B conftest.o \| sed -n -e 's/^.*[ 	]\([ABCDGIRSTW][ABCDGIRSTW]*\)[ 	][ 	]*\([_A-Za-z][_A-Za-z0-9]*\)$/\1 \2 \2/p' \> conftest.nm
configure:5685: $? = 0
configure:5737: arm-linux-gcc -o conftest  -Os    conftest.c conftstm.o >&5
configure:5740: $? = 0
configure:5778: result: ok
configure:5782: checking for objdir
configure:5797: result: .libs
configure:5849: checking for arm-linux-ar
configure:5865: found /root/ATEN/source/OEM/STD_V317_LOGO/STD_X9_237_Security_X10/SDK/ToolChain/Host/HERMON/gcc-3.4.4-glibc-2.3.5-armv4/arm-linux/bin/arm-linux-ar
configure:5875: result: arm-linux-ar
configure:5929: checking for arm-linux-ranlib
configure:5945: found /root/ATEN/source/OEM/STD_V317_LOGO/STD_X9_237_Security_X10/SDK/ToolChain/Host/HERMON/gcc-3.4.4-glibc-2.3.5-armv4/arm-linux/bin/arm-linux-ranlib
configure:5955: result: arm-linux-ranlib
configure:6009: checking for arm-linux-strip
configure:6035: result: arm-linux-strip
configure:6346: checking if arm-linux-gcc supports -fno-rtti -fno-exceptions
configure:6364: arm-linux-gcc -c  -Os   -fno-rtti -fno-exceptions conftest.c >&5
cc1: warning: command line option "-fno-rtti" is valid for C++/ObjC++ but not for C
configure:6368: $? = 0
configure:6381: result: no
configure:6396: checking for arm-linux-gcc option to produce PIC
configure:6606: result: -fPIC
configure:6614: checking if arm-linux-gcc PIC flag -fPIC works
configure:6632: arm-linux-gcc -c  -Os   -fPIC -DPIC conftest.c >&5
configure:6636: $? = 0
configure:6649: result: yes
configure:6677: checking if arm-linux-gcc static flag -static works
configure:6705: result: yes
configure:6715: checking if arm-linux-gcc supports -c -o file.o
configure:6736: arm-linux-gcc -c  -Os   -o out/conftest2.o conftest.c >&5
configure:6740: $? = 0
configure:6762: result: yes
configure:6788: checking whether the arm-linux-gcc linker (/root/ATEN/source/OEM/STD_V317_LOGO/STD_X9_237_Security_X10/SDK/ToolChain/Host/HERMON/gcc-3.4.4-glibc-2.3.5-armv4/arm-linux/arm-linux/bin/ld) supports shared libraries
configure:7746: result: yes
configure:7767: checking whether -lc should be explicitly linked in
configure:7772: arm-linux-gcc -c  -Os   conftest.c >&5
configure:7775: $? = 0
configure:7790: arm-linux-gcc -shared conftest.o  -v -Wl,-soname -Wl,conftest -o conftest 2\>\&1 \| grep  -lc  \>/dev/null 2\>\&1
configure:7793: $? = 0
configure:7805: result: no
configure:7813: checking dynamic linker characteristics
configure:8422: result: GNU/Linux ld.so
configure:8431: checking how to hardcode library paths into programs
configure:8456: result: immediate
configure:8470: checking whether stripping libraries is possible
configure:8475: result: yes
configure:9309: checking if libtool supports shared libraries
configure:9311: result: yes
configure:9314: checking whether to build shared libraries
configure:9335: result: yes
configure:9338: checking whether to build static libraries
configure:9342: result: yes
configure:9434: creating libtool
configure:10022: checking for ld used by arm-linux-g++
configure:10089: result: /root/ATEN/source/OEM/STD_V317_LOGO/STD_X9_237_Security_X10/SDK/ToolChain/Host/HERMON/gcc-3.4.4-glibc-2.3.5-armv4/arm-linux/arm-linux/bin/ld
configure:10098: checking if the linker (/root/ATEN/source/OEM/STD_V317_LOGO/STD_X9_237_Security_X10/SDK/ToolChain/Host/HERMON/gcc-3.4.4-glibc-2.3.5-armv4/arm-linux/arm-linux/bin/ld) is GNU ld
configure:10113: result: yes
configure:10164: checking whether the arm-linux-g++ linker (/root/ATEN/source/OEM/STD_V317_LOGO/STD_X9_237_Security_X10/SDK/ToolChain/Host/HERMON/gcc-3.4.4-glibc-2.3.5-armv4/arm-linux/arm-linux/bin/ld) supports shared libraries
configure:11102: result: yes
configure:11120: arm-linux-g++ -c -DINT_VGA  conftest.cpp >&5
configure:11123: $? = 0
configure:11242: checking for arm-linux-g++ option to produce PIC
configure:11516: result: -fPIC
configure:11524: checking if arm-linux-g++ PIC flag -fPIC works
configure:11542: arm-linux-g++ -c -DINT_VGA  -fPIC -DPIC conftest.cpp >&5
configure:11546: $? = 0
configure:11559: result: yes
configure:11587: checking if arm-linux-g++ static flag -static works
configure:11615: result: yes
configure:11625: checking if arm-linux-g++ supports -c -o file.o
configure:11646: arm-linux-g++ -c -DINT_VGA  -o out/conftest2.o conftest.cpp >&5
configure:11650: $? = 0
configure:11672: result: yes
configure:11698: checking whether the arm-linux-g++ linker (/root/ATEN/source/OEM/STD_V317_LOGO/STD_X9_237_Security_X10/SDK/ToolChain/Host/HERMON/gcc-3.4.4-glibc-2.3.5-armv4/arm-linux/arm-linux/bin/ld) supports shared libraries
configure:11723: result: yes
configure:11790: checking dynamic linker characteristics
configure:12399: result: GNU/Linux ld.so
configure:12408: checking how to hardcode library paths into programs
configure:12433: result: immediate
configure:18636: checking for ANSI C header files
configure:18792: result: yes
configure:18820: checking malloc.h usability
configure:18832: arm-linux-gcc -c  -Os   conftest.c >&5
configure:18838: $? = 0
configure:18842: test -z 
			 || test ! -s conftest.err
configure:18845: $? = 0
configure:18848: test -s conftest.o
configure:18851: $? = 0
configure:18861: result: yes
configure:18865: checking malloc.h presence
configure:18875: arm-linux-gcc -E  conftest.c
configure:18881: $? = 0
configure:18901: result: yes
configure:18936: checking for malloc.h
configure:18943: result: yes
configure:18820: checking stddef.h usability
configure:18832: arm-linux-gcc -c  -Os   conftest.c >&5
configure:18838: $? = 0
configure:18842: test -z 
			 || test ! -s conftest.err
configure:18845: $? = 0
configure:18848: test -s conftest.o
configure:18851: $? = 0
configure:18861: result: yes
configure:18865: checking stddef.h presence
configure:18875: arm-linux-gcc -E  conftest.c
configure:18881: $? = 0
configure:18901: result: yes
configure:18936: checking for stddef.h
configure:18943: result: yes
configure:18811: checking for stdlib.h
configure:18816: result: yes
configure:18811: checking for string.h
configure:18816: result: yes
configure:18820: checking sys/time.h usability
configure:18832: arm-linux-gcc -c  -Os   conftest.c >&5
configure:18838: $? = 0
configure:18842: test -z 
			 || test ! -s conftest.err
configure:18845: $? = 0
configure:18848: test -s conftest.o
configure:18851: $? = 0
configure:18861: result: yes
configure:18865: checking sys/time.h presence
configure:18875: arm-linux-gcc -E  conftest.c
configure:18881: $? = 0
configure:18901: result: yes
configure:18936: checking for sys/time.h
configure:18943: result: yes
configure:18958: checking for an ANSI C-conforming const
configure:19025: arm-linux-gcc -c  -Os   conftest.c >&5
configure:19031: $? = 0
configure:19035: test -z 
			 || test ! -s conftest.err
configure:19038: $? = 0
configure:19041: test -s conftest.o
configure:19044: $? = 0
configure:19055: result: yes
configure:19065: checking for inline
configure:19086: arm-linux-gcc -c  -Os   conftest.c >&5
configure:19092: $? = 0
configure:19096: test -z 
			 || test ! -s conftest.err
configure:19099: $? = 0
configure:19102: test -s conftest.o
configure:19105: $? = 0
configure:19117: result: inline
configure:19136: checking for size_t
configure:19160: arm-linux-gcc -c  -Os   conftest.c >&5
configure:19166: $? = 0
configure:19170: test -z 
			 || test ! -s conftest.err
configure:19173: $? = 0
configure:19176: test -s conftest.o
configure:19179: $? = 0
configure:19190: result: yes
configure:19202: checking whether time.h and sys/time.h may both be included
configure:19227: arm-linux-gcc -c  -Os   conftest.c >&5
configure:19233: $? = 0
configure:19237: test -z 
			 || test ! -s conftest.err
configure:19240: $? = 0
configure:19243: test -s conftest.o
configure:19246: $? = 0
configure:19257: result: yes
configure:19267: checking whether struct tm is in sys/time.h or time.h
configure:19290: arm-linux-gcc -c  -Os   conftest.c >&5
configure:19296: $? = 0
configure:19300: test -z 
			 || test ! -s conftest.err
configure:19303: $? = 0
configure:19306: test -s conftest.o
configure:19309: $? = 0
configure:19320: result: time.h
configure:19332: checking for curl_easy_init in -lcurl
configure:19362: arm-linux-gcc -o conftest  -Os    conftest.c -L/home/zawa/8_7_for_wsman/openwsman/curl/local/lib   >&5
/tmp/ccImPIRS.o: In function `main':
conftest.c:(.text+0x4): undefined reference to `curl_easy_init'
collect2: ld returned 1 exit status
configure:19368: $? = 1
configure: failed program was:
| /* confdefs.h.  */
| 
| #define PACKAGE_NAME "sblim-sfcc"
| #define PACKAGE_TARNAME "sblim-sfcc"
| #define PACKAGE_VERSION "2.1.0"
| #define PACKAGE_STRING "sblim-sfcc 2.1.0"
| #define PACKAGE_BUGREPORT "sblim-devel@lists.sourceforge.net"
| #define PACKAGE "sblim-sfcc"
| #define VERSION "2.1.0"
| #ifdef __cplusplus
| extern "C" void std::exit (int) throw (); using std::exit;
| #endif
| #define STDC_HEADERS 1
| #define HAVE_SYS_TYPES_H 1
| #define HAVE_SYS_STAT_H 1
| #define HAVE_STDLIB_H 1
| #define HAVE_STRING_H 1
| #define HAVE_MEMORY_H 1
| #define HAVE_STRINGS_H 1
| #define HAVE_INTTYPES_H 1
| #define HAVE_STDINT_H 1
| #define HAVE_UNISTD_H 1
| #define HAVE_DLFCN_H 1
| #define STDC_HEADERS 1
| #define HAVE_MALLOC_H 1
| #define HAVE_STDDEF_H 1
| #define HAVE_STDLIB_H 1
| #define HAVE_STRING_H 1
| #define HAVE_SYS_TIME_H 1
| #define TIME_WITH_SYS_TIME 1
| /* end confdefs.h.  */
| 
| /* Override any gcc2 internal prototype to avoid an error.  */
| #ifdef __cplusplus
| extern "C"
| #endif
| /* We use char because int might match the return type of a gcc2
|    builtin and then its argument prototype would still apply.  */
| char curl_easy_init ();
| int
| main ()
| {
| curl_easy_init ();
|   ;
|   return 0;
| }
configure:19394: result: no
configure:19405: checking for main in -lpthread
configure:19429: arm-linux-gcc -o conftest  -Os    conftest.c -lpthread   >&5
configure:19435: $? = 0
configure:19439: test -z 
			 || test ! -s conftest.err
configure:19442: $? = 0
configure:19445: test -s conftest
configure:19448: $? = 0
configure:19461: result: yes
configure:19476: checking for working alloca.h
configure:19497: arm-linux-gcc -o conftest  -Os    conftest.c -lpthread  >&5
configure:19503: $? = 0
configure:19507: test -z 
			 || test ! -s conftest.err
configure:19510: $? = 0
configure:19513: test -s conftest
configure:19516: $? = 0
configure:19528: result: yes
configure:19538: checking for alloca
configure:19579: arm-linux-gcc -o conftest  -Os    conftest.c -lpthread  >&5
configure:19585: $? = 0
configure:19589: test -z 
			 || test ! -s conftest.err
configure:19592: $? = 0
configure:19595: test -s conftest
configure:19598: $? = 0
configure:19610: result: yes
configure:19833: checking for error_at_line
configure:19854: arm-linux-gcc -o conftest  -Os    conftest.c -lpthread  >&5
configure:19860: $? = 0
configure:19864: test -z 
			 || test ! -s conftest.err
configure:19867: $? = 0
configure:19870: test -s conftest
configure:19873: $? = 0
configure:19885: result: yes
configure:19903: checking for stdlib.h
configure:19908: result: yes
configure:20048: checking for GNU libc compatible malloc
configure:20099: result: no
configure:20136: checking for stdlib.h
configure:20141: result: yes
configure:20136: checking for sys/time.h
configure:20141: result: yes
configure:20136: checking for unistd.h
configure:20141: result: yes
configure:20285: checking for alarm
configure:20342: arm-linux-gcc -o conftest  -Os    conftest.c -lpthread  >&5
configure:20348: $? = 0
configure:20352: test -z 
			 || test ! -s conftest.err
configure:20355: $? = 0
configure:20358: test -s conftest
configure:20361: $? = 0
configure:20373: result: yes
configure:20383: checking for working mktime
configure:20581: result: no
configure:20599: checking for stdlib.h
configure:20604: result: yes
configure:20744: checking for GNU libc compatible realloc
configure:20795: result: no
configure:20829: checking for strftime
configure:20886: arm-linux-gcc -o conftest  -Os    conftest.c -lpthread  >&5
conftest.c:69: warning: conflicting types for built-in function 'strftime'
configure:20892: $? = 0
configure:20896: test -z 
			 || test ! -s conftest.err
configure:20899: $? = 0
configure:20902: test -s conftest
configure:20905: $? = 0
configure:20917: result: yes
configure:21012: checking for gettimeofday
configure:21069: arm-linux-gcc -o conftest  -Os    conftest.c -lpthread  >&5
configure:21075: $? = 0
configure:21079: test -z 
			 || test ! -s conftest.err
configure:21082: $? = 0
configure:21085: test -s conftest
configure:21088: $? = 0
configure:21100: result: yes
configure:21012: checking for localtime_r
configure:21069: arm-linux-gcc -o conftest  -Os    conftest.c -lpthread  >&5
configure:21075: $? = 0
configure:21079: test -z 
			 || test ! -s conftest.err
configure:21082: $? = 0
configure:21085: test -s conftest
configure:21088: $? = 0
configure:21100: result: yes
configure:21012: checking for memset
configure:21069: arm-linux-gcc -o conftest  -Os    conftest.c -lpthread  >&5
conftest.c:72: warning: conflicting types for built-in function 'memset'
configure:21075: $? = 0
configure:21079: test -z 
			 || test ! -s conftest.err
configure:21082: $? = 0
configure:21085: test -s conftest
configure:21088: $? = 0
configure:21100: result: yes
configure:21012: checking for strcasecmp
configure:21069: arm-linux-gcc -o conftest  -Os    conftest.c -lpthread  >&5
configure:21075: $? = 0
configure:21079: test -z 
			 || test ! -s conftest.err
configure:21082: $? = 0
configure:21085: test -s conftest
configure:21088: $? = 0
configure:21100: result: yes
configure:21012: checking for strdup
configure:21069: arm-linux-gcc -o conftest  -Os    conftest.c -lpthread  >&5
conftest.c:74: warning: conflicting types for built-in function 'strdup'
configure:21075: $? = 0
configure:21079: test -z 
			 || test ! -s conftest.err
configure:21082: $? = 0
configure:21085: test -s conftest
configure:21088: $? = 0
configure:21100: result: yes
configure:21012: checking for strncasecmp
configure:21069: arm-linux-gcc -o conftest  -Os    conftest.c -lpthread  >&5
configure:21075: $? = 0
configure:21079: test -z 
			 || test ! -s conftest.err
configure:21082: $? = 0
configure:21085: test -s conftest
configure:21088: $? = 0
configure:21100: result: yes
configure:21012: checking for strstr
configure:21069: arm-linux-gcc -o conftest  -Os    conftest.c -lpthread  >&5
conftest.c:76: warning: conflicting types for built-in function 'strstr'
configure:21075: $? = 0
configure:21079: test -z 
			 || test ! -s conftest.err
configure:21082: $? = 0
configure:21085: test -s conftest
configure:21088: $? = 0
configure:21100: result: yes
configure:21012: checking for tzset
configure:21069: arm-linux-gcc -o conftest  -Os    conftest.c -lpthread  >&5
configure:21075: $? = 0
configure:21079: test -z 
			 || test ! -s conftest.err
configure:21082: $? = 0
configure:21085: test -s conftest
configure:21088: $? = 0
configure:21100: result: yes
configure:21257: creating ./config.status

## ---------------------- ##
## Running config.status. ##
## ---------------------- ##

This file was extended by sblim-sfcc config.status 2.1.0, which was
generated by GNU Autoconf 2.59.  Invocation command line was

  CONFIG_FILES    = 
  CONFIG_HEADERS  = 
  CONFIG_LINKS    = 
  CONFIG_COMMANDS = 
  $ ./config.status 

on localhost.localdomain

config.status:719: creating Makefile
config.status:719: creating sfcc.spec
config.status:719: creating TEST/Makefile
config.status:823: creating config.h
config.status:1005: config.h is unchanged
config.status:1185: executing depfiles commands

## ---------------- ##
## Cache variables. ##
## ---------------- ##

ac_cv_build=i686-pc-linux-gnu
ac_cv_build_alias=i686-pc-linux-gnu
ac_cv_c_compiler_gnu=yes
ac_cv_c_const=yes
ac_cv_c_inline=inline
ac_cv_cxx_compiler_gnu=yes
ac_cv_env_CC_set=
ac_cv_env_CC_value=
ac_cv_env_CFLAGS_set=set
ac_cv_env_CFLAGS_value=' -Os '
ac_cv_env_CPPFLAGS_set=
ac_cv_env_CPPFLAGS_value=
ac_cv_env_CPP_set=
ac_cv_env_CPP_value=
ac_cv_env_CXXCPP_set=
ac_cv_env_CXXCPP_value=
ac_cv_env_CXXFLAGS_set=set
ac_cv_env_CXXFLAGS_value=-DINT_VGA
ac_cv_env_CXX_set=
ac_cv_env_CXX_value=
ac_cv_env_F77_set=
ac_cv_env_F77_value=
ac_cv_env_FFLAGS_set=
ac_cv_env_FFLAGS_value=
ac_cv_env_LDFLAGS_set=
ac_cv_env_LDFLAGS_value=
ac_cv_env_build_alias_set=
ac_cv_env_build_alias_value=
ac_cv_env_host_alias_set=set
ac_cv_env_host_alias_value=arm-linux
ac_cv_env_target_alias_set=
ac_cv_env_target_alias_value=
ac_cv_exeext=
ac_cv_f77_compiler_gnu=no
ac_cv_func_alarm=yes
ac_cv_func_alloca_works=yes
ac_cv_func_gettimeofday=yes
ac_cv_func_localtime_r=yes
ac_cv_func_malloc_0_nonnull=no
ac_cv_func_memset=yes
ac_cv_func_realloc_0_nonnull=no
ac_cv_func_strcasecmp=yes
ac_cv_func_strdup=yes
ac_cv_func_strftime=yes
ac_cv_func_strncasecmp=yes
ac_cv_func_strstr=yes
ac_cv_func_tzset=yes
ac_cv_func_working_mktime=no
ac_cv_header_dlfcn_h=yes
ac_cv_header_inttypes_h=yes
ac_cv_header_malloc_h=yes
ac_cv_header_memory_h=yes
ac_cv_header_stdc=yes
ac_cv_header_stddef_h=yes
ac_cv_header_stdint_h=yes
ac_cv_header_stdlib_h=yes
ac_cv_header_string_h=yes
ac_cv_header_strings_h=yes
ac_cv_header_sys_stat_h=yes
ac_cv_header_sys_time_h=yes
ac_cv_header_sys_types_h=yes
ac_cv_header_time=yes
ac_cv_header_unistd_h=yes
ac_cv_host=arm-unknown-linux-gnu
ac_cv_host_alias=arm-linux
ac_cv_lib_curl_curl_easy_init=no
ac_cv_lib_error_at_line=yes
ac_cv_lib_pthread_main=yes
ac_cv_objext=o
ac_cv_path_install='/usr/bin/install -c'
ac_cv_prog_AR=arm-linux-ar
ac_cv_prog_AWK=gawk
ac_cv_prog_CC=arm-linux-gcc
ac_cv_prog_CPP='arm-linux-gcc -E'
ac_cv_prog_CXX=arm-linux-g++
ac_cv_prog_CXXCPP='arm-linux-g++ -E'
ac_cv_prog_RANLIB=arm-linux-ranlib
ac_cv_prog_STRIP=arm-linux-strip
ac_cv_prog_cc_g=yes
ac_cv_prog_cc_stdc=
ac_cv_prog_cxx_g=yes
ac_cv_prog_egrep='grep -E'
ac_cv_prog_f77_g=no
ac_cv_prog_make_make_set=yes
ac_cv_struct_tm=time.h
ac_cv_type_size_t=yes
ac_cv_working_alloca_h=yes
am_cv_CC_dependencies_compiler_type=gcc3
am_cv_CXX_dependencies_compiler_type=gcc3
lt_cv_deplibs_check_method=pass_all
lt_cv_file_magic_cmd='$MAGIC_CMD'
lt_cv_file_magic_test_file=
lt_cv_ld_reload_flag=-r
lt_cv_objdir=.libs
lt_cv_path_LD=/root/ATEN/source/OEM/STD_V317_LOGO/STD_X9_237_Security_X10/SDK/ToolChain/Host/HERMON/gcc-3.4.4-glibc-2.3.5-armv4/arm-linux/arm-linux/bin/ld
lt_cv_path_LDCXX=/root/ATEN/source/OEM/STD_V317_LOGO/STD_X9_237_Security_X10/SDK/ToolChain/Host/HERMON/gcc-3.4.4-glibc-2.3.5-armv4/arm-linux/arm-linux/bin/ld
lt_cv_path_NM='/root/ATEN/source/OEM/STD_V317_LOGO/STD_X9_237_Security_X10/SDK/ToolChain/Host/HERMON/gcc-3.4.4-glibc-2.3.5-armv4/arm-linux/bin/arm-linux-nm -B'
lt_cv_path_SED=/bin/sed
lt_cv_prog_compiler_c_o=yes
lt_cv_prog_compiler_c_o_CXX=yes
lt_cv_prog_compiler_rtti_exceptions=no
lt_cv_prog_gnu_ld=yes
lt_cv_prog_gnu_ldcxx=yes
lt_cv_sys_global_symbol_pipe='sed -n -e '\''s/^.*[ 	]\([ABCDGIRSTW][ABCDGIRSTW]*\)[ 	][ 	]*\([_A-Za-z][_A-Za-z0-9]*\)$/\1 \2 \2/p'\'''
lt_cv_sys_global_symbol_to_c_name_address='sed -n -e '\''s/^: \([^ ]*\) $/  {\"\1\", (lt_ptr) 0},/p'\'' -e '\''s/^[BCDEGRST] \([^ ]*\) \([^ ]*\)$/  {"\2", (lt_ptr) \&\2},/p'\'''
lt_cv_sys_global_symbol_to_cdecl='sed -n -e '\''s/^. .* \(.*\)$/extern int \1;/p'\'''
lt_cv_sys_max_cmd_len=32768
lt_lt_cv_prog_compiler_c_o='"yes"'
lt_lt_cv_prog_compiler_c_o_CXX='"yes"'
lt_lt_cv_sys_global_symbol_pipe='"sed -n -e '\''s/^.*[ 	]\\([ABCDGIRSTW][ABCDGIRSTW]*\\)[ 	][ 	]*\\([_A-Za-z][_A-Za-z0-9]*\\)\$/\\1 \\2 \\2/p'\''"'
lt_lt_cv_sys_global_symbol_to_c_name_address='"sed -n -e '\''s/^: \\([^ ]*\\) \$/  {\\\"\\1\\\", (lt_ptr) 0},/p'\'' -e '\''s/^[BCDEGRST] \\([^ ]*\\) \\([^ ]*\\)\$/  {\"\\2\", (lt_ptr) \\&\\2},/p'\''"'
lt_lt_cv_sys_global_symbol_to_cdecl='"sed -n -e '\''s/^. .* \\(.*\\)\$/extern int \\1;/p'\''"'

## ----------------- ##
## Output variables. ##
## ----------------- ##

ACLOCAL='${SHELL} /root/ATEN/source/OEM/STD_V317_LOGO/STD_X9_237_Security_X10/SDK/SFCC/sfcc/sblim-sfcc-2.1.0/missing --run aclocal-1.9'
ALLOCA=''
AMDEPBACKSLASH='\'
AMDEP_FALSE='#'
AMDEP_TRUE=''
AMTAR='${SHELL} /root/ATEN/source/OEM/STD_V317_LOGO/STD_X9_237_Security_X10/SDK/SFCC/sfcc/sblim-sfcc-2.1.0/missing --run tar'
AR='arm-linux-ar'
AUTOCONF='${SHELL} /root/ATEN/source/OEM/STD_V317_LOGO/STD_X9_237_Security_X10/SDK/SFCC/sfcc/sblim-sfcc-2.1.0/missing --run autoconf'
AUTOHEADER='${SHELL} /root/ATEN/source/OEM/STD_V317_LOGO/STD_X9_237_Security_X10/SDK/SFCC/sfcc/sblim-sfcc-2.1.0/missing --run autoheader'
AUTOMAKE='${SHELL} /root/ATEN/source/OEM/STD_V317_LOGO/STD_X9_237_Security_X10/SDK/SFCC/sfcc/sblim-sfcc-2.1.0/missing --run automake-1.9'
AWK='gawk'
CC='arm-linux-gcc'
CCDEPMODE='depmode=gcc3'
CFLAGS=' -Os '
CPP='arm-linux-gcc -E'
CPPFLAGS=''
CXX='arm-linux-g++'
CXXCPP='arm-linux-g++ -E'
CXXDEPMODE='depmode=gcc3'
CXXFLAGS='-DINT_VGA'
CYGPATH_W='echo'
DEFS='-DHAVE_CONFIG_H'
DEPDIR='.deps'
ECHO='echo'
ECHO_C=''
ECHO_N='-n'
ECHO_T=''
EGREP='grep -E'
EXEEXT=''
F77=''
FFLAGS=''
HAVE_MELUNIT_CXX_FALSE=''
HAVE_MELUNIT_CXX_TRUE='#'
INSTALL_DATA='${INSTALL} -m 644'
INSTALL_PROGRAM='${INSTALL}'
INSTALL_SCRIPT='${INSTALL}'
INSTALL_STRIP_PROGRAM='${SHELL} $(install_sh) -c -s'
LDFLAGS=''
LIBOBJS=' malloc$U.o mktime$U.o realloc$U.o'
LIBS='-lpthread '
LIBTOOL='$(SHELL) $(top_builddir)/libtool'
LN_S='ln -s'
LTLIBOBJS=' malloc$U.lo mktime$U.lo realloc$U.lo'
MAKEINFO='${SHELL} /root/ATEN/source/OEM/STD_V317_LOGO/STD_X9_237_Security_X10/SDK/SFCC/sfcc/sblim-sfcc-2.1.0/missing --run makeinfo'
OBJEXT='o'
PACKAGE='sblim-sfcc'
PACKAGE_BUGREPORT='sblim-devel@lists.sourceforge.net'
PACKAGE_NAME='sblim-sfcc'
PACKAGE_STRING='sblim-sfcc 2.1.0'
PACKAGE_TARNAME='sblim-sfcc'
PACKAGE_VERSION='2.1.0'
PATH_SEPARATOR=':'
RANLIB='arm-linux-ranlib'
SET_MAKE=''
SHELL='/bin/sh'
STRIP='arm-linux-strip'
VERSION='2.1.0'
ac_ct_AR=''
ac_ct_CC=''
ac_ct_CXX=''
ac_ct_F77=''
ac_ct_RANLIB=''
ac_ct_STRIP=''
am__fastdepCC_FALSE='#'
am__fastdepCC_TRUE=''
am__fastdepCXX_FALSE='#'
am__fastdepCXX_TRUE=''
am__include='include'
am__leading_dot='.'
am__quote=''
am__tar='${AMTAR} chof - "$$tardir"'
am__untar='${AMTAR} xf -'
bindir='${exec_prefix}/bin'
build='i686-pc-linux-gnu'
build_alias=''
build_cpu='i686'
build_os='linux-gnu'
build_vendor='pc'
datadir='${prefix}/share'
exec_prefix='/root/ATEN/source/OEM/STD_V317_LOGO/STD_X9_237_Security_X10/SDK/SFCC/sfcc/sblim-sfcc-2.1.0/../local'
host='arm-unknown-linux-gnu'
host_alias='arm-linux'
host_cpu='arm'
host_os='linux-gnu'
host_vendor='unknown'
includedir='${prefix}/include'
infodir='${prefix}/info'
install_sh='/root/ATEN/source/OEM/STD_V317_LOGO/STD_X9_237_Security_X10/SDK/SFCC/sfcc/sblim-sfcc-2.1.0/install-sh'
libdir='${exec_prefix}/lib'
libexecdir='${exec_prefix}/libexec'
localstatedir='${prefix}/var'
mandir='${prefix}/man'
mkdir_p='mkdir -p --'
oldincludedir='/root/ATEN/source/OEM/STD_V317_LOGO/STD_X9_237_Security_X10/SDK/ToolChain/Host/HERMON/gcc-3.4.4-glibc-2.3.5-armv4/arm-linux/arm-linux/include'
prefix='/root/ATEN/source/OEM/STD_V317_LOGO/STD_X9_237_Security_X10/SDK/SFCC/sfcc/sblim-sfcc-2.1.0/../local'
program_transform_name='s,x,x,'
sbindir='${exec_prefix}/sbin'
sharedstatedir='${prefix}/com'
sysconfdir='${prefix}/etc'
target_alias=''

## ----------- ##
## confdefs.h. ##
## ----------- ##

#define HAVE_ALARM 1
#define HAVE_ALLOCA 1
#define HAVE_ALLOCA_H 1
#define HAVE_DLFCN_H 1
#define HAVE_GETTIMEOFDAY 1
#define HAVE_INTTYPES_H 1
#define HAVE_LIBPTHREAD 1
#define HAVE_LOCALTIME_R 1
#define HAVE_MALLOC 0
#define HAVE_MALLOC_H 1
#define HAVE_MEMORY_H 1
#define HAVE_MEMSET 1
#define HAVE_REALLOC 0
#define HAVE_STDDEF_H 1
#define HAVE_STDINT_H 1
#define HAVE_STDLIB_H 1
#define HAVE_STDLIB_H 1
#define HAVE_STDLIB_H 1
#define HAVE_STDLIB_H 1
#define HAVE_STDLIB_H 1
#define HAVE_STRCASECMP 1
#define HAVE_STRDUP 1
#define HAVE_STRFTIME 1
#define HAVE_STRINGS_H 1
#define HAVE_STRING_H 1
#define HAVE_STRING_H 1
#define HAVE_STRNCASECMP 1
#define HAVE_STRSTR 1
#define HAVE_SYS_STAT_H 1
#define HAVE_SYS_TIME_H 1
#define HAVE_SYS_TIME_H 1
#define HAVE_SYS_TYPES_H 1
#define HAVE_TZSET 1
#define HAVE_UNISTD_H 1
#define HAVE_UNISTD_H 1
#define PACKAGE "sblim-sfcc"
#define PACKAGE_BUGREPORT "sblim-devel@lists.sourceforge.net"
#define PACKAGE_NAME "sblim-sfcc"
#define PACKAGE_STRING "sblim-sfcc 2.1.0"
#define PACKAGE_TARNAME "sblim-sfcc"
#define PACKAGE_VERSION "2.1.0"
#define STDC_HEADERS 1
#define STDC_HEADERS 1
#define TIME_WITH_SYS_TIME 1
#define VERSION "2.1.0"
#define realloc rpl_realloc
#endif
#ifdef __cplusplus
//#define malloc rpl_malloc
extern "C" void std::exit (int) throw (); using std::exit;

configure: exit 0
