This file contains any messages produced by compilers while
running configure, to aid debugging if configure makes a mistake.

It was created by configure, which was
generated by GNU Autoconf 2.59.  Invocation command line was

  $ ./configure --host=arm-linux

## --------- ##
## Platform. ##
## --------- ##

hostname = localhost.localdomain
uname -m = i686
uname -r = 2.6.18-128.el5
uname -s = Linux
uname -v = #1 SMP Wed Jan 21 10:44:23 EST 2009

/usr/bin/uname -p = unknown
/bin/uname -X     = unknown

/bin/arch              = i686
/usr/bin/arch -k       = unknown
/usr/convex/getsysinfo = unknown
hostinfo               = unknown
/bin/machine           = unknown
/usr/bin/oslevel       = unknown
/bin/universe          = unknown

PATH: /root/ATEN/source/OEM/STD_V317_LOGO/STD_X9_237_Security_X10/SDK/ToolChain/Host/HERMON/gcc-3.4.4-glibc-2.3.5-armv4/arm-linux/bin
PATH: /usr/kerberos/sbin
PATH: /usr/kerberos/bin
PATH: /usr/local/sbin
PATH: /usr/local/bin
PATH: /sbin
PATH: /bin
PATH: /usr/sbin
PATH: /usr/bin
PATH: /root/ATEN/tools/Linux-1.19/bin
PATH: /root/bin


## ----------- ##
## Core tests. ##
## ----------- ##

configure:1347: checking for a BSD-compatible install
configure:1402: result: /usr/bin/install -c
configure:1413: checking whether build environment is sane
configure:1456: result: yes
configure:1489: checking for gawk
configure:1505: found /bin/gawk
configure:1515: result: gawk
configure:1525: checking whether make sets $(MAKE)
configure:1545: result: yes
configure:1605: checking for arm-linux-strip
configure:1631: result: /root/ATEN/source/OEM/STD_V317_LOGO/STD_X9_237_Security_X10/SDK/ToolChain/Host/HERMON/gcc-3.4.4-glibc-2.3.5-armv4/arm-linux/bin/arm-linux-strip
configure:1690: checking whether to enable maintainer-specific portions of Makefiles
configure:1699: result: no
configure:1720: checking build system type
configure:1738: result: i686-pc-linux-gnu
configure:1746: checking host system type
configure:1760: result: arm-unknown-linux-gnu
configure:1771: checking for arm-linux-ranlib
configure:1797: result: /root/ATEN/source/OEM/STD_V317_LOGO/STD_X9_237_Security_X10/SDK/ToolChain/Host/HERMON/gcc-3.4.4-glibc-2.3.5-armv4/arm-linux/bin/arm-linux-ranlib
configure:1856: checking for arm-linux-gcc
configure:1882: result: /root/ATEN/source/OEM/STD_V317_LOGO/STD_X9_237_Security_X10/SDK/ToolChain/Host/HERMON/gcc-3.4.4-glibc-2.3.5-armv4/arm-linux/bin/arm-linux-gcc
configure:2164: checking for C compiler version
configure:2167: /root/ATEN/source/OEM/STD_V317_LOGO/STD_X9_237_Security_X10/SDK/ToolChain/Host/HERMON/gcc-3.4.4-glibc-2.3.5-armv4/arm-linux/bin/arm-linux-gcc --version </dev/null >&5
arm-linux-gcc (GCC) 3.4.4
Copyright (C) 2004 Free Software Foundation, Inc.
This is free software; see the source for copying conditions.  There is NO
warranty; not even for MERCHANTABILITY or FITNESS FOR A PARTICULAR PURPOSE.

configure:2170: $? = 0
configure:2172: /root/ATEN/source/OEM/STD_V317_LOGO/STD_X9_237_Security_X10/SDK/ToolChain/Host/HERMON/gcc-3.4.4-glibc-2.3.5-armv4/arm-linux/bin/arm-linux-gcc -v </dev/null >&5
Reading specs from /root/ATEN/source/OEM/STD_V317_LOGO/STD_X9_237_Security_X10/SDK/ToolChain/Host/HERMON/gcc-3.4.4-glibc-2.3.5-armv4/arm-linux/bin/../lib/gcc/arm-linux/3.4.4/specs
Configured with: /home/andylin/crosstool-0.38/build/arm-linux/gcc-3.4.4-glibc-2.3.5-armv4/gcc-3.4.4/configure --target=arm-linux --host=i686-host_pc-linux-gnu --prefix=/home/andylin/opt/crosstool/gcc-3.4.4-glibc-2.3.5-armv4/arm-linux --with-float=soft --with-arch=armv4 --with-cpu=arm9 --enable-cxx-flags=-mcpu=arm9 --with-tune=arm9 --with-headers=/home/andylin/opt/crosstool/gcc-3.4.4-glibc-2.3.5-armv4/arm-linux/arm-linux/include --with-local-prefix=/home/andylin/opt/crosstool/gcc-3.4.4-glibc-2.3.5-armv4/arm-linux/arm-linux --disable-nls --enable-threads=posix --enable-symvers=gnu --enable-__cxa_atexit --enable-languages=c,c++ --enable-shared --enable-c99 --enable-long-long
Thread model: posix
gcc version 3.4.4
configure:2175: $? = 0
configure:2177: /root/ATEN/source/OEM/STD_V317_LOGO/STD_X9_237_Security_X10/SDK/ToolChain/Host/HERMON/gcc-3.4.4-glibc-2.3.5-armv4/arm-linux/bin/arm-linux-gcc -V </dev/null >&5
arm-linux-gcc: `-V' option must have argument
configure:2180: $? = 1
configure:2203: checking for C compiler default output file name
configure:2206: /root/ATEN/source/OEM/STD_V317_LOGO/STD_X9_237_Security_X10/SDK/ToolChain/Host/HERMON/gcc-3.4.4-glibc-2.3.5-armv4/arm-linux/bin/arm-linux-gcc    conftest.c  >&5
configure:2209: $? = 0
configure:2255: result: a.out
configure:2260: checking whether the C compiler works
configure:2266: ./a.out
./configure: line 2267: ./a.out: cannot execute binary file
configure:2269: $? = 126
configure:2286: result: yes
configure:2293: checking whether we are cross compiling
configure:2295: result: yes
configure:2298: checking for suffix of executables
configure:2300: /root/ATEN/source/OEM/STD_V317_LOGO/STD_X9_237_Security_X10/SDK/ToolChain/Host/HERMON/gcc-3.4.4-glibc-2.3.5-armv4/arm-linux/bin/arm-linux-gcc -o conftest    conftest.c  >&5
configure:2303: $? = 0
configure:2328: result: 
configure:2334: checking for suffix of object files
configure:2355: /root/ATEN/source/OEM/STD_V317_LOGO/STD_X9_237_Security_X10/SDK/ToolChain/Host/HERMON/gcc-3.4.4-glibc-2.3.5-armv4/arm-linux/bin/arm-linux-gcc -c   conftest.c >&5
configure:2358: $? = 0
configure:2380: result: o
configure:2384: checking whether we are using the GNU C compiler
configure:2408: /root/ATEN/source/OEM/STD_V317_LOGO/STD_X9_237_Security_X10/SDK/ToolChain/Host/HERMON/gcc-3.4.4-glibc-2.3.5-armv4/arm-linux/bin/arm-linux-gcc -c   conftest.c >&5
configure:2414: $? = 0
configure:2418: test -z 
			 || test ! -s conftest.err
configure:2421: $? = 0
configure:2424: test -s conftest.o
configure:2427: $? = 0
configure:2440: result: yes
configure:2446: checking whether /root/ATEN/source/OEM/STD_V317_LOGO/STD_X9_237_Security_X10/SDK/ToolChain/Host/HERMON/gcc-3.4.4-glibc-2.3.5-armv4/arm-linux/bin/arm-linux-gcc accepts -g
configure:2467: /root/ATEN/source/OEM/STD_V317_LOGO/STD_X9_237_Security_X10/SDK/ToolChain/Host/HERMON/gcc-3.4.4-glibc-2.3.5-armv4/arm-linux/bin/arm-linux-gcc -c -g  conftest.c >&5
configure:2473: $? = 0
configure:2477: test -z 
			 || test ! -s conftest.err
configure:2480: $? = 0
configure:2483: test -s conftest.o
configure:2486: $? = 0
configure:2497: result: yes
configure:2514: checking for /root/ATEN/source/OEM/STD_V317_LOGO/STD_X9_237_Security_X10/SDK/ToolChain/Host/HERMON/gcc-3.4.4-glibc-2.3.5-armv4/arm-linux/bin/arm-linux-gcc option to accept ANSI C
configure:2584: /root/ATEN/source/OEM/STD_V317_LOGO/STD_X9_237_Security_X10/SDK/ToolChain/Host/HERMON/gcc-3.4.4-glibc-2.3.5-armv4/arm-linux/bin/arm-linux-gcc  -c   conftest.c >&5
configure:2590: $? = 0
configure:2594: test -z 
			 || test ! -s conftest.err
configure:2597: $? = 0
configure:2600: test -s conftest.o
configure:2603: $? = 0
configure:2621: result: none needed
configure:2639: /root/ATEN/source/OEM/STD_V317_LOGO/STD_X9_237_Security_X10/SDK/ToolChain/Host/HERMON/gcc-3.4.4-glibc-2.3.5-armv4/arm-linux/bin/arm-linux-gcc -c   conftest.c >&5
conftest.c:2: error: parse error before "me"
configure:2645: $? = 1
configure: failed program was:
| #ifndef __cplusplus
|   choke me
| #endif
configure:2797: checking for style of include used by make
configure:2825: result: GNU
configure:2853: checking dependency style of /root/ATEN/source/OEM/STD_V317_LOGO/STD_X9_237_Security_X10/SDK/ToolChain/Host/HERMON/gcc-3.4.4-glibc-2.3.5-armv4/arm-linux/bin/arm-linux-gcc
configure:2915: result: none
configure:2930: checking how to run the C preprocessor
configure:2965: /root/ATEN/source/OEM/STD_V317_LOGO/STD_X9_237_Security_X10/SDK/ToolChain/Host/HERMON/gcc-3.4.4-glibc-2.3.5-armv4/arm-linux/bin/arm-linux-gcc -E  conftest.c
configure:2971: $? = 0
configure:3003: /root/ATEN/source/OEM/STD_V317_LOGO/STD_X9_237_Security_X10/SDK/ToolChain/Host/HERMON/gcc-3.4.4-glibc-2.3.5-armv4/arm-linux/bin/arm-linux-gcc -E  conftest.c
conftest.c:11:28: ac_nonexistent.h: No such file or directory
configure:3009: $? = 1
configure: failed program was:
| /* confdefs.h.  */
| 
| #define PACKAGE_NAME ""
| #define PACKAGE_TARNAME ""
| #define PACKAGE_VERSION ""
| #define PACKAGE_STRING ""
| #define PACKAGE_BUGREPORT ""
| #define PACKAGE "lldpd"
| #define VERSION "0.3"
| /* end confdefs.h.  */
| #include <ac_nonexistent.h>
configure:3048: result: /root/ATEN/source/OEM/STD_V317_LOGO/STD_X9_237_Security_X10/SDK/ToolChain/Host/HERMON/gcc-3.4.4-glibc-2.3.5-armv4/arm-linux/bin/arm-linux-gcc -E
configure:3072: /root/ATEN/source/OEM/STD_V317_LOGO/STD_X9_237_Security_X10/SDK/ToolChain/Host/HERMON/gcc-3.4.4-glibc-2.3.5-armv4/arm-linux/bin/arm-linux-gcc -E  conftest.c
configure:3078: $? = 0
configure:3110: /root/ATEN/source/OEM/STD_V317_LOGO/STD_X9_237_Security_X10/SDK/ToolChain/Host/HERMON/gcc-3.4.4-glibc-2.3.5-armv4/arm-linux/bin/arm-linux-gcc -E  conftest.c
conftest.c:11:28: ac_nonexistent.h: No such file or directory
configure:3116: $? = 1
configure: failed program was:
| /* confdefs.h.  */
| 
| #define PACKAGE_NAME ""
| #define PACKAGE_TARNAME ""
| #define PACKAGE_VERSION ""
| #define PACKAGE_STRING ""
| #define PACKAGE_BUGREPORT ""
| #define PACKAGE "lldpd"
| #define VERSION "0.3"
| /* end confdefs.h.  */
| #include <ac_nonexistent.h>
configure:3160: checking for egrep
configure:3170: result: grep -E
configure:3175: checking for ANSI C header files
configure:3200: /root/ATEN/source/OEM/STD_V317_LOGO/STD_X9_237_Security_X10/SDK/ToolChain/Host/HERMON/gcc-3.4.4-glibc-2.3.5-armv4/arm-linux/bin/arm-linux-gcc -c  -Wall  conftest.c >&5
configure:3206: $? = 0
configure:3210: test -z 
			 || test ! -s conftest.err
configure:3213: $? = 0
configure:3216: test -s conftest.o
configure:3219: $? = 0
configure:3331: result: yes
configure:3342: checking whether byte ordering is bigendian
configure:3369: /root/ATEN/source/OEM/STD_V317_LOGO/STD_X9_237_Security_X10/SDK/ToolChain/Host/HERMON/gcc-3.4.4-glibc-2.3.5-armv4/arm-linux/bin/arm-linux-gcc -c  -Wall  conftest.c >&5
configure:3375: $? = 0
configure:3379: test -z 
			 || test ! -s conftest.err
configure:3382: $? = 0
configure:3385: test -s conftest.o
configure:3388: $? = 0
configure:3412: /root/ATEN/source/OEM/STD_V317_LOGO/STD_X9_237_Security_X10/SDK/ToolChain/Host/HERMON/gcc-3.4.4-glibc-2.3.5-armv4/arm-linux/bin/arm-linux-gcc -c  -Wall  conftest.c >&5
conftest.c: In function `main':
conftest.c:19: error: `not' undeclared (first use in this function)
conftest.c:19: error: (Each undeclared identifier is reported only once
conftest.c:19: error: for each function it appears in.)
conftest.c:19: error: parse error before "big"
configure:3418: $? = 1
configure: failed program was:
| /* confdefs.h.  */
| 
| #define PACKAGE_NAME ""
| #define PACKAGE_TARNAME ""
| #define PACKAGE_VERSION ""
| #define PACKAGE_STRING ""
| #define PACKAGE_BUGREPORT ""
| #define PACKAGE "lldpd"
| #define VERSION "0.3"
| #define STDC_HEADERS 1
| /* end confdefs.h.  */
| #include <sys/types.h>
| #include <sys/param.h>
| 
| int
| main ()
| {
| #if BYTE_ORDER != BIG_ENDIAN
|  not big endian
| #endif
| 
|   ;
|   return 0;
| }
configure:3553: result: no
configure:3600: checking for sys/types.h
configure:3616: /root/ATEN/source/OEM/STD_V317_LOGO/STD_X9_237_Security_X10/SDK/ToolChain/Host/HERMON/gcc-3.4.4-glibc-2.3.5-armv4/arm-linux/bin/arm-linux-gcc -c  -Wall  conftest.c >&5
configure:3622: $? = 0
configure:3626: test -z 
			 || test ! -s conftest.err
configure:3629: $? = 0
configure:3632: test -s conftest.o
configure:3635: $? = 0
configure:3646: result: yes
configure:3600: checking for sys/stat.h
configure:3616: /root/ATEN/source/OEM/STD_V317_LOGO/STD_X9_237_Security_X10/SDK/ToolChain/Host/HERMON/gcc-3.4.4-glibc-2.3.5-armv4/arm-linux/bin/arm-linux-gcc -c  -Wall  conftest.c >&5
configure:3622: $? = 0
configure:3626: test -z 
			 || test ! -s conftest.err
configure:3629: $? = 0
configure:3632: test -s conftest.o
configure:3635: $? = 0
configure:3646: result: yes
configure:3600: checking for stdlib.h
configure:3616: /root/ATEN/source/OEM/STD_V317_LOGO/STD_X9_237_Security_X10/SDK/ToolChain/Host/HERMON/gcc-3.4.4-glibc-2.3.5-armv4/arm-linux/bin/arm-linux-gcc -c  -Wall  conftest.c >&5
configure:3622: $? = 0
configure:3626: test -z 
			 || test ! -s conftest.err
configure:3629: $? = 0
configure:3632: test -s conftest.o
configure:3635: $? = 0
configure:3646: result: yes
configure:3600: checking for string.h
configure:3616: /root/ATEN/source/OEM/STD_V317_LOGO/STD_X9_237_Security_X10/SDK/ToolChain/Host/HERMON/gcc-3.4.4-glibc-2.3.5-armv4/arm-linux/bin/arm-linux-gcc -c  -Wall  conftest.c >&5
configure:3622: $? = 0
configure:3626: test -z 
			 || test ! -s conftest.err
configure:3629: $? = 0
configure:3632: test -s conftest.o
configure:3635: $? = 0
configure:3646: result: yes
configure:3600: checking for memory.h
configure:3616: /root/ATEN/source/OEM/STD_V317_LOGO/STD_X9_237_Security_X10/SDK/ToolChain/Host/HERMON/gcc-3.4.4-glibc-2.3.5-armv4/arm-linux/bin/arm-linux-gcc -c  -Wall  conftest.c >&5
configure:3622: $? = 0
configure:3626: test -z 
			 || test ! -s conftest.err
configure:3629: $? = 0
configure:3632: test -s conftest.o
configure:3635: $? = 0
configure:3646: result: yes
configure:3600: checking for strings.h
configure:3616: /root/ATEN/source/OEM/STD_V317_LOGO/STD_X9_237_Security_X10/SDK/ToolChain/Host/HERMON/gcc-3.4.4-glibc-2.3.5-armv4/arm-linux/bin/arm-linux-gcc -c  -Wall  conftest.c >&5
configure:3622: $? = 0
configure:3626: test -z 
			 || test ! -s conftest.err
configure:3629: $? = 0
configure:3632: test -s conftest.o
configure:3635: $? = 0
configure:3646: result: yes
configure:3600: checking for inttypes.h
configure:3616: /root/ATEN/source/OEM/STD_V317_LOGO/STD_X9_237_Security_X10/SDK/ToolChain/Host/HERMON/gcc-3.4.4-glibc-2.3.5-armv4/arm-linux/bin/arm-linux-gcc -c  -Wall  conftest.c >&5
configure:3622: $? = 0
configure:3626: test -z 
			 || test ! -s conftest.err
configure:3629: $? = 0
configure:3632: test -s conftest.o
configure:3635: $? = 0
configure:3646: result: yes
configure:3600: checking for stdint.h
configure:3616: /root/ATEN/source/OEM/STD_V317_LOGO/STD_X9_237_Security_X10/SDK/ToolChain/Host/HERMON/gcc-3.4.4-glibc-2.3.5-armv4/arm-linux/bin/arm-linux-gcc -c  -Wall  conftest.c >&5
configure:3622: $? = 0
configure:3626: test -z 
			 || test ! -s conftest.err
configure:3629: $? = 0
configure:3632: test -s conftest.o
configure:3635: $? = 0
configure:3646: result: yes
configure:3600: checking for unistd.h
configure:3616: /root/ATEN/source/OEM/STD_V317_LOGO/STD_X9_237_Security_X10/SDK/ToolChain/Host/HERMON/gcc-3.4.4-glibc-2.3.5-armv4/arm-linux/bin/arm-linux-gcc -c  -Wall  conftest.c >&5
configure:3622: $? = 0
configure:3626: test -z 
			 || test ! -s conftest.err
configure:3629: $? = 0
configure:3632: test -s conftest.o
configure:3635: $? = 0
configure:3646: result: yes
configure:3822: checking Operating System
configure:3826: result: Linux
configure:3872: checking for native frame interface
configure:3876: result: linux
configure:3942: checking for procfs support
configure:3945: result: okay
configure:4108: creating ./config.status

## ---------------------- ##
## Running config.status. ##
## ---------------------- ##

This file was extended by config.status, which was
generated by GNU Autoconf 2.59.  Invocation command line was

  CONFIG_FILES    = 
  CONFIG_HEADERS  = 
  CONFIG_LINKS    = 
  CONFIG_COMMANDS = 
  $ ./config.status 

on localhost.localdomain

config.status:695: creating Makefile
config.status:695: creating src/Makefile
config.status:878: executing depfiles commands

## ---------------- ##
## Cache variables. ##
## ---------------- ##

ac_cv_build=i686-pc-linux-gnu
ac_cv_build_alias=i686-pc-linux-gnu
ac_cv_c_bigendian=no
ac_cv_c_compiler_gnu=yes
ac_cv_env_CC_set=set
ac_cv_env_CC_value=/root/ATEN/source/OEM/STD_V317_LOGO/STD_X9_237_Security_X10/SDK/ToolChain/Host/HERMON/gcc-3.4.4-glibc-2.3.5-armv4/arm-linux/bin/arm-linux-gcc
ac_cv_env_CFLAGS_set=set
ac_cv_env_CFLAGS_value=
ac_cv_env_CPPFLAGS_set=
ac_cv_env_CPPFLAGS_value=
ac_cv_env_CPP_set=
ac_cv_env_CPP_value=
ac_cv_env_LDFLAGS_set=set
ac_cv_env_LDFLAGS_value=
ac_cv_env_build_alias_set=
ac_cv_env_build_alias_value=
ac_cv_env_host_alias_set=set
ac_cv_env_host_alias_value=arm-linux
ac_cv_env_target_alias_set=
ac_cv_env_target_alias_value=
ac_cv_exeext=
ac_cv_header_inttypes_h=yes
ac_cv_header_memory_h=yes
ac_cv_header_stdc=yes
ac_cv_header_stdint_h=yes
ac_cv_header_stdlib_h=yes
ac_cv_header_string_h=yes
ac_cv_header_strings_h=yes
ac_cv_header_sys_stat_h=yes
ac_cv_header_sys_types_h=yes
ac_cv_header_unistd_h=yes
ac_cv_host=arm-unknown-linux-gnu
ac_cv_host_alias=arm-linux
ac_cv_objext=o
ac_cv_path_install='/usr/bin/install -c'
ac_cv_prog_AWK=gawk
ac_cv_prog_CC=/root/ATEN/source/OEM/STD_V317_LOGO/STD_X9_237_Security_X10/SDK/ToolChain/Host/HERMON/gcc-3.4.4-glibc-2.3.5-armv4/arm-linux/bin/arm-linux-gcc
ac_cv_prog_CPP='/root/ATEN/source/OEM/STD_V317_LOGO/STD_X9_237_Security_X10/SDK/ToolChain/Host/HERMON/gcc-3.4.4-glibc-2.3.5-armv4/arm-linux/bin/arm-linux-gcc -E'
ac_cv_prog_RANLIB=/root/ATEN/source/OEM/STD_V317_LOGO/STD_X9_237_Security_X10/SDK/ToolChain/Host/HERMON/gcc-3.4.4-glibc-2.3.5-armv4/arm-linux/bin/arm-linux-ranlib
ac_cv_prog_STRIP=/root/ATEN/source/OEM/STD_V317_LOGO/STD_X9_237_Security_X10/SDK/ToolChain/Host/HERMON/gcc-3.4.4-glibc-2.3.5-armv4/arm-linux/bin/arm-linux-strip
ac_cv_prog_cc_g=yes
ac_cv_prog_cc_stdc=
ac_cv_prog_egrep='grep -E'
ac_cv_prog_make_make_set=yes
am_cv_CC_dependencies_compiler_type=none

## ----------------- ##
## Output variables. ##
## ----------------- ##

ACLOCAL='${SHELL} /root/ATEN/source/OEM/STD_V317_LOGO/STD_X9_237_Security_X10/SDK/LLDP/openlldp-0.3alpha/missing --run aclocal-1.6'
AMDEPBACKSLASH='\'
AMDEP_FALSE='#'
AMDEP_TRUE=''
AMTAR='${SHELL} /root/ATEN/source/OEM/STD_V317_LOGO/STD_X9_237_Security_X10/SDK/LLDP/openlldp-0.3alpha/missing --run tar'
AUTOCONF='${SHELL} /root/ATEN/source/OEM/STD_V317_LOGO/STD_X9_237_Security_X10/SDK/LLDP/openlldp-0.3alpha/missing --run autoconf'
AUTOHEADER='${SHELL} /root/ATEN/source/OEM/STD_V317_LOGO/STD_X9_237_Security_X10/SDK/LLDP/openlldp-0.3alpha/missing --run autoheader'
AUTOMAKE='${SHELL} /root/ATEN/source/OEM/STD_V317_LOGO/STD_X9_237_Security_X10/SDK/LLDP/openlldp-0.3alpha/missing --run automake-1.6'
AWK='gawk'
CC='/root/ATEN/source/OEM/STD_V317_LOGO/STD_X9_237_Security_X10/SDK/ToolChain/Host/HERMON/gcc-3.4.4-glibc-2.3.5-armv4/arm-linux/bin/arm-linux-gcc'
CCDEPMODE='depmode=none'
CFLAGS='  -Wall'
CORELIBS=''
CPP='/root/ATEN/source/OEM/STD_V317_LOGO/STD_X9_237_Security_X10/SDK/ToolChain/Host/HERMON/gcc-3.4.4-glibc-2.3.5-armv4/arm-linux/bin/arm-linux-gcc -E'
CPPFLAGS=''
DARWININCS=''
DARWINLIBS=''
DEFS='-DPACKAGE_NAME=\"\" -DPACKAGE_TARNAME=\"\" -DPACKAGE_VERSION=\"\" -DPACKAGE_STRING=\"\" -DPACKAGE_BUGREPORT=\"\" -DPACKAGE=\"lldpd\" -DVERSION=\"0.3\" -DSTDC_HEADERS=1 -DLILENDIAN=1 -DHAVE_SYS_TYPES_H=1 -DHAVE_SYS_STAT_H=1 -DHAVE_STDLIB_H=1 -DHAVE_STRING_H=1 -DHAVE_MEMORY_H=1 -DHAVE_STRINGS_H=1 -DHAVE_INTTYPES_H=1 -DHAVE_STDINT_H=1 -DHAVE_UNISTD_H=1 -DLINUX=1 -DLINUX_FRAMER=1 '
DEPDIR='.deps'
ECHO_C=''
ECHO_N='-n'
ECHO_T=''
EGREP='grep -E'
EXEEXT=''
INCS=''
INSTALL_DATA='${INSTALL} -m 644'
INSTALL_PROGRAM='${INSTALL}'
INSTALL_SCRIPT='${INSTALL}'
INSTALL_STRIP_PROGRAM='${SHELL} $(install_sh) -c -s'
LDFLAGS=''
LIBOBJS=''
LIBS=''
LTLIBOBJS=''
MAINT='#'
MAINTAINER_MODE_FALSE=''
MAINTAINER_MODE_TRUE='#'
MAKEINFO='${SHELL} /root/ATEN/source/OEM/STD_V317_LOGO/STD_X9_237_Security_X10/SDK/LLDP/openlldp-0.3alpha/missing --run makeinfo'
MOREDEFS=''
MORELIBS=' -lm'
OBJEXT='o'
PACKAGE='lldpd'
PACKAGE_BUGREPORT=''
PACKAGE_NAME=''
PACKAGE_STRING=''
PACKAGE_TARNAME=''
PACKAGE_VERSION=''
PATH_SEPARATOR=':'
PREFIX=''
RANLIB='/root/ATEN/source/OEM/STD_V317_LOGO/STD_X9_237_Security_X10/SDK/ToolChain/Host/HERMON/gcc-3.4.4-glibc-2.3.5-armv4/arm-linux/bin/arm-linux-ranlib'
SET_MAKE=''
SHELL='/bin/sh'
STRIP='/root/ATEN/source/OEM/STD_V317_LOGO/STD_X9_237_Security_X10/SDK/ToolChain/Host/HERMON/gcc-3.4.4-glibc-2.3.5-armv4/arm-linux/bin/arm-linux-strip'
VERSION='0.3'
ac_ct_CC=''
ac_ct_RANLIB=''
ac_ct_STRIP=''
am__include='include'
am__quote=''
bindir='${exec_prefix}/bin'
build='i686-pc-linux-gnu'
build_alias=''
build_cpu='i686'
build_os='linux-gnu'
build_vendor='pc'
datadir='${prefix}/share'
exec_prefix='${prefix}'
host='arm-unknown-linux-gnu'
host_alias='arm-linux'
host_cpu='arm'
host_os='linux-gnu'
host_vendor='unknown'
includedir='${prefix}/include'
infodir='${prefix}/info'
install_sh='/root/ATEN/source/OEM/STD_V317_LOGO/STD_X9_237_Security_X10/SDK/LLDP/openlldp-0.3alpha/install-sh'
libdir='${exec_prefix}/lib'
libexecdir='${exec_prefix}/libexec'
localstatedir='${prefix}/var'
mandir='${prefix}/man'
oldincludedir='/usr/include'
prefix='/usr/local'
program_transform_name='s,x,x,'
sbindir='${exec_prefix}/sbin'
sharedstatedir='${prefix}/com'
sysconfdir='${prefix}/etc'
target_alias=''

## ----------- ##
## confdefs.h. ##
## ----------- ##

#define HAVE_INTTYPES_H 1
#define HAVE_MEMORY_H 1
#define HAVE_STDINT_H 1
#define HAVE_STDLIB_H 1
#define HAVE_STRINGS_H 1
#define HAVE_STRING_H 1
#define HAVE_SYS_STAT_H 1
#define HAVE_SYS_TYPES_H 1
#define HAVE_UNISTD_H 1
#define LILENDIAN 1
#define LINUX 1
#define LINUX_FRAMER 1
#define PACKAGE "lldpd"
#define PACKAGE_BUGREPORT ""
#define PACKAGE_NAME ""
#define PACKAGE_STRING ""
#define PACKAGE_TARNAME ""
#define PACKAGE_VERSION ""
#define STDC_HEADERS 1
#define VERSION "0.3"

configure: exit 0
