This file contains any messages produced by compilers while
running configure, to aid debugging if configure makes a mistake.

It was created by MOF Compiler configure 0.8.2, which was
generated by GNU Autoconf 2.60.  Invocation command line was

  $ ./configure --prefix=/SFCB/local CFLAGS=-Os CPPFLAGS=-I/root/ATEN/source/OEM/STD_V317_LOGO/STD_X9_237_Security_X10/SDK/SFCB/zlib-1.2.3/zlib/include -I/root/ATEN/source/OEM/STD_V317_LOGO/STD_X9_237_Security_X10/SDK/SFCC/curl/local/include LDFLAGS=-L/root/ATEN/source/OEM/STD_V317_LOGO/STD_X9_237_Security_X10/SDK/SFCB/zlib-1.2.3/zlib/lib -L/root/ATEN/source/OEM/STD_V317_LOGO/STD_X9_237_Security_X10/SDK/SFCC/curl/local/lib --enable-local-connect-only CIMSCHEMA_SOURCE=/root/ATEN/source/OEM/STD_V317_LOGO/STD_X9_237_Security_X10/SDK/SFCB/cim_schema_2.19.1Final-MOFs-Full.zip --localstatedir=/root/ATEN/source/OEM/STD_V317_LOGO/STD_X9_237_Security_X10/SDK/SFCB/SFCB/local/var --datarootdir=/root/ATEN/source/OEM/STD_V317_LOGO/STD_X9_237_Security_X10/SDK/SFCB/SFCB/local/share CIMSCHEMA_MOF=cim_schema_2.19.1.mof CIMSCHEMA_SUBDIRS=true --host=arm-linux host_alias=arm-linux CC=/root/ATEN/source/OEM/STD_V317_LOGO/STD_X9_237_Security_X10/SDK/ToolChain/Host/HERMON/gcc-3.4.4-glibc-2.3.5-armv4/arm-linux/bin/arm-linux-gcc CXX=/root/ATEN/source/OEM/STD_V317_LOGO/STD_X9_237_Security_X10/SDK/ToolChain/Host/HERMON/gcc-3.4.4-glibc-2.3.5-armv4/arm-linux/bin/arm-linux-g++ CXXFLAGS=-DINT_VGA --cache-file=/dev/null --srcdir=.

## --------- ##
## Platform. ##
## --------- ##

hostname = localhost.localdomain
uname -m = i686
uname -r = 2.6.18-128.el5
uname -s = Linux
uname -v = #1 SMP Wed Jan 21 10:44:23 EST 2009

/usr/bin/uname -p = unknown
/bin/uname -X     = unknown

/bin/arch              = i686
/usr/bin/arch -k       = unknown
/usr/convex/getsysinfo = unknown
/usr/bin/hostinfo      = unknown
/bin/machine           = unknown
/usr/bin/oslevel       = unknown
/bin/universe          = unknown

PATH: /root/ATEN/source/OEM/STD_V317_LOGO/STD_X9_237_Security_X10/SDK/ToolChain/Host/HERMON/gcc-3.4.4-glibc-2.3.5-armv4/arm-linux/bin
PATH: /usr/kerberos/sbin
PATH: /usr/kerberos/bin
PATH: /usr/local/sbin
PATH: /usr/local/bin
PATH: /sbin
PATH: /bin
PATH: /usr/sbin
PATH: /usr/bin
PATH: /root/ATEN/tools/Linux-1.19/bin
PATH: /root/bin


## ----------- ##
## Core tests. ##
## ----------- ##

configure:1810: checking for a BSD-compatible install
configure:1866: result: /usr/bin/install -c
configure:1877: checking whether build environment is sane
configure:1920: result: yes
configure:1985: checking for gawk
configure:2001: found /bin/gawk
configure:2012: result: gawk
configure:2023: checking whether make sets $(MAKE)
configure:2044: result: yes
configure:2120: checking for arm-linux-strip
configure:2147: result: /root/ATEN/source/OEM/STD_V317_LOGO/STD_X9_237_Security_X10/SDK/ToolChain/Host/HERMON/gcc-3.4.4-glibc-2.3.5-armv4/arm-linux/bin/arm-linux-strip
configure:2235: checking build system type
configure:2253: result: i686-pc-linux-gnu
configure:2275: checking host system type
configure:2290: result: arm-unknown-linux-gnu
configure:2402: checking for arm-linux-gcc
configure:2429: result: /root/ATEN/source/OEM/STD_V317_LOGO/STD_X9_237_Security_X10/SDK/ToolChain/Host/HERMON/gcc-3.4.4-glibc-2.3.5-armv4/arm-linux/bin/arm-linux-gcc
configure:2707: checking for C compiler version
configure:2714: /root/ATEN/source/OEM/STD_V317_LOGO/STD_X9_237_Security_X10/SDK/ToolChain/Host/HERMON/gcc-3.4.4-glibc-2.3.5-armv4/arm-linux/bin/arm-linux-gcc --version >&5
arm-linux-gcc (GCC) 3.4.4
Copyright (C) 2004 Free Software Foundation, Inc.
This is free software; see the source for copying conditions.  There is NO
warranty; not even for MERCHANTABILITY or FITNESS FOR A PARTICULAR PURPOSE.

configure:2717: $? = 0
configure:2724: /root/ATEN/source/OEM/STD_V317_LOGO/STD_X9_237_Security_X10/SDK/ToolChain/Host/HERMON/gcc-3.4.4-glibc-2.3.5-armv4/arm-linux/bin/arm-linux-gcc -v >&5
Reading specs from /root/ATEN/source/OEM/STD_V317_LOGO/STD_X9_237_Security_X10/SDK/ToolChain/Host/HERMON/gcc-3.4.4-glibc-2.3.5-armv4/arm-linux/bin/../lib/gcc/arm-linux/3.4.4/specs
Configured with: /home/andylin/crosstool-0.38/build/arm-linux/gcc-3.4.4-glibc-2.3.5-armv4/gcc-3.4.4/configure --target=arm-linux --host=i686-host_pc-linux-gnu --prefix=/home/andylin/opt/crosstool/gcc-3.4.4-glibc-2.3.5-armv4/arm-linux --with-float=soft --with-arch=armv4 --with-cpu=arm9 --enable-cxx-flags=-mcpu=arm9 --with-tune=arm9 --with-headers=/home/andylin/opt/crosstool/gcc-3.4.4-glibc-2.3.5-armv4/arm-linux/arm-linux/include --with-local-prefix=/home/andylin/opt/crosstool/gcc-3.4.4-glibc-2.3.5-armv4/arm-linux/arm-linux --disable-nls --enable-threads=posix --enable-symvers=gnu --enable-__cxa_atexit --enable-languages=c,c++ --enable-shared --enable-c99 --enable-long-long
Thread model: posix
gcc version 3.4.4
configure:2727: $? = 0
configure:2734: /root/ATEN/source/OEM/STD_V317_LOGO/STD_X9_237_Security_X10/SDK/ToolChain/Host/HERMON/gcc-3.4.4-glibc-2.3.5-armv4/arm-linux/bin/arm-linux-gcc -V >&5
arm-linux-gcc: `-V' option must have argument
configure:2737: $? = 1
configure:2760: checking for C compiler default output file name
configure:2787: /root/ATEN/source/OEM/STD_V317_LOGO/STD_X9_237_Security_X10/SDK/ToolChain/Host/HERMON/gcc-3.4.4-glibc-2.3.5-armv4/arm-linux/bin/arm-linux-gcc -Os -I/root/ATEN/source/OEM/STD_V317_LOGO/STD_X9_237_Security_X10/SDK/SFCB/zlib-1.2.3/zlib/include -I/root/ATEN/source/OEM/STD_V317_LOGO/STD_X9_237_Security_X10/SDK/SFCC/curl/local/include -L/root/ATEN/source/OEM/STD_V317_LOGO/STD_X9_237_Security_X10/SDK/SFCB/zlib-1.2.3/zlib/lib -L/root/ATEN/source/OEM/STD_V317_LOGO/STD_X9_237_Security_X10/SDK/SFCC/curl/local/lib conftest.c -lcurl -ldl -lpthread  >&5
configure:2790: $? = 0
configure:2836: result: a.out
configure:2841: checking whether the C compiler works
configure:2851: ./a.out
./configure: line 2852: ./a.out: cannot execute binary file
configure:2854: $? = 126
configure:2871: result: yes
configure:2878: checking whether we are cross compiling
configure:2880: result: yes
configure:2883: checking for suffix of executables
configure:2890: /root/ATEN/source/OEM/STD_V317_LOGO/STD_X9_237_Security_X10/SDK/ToolChain/Host/HERMON/gcc-3.4.4-glibc-2.3.5-armv4/arm-linux/bin/arm-linux-gcc -o conftest -Os -I/root/ATEN/source/OEM/STD_V317_LOGO/STD_X9_237_Security_X10/SDK/SFCB/zlib-1.2.3/zlib/include -I/root/ATEN/source/OEM/STD_V317_LOGO/STD_X9_237_Security_X10/SDK/SFCC/curl/local/include -L/root/ATEN/source/OEM/STD_V317_LOGO/STD_X9_237_Security_X10/SDK/SFCB/zlib-1.2.3/zlib/lib -L/root/ATEN/source/OEM/STD_V317_LOGO/STD_X9_237_Security_X10/SDK/SFCC/curl/local/lib conftest.c -lcurl -ldl -lpthread  >&5
configure:2893: $? = 0
configure:2917: result: 
configure:2923: checking for suffix of object files
configure:2949: /root/ATEN/source/OEM/STD_V317_LOGO/STD_X9_237_Security_X10/SDK/ToolChain/Host/HERMON/gcc-3.4.4-glibc-2.3.5-armv4/arm-linux/bin/arm-linux-gcc -c -Os -I/root/ATEN/source/OEM/STD_V317_LOGO/STD_X9_237_Security_X10/SDK/SFCB/zlib-1.2.3/zlib/include -I/root/ATEN/source/OEM/STD_V317_LOGO/STD_X9_237_Security_X10/SDK/SFCC/curl/local/include conftest.c >&5
configure:2952: $? = 0
configure:2975: result: o
configure:2979: checking whether we are using the GNU C compiler
configure:3008: /root/ATEN/source/OEM/STD_V317_LOGO/STD_X9_237_Security_X10/SDK/ToolChain/Host/HERMON/gcc-3.4.4-glibc-2.3.5-armv4/arm-linux/bin/arm-linux-gcc -c -Os -I/root/ATEN/source/OEM/STD_V317_LOGO/STD_X9_237_Security_X10/SDK/SFCB/zlib-1.2.3/zlib/include -I/root/ATEN/source/OEM/STD_V317_LOGO/STD_X9_237_Security_X10/SDK/SFCC/curl/local/include conftest.c >&5
configure:3014: $? = 0
configure:3021: test -z "$ac_c_werror_flag" || test ! -s conftest.err
configure:3024: $? = 0
configure:3031: test -s conftest.o
configure:3034: $? = 0
configure:3048: result: yes
configure:3053: checking whether /root/ATEN/source/OEM/STD_V317_LOGO/STD_X9_237_Security_X10/SDK/ToolChain/Host/HERMON/gcc-3.4.4-glibc-2.3.5-armv4/arm-linux/bin/arm-linux-gcc accepts -g
configure:3083: /root/ATEN/source/OEM/STD_V317_LOGO/STD_X9_237_Security_X10/SDK/ToolChain/Host/HERMON/gcc-3.4.4-glibc-2.3.5-armv4/arm-linux/bin/arm-linux-gcc -c -g -I/root/ATEN/source/OEM/STD_V317_LOGO/STD_X9_237_Security_X10/SDK/SFCB/zlib-1.2.3/zlib/include -I/root/ATEN/source/OEM/STD_V317_LOGO/STD_X9_237_Security_X10/SDK/SFCC/curl/local/include conftest.c >&5
configure:3089: $? = 0
configure:3096: test -z "$ac_c_werror_flag" || test ! -s conftest.err
configure:3099: $? = 0
configure:3106: test -s conftest.o
configure:3109: $? = 0
configure:3239: result: yes
configure:3256: checking for /root/ATEN/source/OEM/STD_V317_LOGO/STD_X9_237_Security_X10/SDK/ToolChain/Host/HERMON/gcc-3.4.4-glibc-2.3.5-armv4/arm-linux/bin/arm-linux-gcc option to accept ISO C89
configure:3330: /root/ATEN/source/OEM/STD_V317_LOGO/STD_X9_237_Security_X10/SDK/ToolChain/Host/HERMON/gcc-3.4.4-glibc-2.3.5-armv4/arm-linux/bin/arm-linux-gcc  -c -Os -I/root/ATEN/source/OEM/STD_V317_LOGO/STD_X9_237_Security_X10/SDK/SFCB/zlib-1.2.3/zlib/include -I/root/ATEN/source/OEM/STD_V317_LOGO/STD_X9_237_Security_X10/SDK/SFCC/curl/local/include conftest.c >&5
configure:3336: $? = 0
configure:3343: test -z "$ac_c_werror_flag" || test ! -s conftest.err
configure:3346: $? = 0
configure:3353: test -s conftest.o
configure:3356: $? = 0
configure:3376: result: none needed
configure:3405: checking for style of include used by make
configure:3433: result: GNU
configure:3461: checking dependency style of /root/ATEN/source/OEM/STD_V317_LOGO/STD_X9_237_Security_X10/SDK/ToolChain/Host/HERMON/gcc-3.4.4-glibc-2.3.5-armv4/arm-linux/bin/arm-linux-gcc
configure:3551: result: gcc3
configure:3572: checking for bison
configure:3588: found /usr/bin/bison
configure:3599: result: bison -y
configure:3616: checking for flex
configure:3632: found /usr/bin/flex
configure:3643: result: flex
configure:3657: checking for yywrap in -lfl
configure:3692: /root/ATEN/source/OEM/STD_V317_LOGO/STD_X9_237_Security_X10/SDK/ToolChain/Host/HERMON/gcc-3.4.4-glibc-2.3.5-armv4/arm-linux/bin/arm-linux-gcc -o conftest -Os -I/root/ATEN/source/OEM/STD_V317_LOGO/STD_X9_237_Security_X10/SDK/SFCB/zlib-1.2.3/zlib/include -I/root/ATEN/source/OEM/STD_V317_LOGO/STD_X9_237_Security_X10/SDK/SFCC/curl/local/include -L/root/ATEN/source/OEM/STD_V317_LOGO/STD_X9_237_Security_X10/SDK/SFCB/zlib-1.2.3/zlib/lib -L/root/ATEN/source/OEM/STD_V317_LOGO/STD_X9_237_Security_X10/SDK/SFCC/curl/local/lib conftest.c -lfl  -lcurl -ldl -lpthread  >&5
/root/ATEN/source/OEM/STD_V317_LOGO/STD_X9_237_Security_X10/SDK/ToolChain/Host/HERMON/gcc-3.4.4-glibc-2.3.5-armv4/arm-linux/bin/../lib/gcc/arm-linux/3.4.4/../../../../arm-linux/bin/ld: cannot find -lfl
collect2: ld returned 1 exit status
configure:3698: $? = 1
configure: failed program was:
| /* confdefs.h.  */
| #define PACKAGE_NAME "MOF Compiler"
| #define PACKAGE_TARNAME "mofc"
| #define PACKAGE_VERSION "0.8.2"
| #define PACKAGE_STRING "MOF Compiler 0.8.2"
| #define PACKAGE_BUGREPORT "sblim-devel@lists.sourceforge.net"
| #define PACKAGE "mofc"
| #define VERSION "0.8.2"
| #define BACKEND_INFO "SFCB Backend"
| /* end confdefs.h.  */
| 
| /* Override any GCC internal prototype to avoid an error.
|    Use char because int might match the return type of a GCC
|    builtin and then its argument prototype would still apply.  */
| #ifdef __cplusplus
| extern "C"
| #endif
| char yywrap ();
| int
| main ()
| {
| return yywrap ();
|   ;
|   return 0;
| }
configure:3732: result: no
configure:3737: checking for yywrap in -ll
configure:3772: /root/ATEN/source/OEM/STD_V317_LOGO/STD_X9_237_Security_X10/SDK/ToolChain/Host/HERMON/gcc-3.4.4-glibc-2.3.5-armv4/arm-linux/bin/arm-linux-gcc -o conftest -Os -I/root/ATEN/source/OEM/STD_V317_LOGO/STD_X9_237_Security_X10/SDK/SFCB/zlib-1.2.3/zlib/include -I/root/ATEN/source/OEM/STD_V317_LOGO/STD_X9_237_Security_X10/SDK/SFCC/curl/local/include -L/root/ATEN/source/OEM/STD_V317_LOGO/STD_X9_237_Security_X10/SDK/SFCB/zlib-1.2.3/zlib/lib -L/root/ATEN/source/OEM/STD_V317_LOGO/STD_X9_237_Security_X10/SDK/SFCC/curl/local/lib conftest.c -ll  -lcurl -ldl -lpthread  >&5
/root/ATEN/source/OEM/STD_V317_LOGO/STD_X9_237_Security_X10/SDK/ToolChain/Host/HERMON/gcc-3.4.4-glibc-2.3.5-armv4/arm-linux/bin/../lib/gcc/arm-linux/3.4.4/../../../../arm-linux/bin/ld: cannot find -ll
collect2: ld returned 1 exit status
configure:3778: $? = 1
configure: failed program was:
| /* confdefs.h.  */
| #define PACKAGE_NAME "MOF Compiler"
| #define PACKAGE_TARNAME "mofc"
| #define PACKAGE_VERSION "0.8.2"
| #define PACKAGE_STRING "MOF Compiler 0.8.2"
| #define PACKAGE_BUGREPORT "sblim-devel@lists.sourceforge.net"
| #define PACKAGE "mofc"
| #define VERSION "0.8.2"
| #define BACKEND_INFO "SFCB Backend"
| /* end confdefs.h.  */
| 
| /* Override any GCC internal prototype to avoid an error.
|    Use char because int might match the return type of a GCC
|    builtin and then its argument prototype would still apply.  */
| #ifdef __cplusplus
| extern "C"
| #endif
| char yywrap ();
| int
| main ()
| {
| return yywrap ();
|   ;
|   return 0;
| }
configure:3812: result: no
configure:3823: checking lex output file root
configure:3839: flex conftest.l
configure:3842: $? = 0
configure:3854: result: lex.yy
configure:3859: checking whether yytext is a pointer
configure:3880: /root/ATEN/source/OEM/STD_V317_LOGO/STD_X9_237_Security_X10/SDK/ToolChain/Host/HERMON/gcc-3.4.4-glibc-2.3.5-armv4/arm-linux/bin/arm-linux-gcc -o conftest -Os -I/root/ATEN/source/OEM/STD_V317_LOGO/STD_X9_237_Security_X10/SDK/SFCB/zlib-1.2.3/zlib/include -I/root/ATEN/source/OEM/STD_V317_LOGO/STD_X9_237_Security_X10/SDK/SFCC/curl/local/include -L/root/ATEN/source/OEM/STD_V317_LOGO/STD_X9_237_Security_X10/SDK/SFCB/zlib-1.2.3/zlib/lib -L/root/ATEN/source/OEM/STD_V317_LOGO/STD_X9_237_Security_X10/SDK/SFCC/curl/local/lib conftest.c -lcurl -ldl -lpthread   >&5
/root/ATEN/source/OEM/STD_V317_LOGO/STD_X9_237_Security_X10/SDK/ToolChain/Host/HERMON/gcc-3.4.4-glibc-2.3.5-armv4/arm-linux/bin/../lib/gcc/arm-linux/3.4.4/../../../../arm-linux/lib/crt1.o: In function `_start':
init.c:(.text+0x30): undefined reference to `main'
/tmp/ccSZLCg7.o: In function `yylex':
conftest.c:(.text+0xa80): undefined reference to `yywrap'
collect2: ld returned 1 exit status
configure:3886: $? = 1
configure: failed program was:
| /* A lexical scanner generated by flex*/
| 
| /* Scanner skeleton version:
|  * $Header: /home/daffy/u0/vern/flex/RCS/flex.skl,v 2.91 96/09/10 16:58:48 vern Exp $
|  */
| 
| #define FLEX_SCANNER
| #define YY_FLEX_MAJOR_VERSION 2
| #define YY_FLEX_MINOR_VERSION 5
| 
| #include <stdio.h>
| #include <unistd.h>
| 
| 
| /* cfront 1.2 defines "c_plusplus" instead of "__cplusplus" */
| #ifdef c_plusplus
| #ifndef __cplusplus
| #define __cplusplus
| #endif
| #endif
| 
| 
| #ifdef __cplusplus
| 
| #include <stdlib.h>
| 
| /* Use prototypes in function declarations. */
| #define YY_USE_PROTOS
| 
| /* The "const" storage-class-modifier is valid. */
| #define YY_USE_CONST
| 
| #else	/* ! __cplusplus */
| 
| #if __STDC__
| 
| #define YY_USE_PROTOS
| #define YY_USE_CONST
| 
| #endif	/* __STDC__ */
| #endif	/* ! __cplusplus */
| 
| #ifdef __TURBOC__
|  #pragma warn -rch
|  #pragma warn -use
| #include <io.h>
| #include <stdlib.h>
| #define YY_USE_CONST
| #define YY_USE_PROTOS
| #endif
| 
| #ifdef YY_USE_CONST
| #define yyconst const
| #else
| #define yyconst
| #endif
| 
| 
| #ifdef YY_USE_PROTOS
| #define YY_PROTO(proto) proto
| #else
| #define YY_PROTO(proto) ()
| #endif
| 
| /* Returned upon end-of-file. */
| #define YY_NULL 0
| 
| /* Promotes a possibly negative, possibly signed char to an unsigned
|  * integer for use as an array index.  If the signed char is negative,
|  * we want to instead treat it as an 8-bit unsigned char, hence the
|  * double cast.
|  */
| #define YY_SC_TO_UI(c) ((unsigned int) (unsigned char) c)
| 
| /* Enter a start condition.  This macro really ought to take a parameter,
|  * but we do it the disgusting crufty way forced on us by the ()-less
|  * definition of BEGIN.
|  */
| #define BEGIN yy_start = 1 + 2 *
| 
| /* Translate the current start state into a value that can be later handed
|  * to BEGIN to return to the state.  The YYSTATE alias is for lex
|  * compatibility.
|  */
| #define YY_START ((yy_start - 1) / 2)
| #define YYSTATE YY_START
| 
| /* Action number for EOF rule of a given start state. */
| #define YY_STATE_EOF(state) (YY_END_OF_BUFFER + state + 1)
| 
| /* Special action meaning "start processing a new file". */
| #define YY_NEW_FILE yyrestart( yyin )
| 
| #define YY_END_OF_BUFFER_CHAR 0
| 
| /* Size of default input buffer. */
| #define YY_BUF_SIZE 16384
| 
| typedef struct yy_buffer_state *YY_BUFFER_STATE;
| 
| extern int yyleng;
| extern FILE *yyin, *yyout;
| 
| #define EOB_ACT_CONTINUE_SCAN 0
| #define EOB_ACT_END_OF_FILE 1
| #define EOB_ACT_LAST_MATCH 2
| 
| /* The funky do-while in the following #define is used to turn the definition
|  * int a single C statement (which needs a semi-colon terminator).  This
|  * avoids problems with code like:
|  *
|  * 	if ( condition_holds )
|  *		yyless( 5 );
|  *	else
|  *		do_something_else();
|  *
|  * Prior to using the do-while the compiler would get upset at the
|  * "else" because it interpreted the "if" statement as being all
|  * done when it reached the ';' after the yyless() call.
|  */
| 
| /* Return all but the first 'n' matched characters back to the input stream. */
| 
| #define yyless(n) \
| 	do \
| 		{ \
| 		/* Undo effects of setting up yytext. */ \
| 		*yy_cp = yy_hold_char; \
| 		YY_RESTORE_YY_MORE_OFFSET \
| 		yy_c_buf_p = yy_cp = yy_bp + n - YY_MORE_ADJ; \
| 		YY_DO_BEFORE_ACTION; /* set up yytext again */ \
| 		} \
| 	while ( 0 )
| 
| #define unput(c) yyunput( c, yytext_ptr )
| 
| /* Some routines like yy_flex_realloc() are emitted as static but are
|    not called by all lexers. This generates warnings in some compilers,
|    notably GCC. Arrange to suppress these. */
| #ifdef __GNUC__
| #define YY_MAY_BE_UNUSED __attribute__((unused))
| #else
| #define YY_MAY_BE_UNUSED
| #endif
| 
| /* The following is because we cannot portably get our hands on size_t
|  * (without autoconf's help, which isn't available because we want
|  * flex-generated scanners to compile on their own).
|  */
| typedef unsigned int yy_size_t;
| 
| 
| struct yy_buffer_state
| 	{
| 	FILE *yy_input_file;
| 
| 	char *yy_ch_buf;		/* input buffer */
| 	char *yy_buf_pos;		/* current position in input buffer */
| 
| 	/* Size of input buffer in bytes, not including room for EOB
| 	 * characters.
| 	 */
| 	yy_size_t yy_buf_size;
| 
| 	/* Number of characters read into yy_ch_buf, not including EOB
| 	 * characters.
| 	 */
| 	int yy_n_chars;
| 
| 	/* Whether we "own" the buffer - i.e., we know we created it,
| 	 * and can realloc() it to grow it, and should free() it to
| 	 * delete it.
| 	 */
| 	int yy_is_our_buffer;
| 
| 	/* Whether this is an "interactive" input source; if so, and
| 	 * if we're using stdio for input, then we want to use getc()
| 	 * instead of fread(), to make sure we stop fetching input after
| 	 * each newline.
| 	 */
| 	int yy_is_interactive;
| 
| 	/* Whether we're considered to be at the beginning of a line.
| 	 * If so, '^' rules will be active on the next match, otherwise
| 	 * not.
| 	 */
| 	int yy_at_bol;
| 
| 	/* Whether to try to fill the input buffer when we reach the
| 	 * end of it.
| 	 */
| 	int yy_fill_buffer;
| 
| 	int yy_buffer_status;
| #define YY_BUFFER_NEW 0
| #define YY_BUFFER_NORMAL 1
| 	/* When an EOF's been seen but there's still some text to process
| 	 * then we mark the buffer as YY_EOF_PENDING, to indicate that we
| 	 * shouldn't try reading from the input source any more.  We might
| 	 * still have a bunch of tokens to match, though, because of
| 	 * possible backing-up.
| 	 *
| 	 * When we actually see the EOF, we change the status to "new"
| 	 * (via yyrestart()), so that the user can continue scanning by
| 	 * just pointing yyin at a new input file.
| 	 */
| #define YY_BUFFER_EOF_PENDING 2
| 	};
| 
| static YY_BUFFER_STATE yy_current_buffer = 0;
| 
| /* We provide macros for accessing buffer states in case in the
|  * future we want to put the buffer states in a more general
|  * "scanner state".
|  */
| #define YY_CURRENT_BUFFER yy_current_buffer
| 
| 
| /* yy_hold_char holds the character lost when yytext is formed. */
| static char yy_hold_char;
| 
| static int yy_n_chars;		/* number of characters read into yy_ch_buf */
| 
| 
| int yyleng;
| 
| /* Points to current character in buffer. */
| static char *yy_c_buf_p = (char *) 0;
| static int yy_init = 1;		/* whether we need to initialize */
| static int yy_start = 0;	/* start state number */
| 
| /* Flag which is used to allow yywrap()'s to do buffer switches
|  * instead of setting up a fresh yyin.  A bit of a hack ...
|  */
| static int yy_did_buffer_switch_on_eof;
| 
| void yyrestart YY_PROTO(( FILE *input_file ));
| 
| void yy_switch_to_buffer YY_PROTO(( YY_BUFFER_STATE new_buffer ));
| void yy_load_buffer_state YY_PROTO(( void ));
| YY_BUFFER_STATE yy_create_buffer YY_PROTO(( FILE *file, int size ));
| void yy_delete_buffer YY_PROTO(( YY_BUFFER_STATE b ));
| void yy_init_buffer YY_PROTO(( YY_BUFFER_STATE b, FILE *file ));
| void yy_flush_buffer YY_PROTO(( YY_BUFFER_STATE b ));
| #define YY_FLUSH_BUFFER yy_flush_buffer( yy_current_buffer )
| 
| YY_BUFFER_STATE yy_scan_buffer YY_PROTO(( char *base, yy_size_t size ));
| YY_BUFFER_STATE yy_scan_string YY_PROTO(( yyconst char *yy_str ));
| YY_BUFFER_STATE yy_scan_bytes YY_PROTO(( yyconst char *bytes, int len ));
| 
| static void *yy_flex_alloc YY_PROTO(( yy_size_t ));
| static void *yy_flex_realloc YY_PROTO(( void *, yy_size_t )) YY_MAY_BE_UNUSED;
| static void yy_flex_free YY_PROTO(( void * ));
| 
| #define yy_new_buffer yy_create_buffer
| 
| #define yy_set_interactive(is_interactive) \
| 	{ \
| 	if ( ! yy_current_buffer ) \
| 		yy_current_buffer = yy_create_buffer( yyin, YY_BUF_SIZE ); \
| 	yy_current_buffer->yy_is_interactive = is_interactive; \
| 	}
| 
| #define yy_set_bol(at_bol) \
| 	{ \
| 	if ( ! yy_current_buffer ) \
| 		yy_current_buffer = yy_create_buffer( yyin, YY_BUF_SIZE ); \
| 	yy_current_buffer->yy_at_bol = at_bol; \
| 	}
| 
| #define YY_AT_BOL() (yy_current_buffer->yy_at_bol)
| 
| typedef unsigned char YY_CHAR;
| FILE *yyin = (FILE *) 0, *yyout = (FILE *) 0;
| typedef int yy_state_type;
| extern char *yytext;
| #define yytext_ptr yytext
| 
| static yy_state_type yy_get_previous_state YY_PROTO(( void ));
| static yy_state_type yy_try_NUL_trans YY_PROTO(( yy_state_type current_state ));
| static int yy_get_next_buffer YY_PROTO(( void ));
| static void yy_fatal_error YY_PROTO(( yyconst char msg[] ));
| 
| /* Done after the current pattern has been matched and before the
|  * corresponding action - sets up yytext.
|  */
| #define YY_DO_BEFORE_ACTION \
| 	yytext_ptr = yy_bp; \
| 	yyleng = (int) (yy_cp - yy_bp); \
| 	yy_hold_char = *yy_cp; \
| 	*yy_cp = '\0'; \
| 	yy_c_buf_p = yy_cp;
| 
| #define YY_NUM_RULES 1
| #define YY_END_OF_BUFFER 2
| static yyconst short int yy_accept[6] =
|     {   0,
|         0,    0,    2,    1,    0
|     } ;
| 
| static yyconst int yy_ec[256] =
|     {   0,
|         1,    1,    1,    1,    1,    1,    1,    1,    1,    1,
|         1,    1,    1,    1,    1,    1,    1,    1,    1,    1,
|         1,    1,    1,    1,    1,    1,    1,    1,    1,    1,
|         1,    1,    1,    1,    1,    1,    1,    1,    1,    1,
|         1,    1,    1,    1,    1,    1,    1,    1,    1,    1,
|         1,    1,    1,    1,    1,    1,    1,    1,    1,    1,
|         1,    1,    1,    1,    1,    1,    1,    1,    1,    1,
|         1,    1,    1,    1,    1,    1,    1,    1,    1,    1,
|         1,    1,    1,    1,    1,    1,    1,    1,    1,    1,
|         1,    1,    1,    1,    1,    1,    1,    1,    1,    1,
| 
|         1,    1,    1,    1,    1,    1,    1,    1,    1,    1,
|         1,    1,    1,    1,    1,    1,    1,    1,    1,    1,
|         1,    1,    1,    1,    1,    1,    1,    1,    1,    1,
|         1,    1,    1,    1,    1,    1,    1,    1,    1,    1,
|         1,    1,    1,    1,    1,    1,    1,    1,    1,    1,
|         1,    1,    1,    1,    1,    1,    1,    1,    1,    1,
|         1,    1,    1,    1,    1,    1,    1,    1,    1,    1,
|         1,    1,    1,    1,    1,    1,    1,    1,    1,    1,
|         1,    1,    1,    1,    1,    1,    1,    1,    1,    1,
|         1,    1,    1,    1,    1,    1,    1,    1,    1,    1,
| 
|         1,    1,    1,    1,    1,    1,    1,    1,    1,    1,
|         1,    1,    1,    1,    1,    1,    1,    1,    1,    1,
|         1,    1,    1,    1,    1,    1,    1,    1,    1,    1,
|         1,    1,    1,    1,    1,    1,    1,    1,    1,    1,
|         1,    1,    1,    1,    1,    1,    1,    1,    1,    1,
|         1,    1,    1,    1,    1
|     } ;
| 
| static yyconst int yy_meta[2] =
|     {   0,
|         1
|     } ;
| 
| static yyconst short int yy_base[7] =
|     {   0,
|         0,    0,    2,    3,    3,    0
|     } ;
| 
| static yyconst short int yy_def[7] =
|     {   0,
|         6,    6,    5,    5,    0,    5
|     } ;
| 
| static yyconst short int yy_nxt[5] =
|     {   0,
|         4,    5,    3,    5
|     } ;
| 
| static yyconst short int yy_chk[5] =
|     {   0,
|         6,    3,    5,    5
|     } ;
| 
| static yy_state_type yy_last_accepting_state;
| static char *yy_last_accepting_cpos;
| 
| /* The intent behind this definition is that it'll catch
|  * any uses of REJECT which flex missed.
|  */
| #define REJECT reject_used_but_not_detected
| #define yymore() yymore_used_but_not_detected
| #define YY_MORE_ADJ 0
| #define YY_RESTORE_YY_MORE_OFFSET
| char *yytext;
| #line 1 "conftest.l"
| #define INITIAL 0
| #line 372 "lex.yy.c"
| 
| /* Macros after this point can all be overridden by user definitions in
|  * section 1.
|  */
| 
| #ifndef YY_SKIP_YYWRAP
| #ifdef __cplusplus
| extern "C" int yywrap YY_PROTO(( void ));
| #else
| extern int yywrap YY_PROTO(( void ));
| #endif
| #endif
| 
| #ifndef YY_NO_UNPUT
| static void yyunput YY_PROTO(( int c, char *buf_ptr ));
| #endif
| 
| #ifndef yytext_ptr
| static void yy_flex_strncpy YY_PROTO(( char *, yyconst char *, int ));
| #endif
| 
| #ifdef YY_NEED_STRLEN
| static int yy_flex_strlen YY_PROTO(( yyconst char * ));
| #endif
| 
| #ifndef YY_NO_INPUT
| #ifdef __cplusplus
| static int yyinput YY_PROTO(( void ));
| #else
| static int input YY_PROTO(( void ));
| #endif
| #endif
| 
| #if YY_STACK_USED
| static int yy_start_stack_ptr = 0;
| static int yy_start_stack_depth = 0;
| static int *yy_start_stack = 0;
| #ifndef YY_NO_PUSH_STATE
| static void yy_push_state YY_PROTO(( int new_state ));
| #endif
| #ifndef YY_NO_POP_STATE
| static void yy_pop_state YY_PROTO(( void ));
| #endif
| #ifndef YY_NO_TOP_STATE
| static int yy_top_state YY_PROTO(( void ));
| #endif
| 
| #else
| #define YY_NO_PUSH_STATE 1
| #define YY_NO_POP_STATE 1
| #define YY_NO_TOP_STATE 1
| #endif
| 
| #ifdef YY_MALLOC_DECL
| YY_MALLOC_DECL
| #else
| #if __STDC__
| #ifndef __cplusplus
| #include <stdlib.h>
| #endif
| #else
| /* Just try to get by without declaring the routines.  This will fail
|  * miserably on non-ANSI systems for which sizeof(size_t) != sizeof(int)
|  * or sizeof(void*) != sizeof(int).
|  */
| #endif
| #endif
| 
| /* Amount of stuff to slurp up with each read. */
| #ifndef YY_READ_BUF_SIZE
| #define YY_READ_BUF_SIZE 8192
| #endif
| 
| /* Copy whatever the last rule matched to the standard output. */
| 
| #ifndef ECHO
| /* This used to be an fputs(), but since the string might contain NUL's,
|  * we now use fwrite().
|  */
| #define ECHO (void) fwrite( yytext, yyleng, 1, yyout )
| #endif
| 
| /* Gets input and stuffs it into "buf".  number of characters read, or YY_NULL,
|  * is returned in "result".
|  */
| #ifndef YY_INPUT
| #define YY_INPUT(buf,result,max_size) \
| 	if ( yy_current_buffer->yy_is_interactive ) \
| 		{ \
| 		int c = '*', n; \
| 		for ( n = 0; n < max_size && \
| 			     (c = getc( yyin )) != EOF && c != '\n'; ++n ) \
| 			buf[n] = (char) c; \
| 		if ( c == '\n' ) \
| 			buf[n++] = (char) c; \
| 		if ( c == EOF && ferror( yyin ) ) \
| 			YY_FATAL_ERROR( "input in flex scanner failed" ); \
| 		result = n; \
| 		} \
| 	else if ( ((result = fread( buf, 1, max_size, yyin )) == 0) \
| 		  && ferror( yyin ) ) \
| 		YY_FATAL_ERROR( "input in flex scanner failed" );
| #endif
| 
| /* No semi-colon after return; correct usage is to write "yyterminate();" -
|  * we don't want an extra ';' after the "return" because that will cause
|  * some compilers to complain about unreachable statements.
|  */
| #ifndef yyterminate
| #define yyterminate() return YY_NULL
| #endif
| 
| /* Number of entries by which start-condition stack grows. */
| #ifndef YY_START_STACK_INCR
| #define YY_START_STACK_INCR 25
| #endif
| 
| /* Report a fatal error. */
| #ifndef YY_FATAL_ERROR
| #define YY_FATAL_ERROR(msg) yy_fatal_error( msg )
| #endif
| 
| /* Default declaration of generated scanner - a define so the user can
|  * easily add parameters.
|  */
| #ifndef YY_DECL
| #define YY_DECL int yylex YY_PROTO(( void ))
| #endif
| 
| /* Code executed at the beginning of each rule, after yytext and yyleng
|  * have been set up.
|  */
| #ifndef YY_USER_ACTION
| #define YY_USER_ACTION
| #endif
| 
| /* Code executed at the end of each rule. */
| #ifndef YY_BREAK
| #define YY_BREAK break;
| #endif
| 
| #define YY_RULE_SETUP \
| 	YY_USER_ACTION
| 
| YY_DECL
| 	{
| 	register yy_state_type yy_current_state;
| 	register char *yy_cp = NULL, *yy_bp = NULL;
| 	register int yy_act;
| 
| #line 1 "conftest.l"
| 
| #line 525 "lex.yy.c"
| 
| 	if ( yy_init )
| 		{
| 		yy_init = 0;
| 
| #ifdef YY_USER_INIT
| 		YY_USER_INIT;
| #endif
| 
| 		if ( ! yy_start )
| 			yy_start = 1;	/* first start state */
| 
| 		if ( ! yyin )
| 			yyin = stdin;
| 
| 		if ( ! yyout )
| 			yyout = stdout;
| 
| 		if ( ! yy_current_buffer )
| 			yy_current_buffer =
| 				yy_create_buffer( yyin, YY_BUF_SIZE );
| 
| 		yy_load_buffer_state();
| 		}
| 
| 	while ( 1 )		/* loops until end-of-file is reached */
| 		{
| 		yy_cp = yy_c_buf_p;
| 
| 		/* Support of yytext. */
| 		*yy_cp = yy_hold_char;
| 
| 		/* yy_bp points to the position in yy_ch_buf of the start of
| 		 * the current run.
| 		 */
| 		yy_bp = yy_cp;
| 
| 		yy_current_state = yy_start;
| yy_match:
| 		do
| 			{
| 			register YY_CHAR yy_c = yy_ec[YY_SC_TO_UI(*yy_cp)];
| 			if ( yy_accept[yy_current_state] )
| 				{
| 				yy_last_accepting_state = yy_current_state;
| 				yy_last_accepting_cpos = yy_cp;
| 				}
| 			while ( yy_chk[yy_base[yy_current_state] + yy_c] != yy_current_state )
| 				{
| 				yy_current_state = (int) yy_def[yy_current_state];
| 				if ( yy_current_state >= 6 )
| 					yy_c = yy_meta[(unsigned int) yy_c];
| 				}
| 			yy_current_state = yy_nxt[yy_base[yy_current_state] + (unsigned int) yy_c];
| 			++yy_cp;
| 			}
| 		while ( yy_base[yy_current_state] != 3 );
| 
| yy_find_action:
| 		yy_act = yy_accept[yy_current_state];
| 		if ( yy_act == 0 )
| 			{ /* have to back up */
| 			yy_cp = yy_last_accepting_cpos;
| 			yy_current_state = yy_last_accepting_state;
| 			yy_act = yy_accept[yy_current_state];
| 			}
| 
| 		YY_DO_BEFORE_ACTION;
| 
| 
| do_action:	/* This label is used only to access EOF actions. */
| 
| 
| 		switch ( yy_act )
| 	{ /* beginning of action switch */
| 			case 0: /* must back up */
| 			/* undo the effects of YY_DO_BEFORE_ACTION */
| 			*yy_cp = yy_hold_char;
| 			yy_cp = yy_last_accepting_cpos;
| 			yy_current_state = yy_last_accepting_state;
| 			goto yy_find_action;
| 
| case 1:
| YY_RULE_SETUP
| #line 2 "conftest.l"
| ECHO;
| 	YY_BREAK
| #line 613 "lex.yy.c"
| case YY_STATE_EOF(INITIAL):
| 	yyterminate();
| 
| 	case YY_END_OF_BUFFER:
| 		{
| 		/* Amount of text matched not including the EOB char. */
| 		int yy_amount_of_matched_text = (int) (yy_cp - yytext_ptr) - 1;
| 
| 		/* Undo the effects of YY_DO_BEFORE_ACTION. */
| 		*yy_cp = yy_hold_char;
| 		YY_RESTORE_YY_MORE_OFFSET
| 
| 		if ( yy_current_buffer->yy_buffer_status == YY_BUFFER_NEW )
| 			{
| 			/* We're scanning a new file or input source.  It's
| 			 * possible that this happened because the user
| 			 * just pointed yyin at a new source and called
| 			 * yylex().  If so, then we have to assure
| 			 * consistency between yy_current_buffer and our
| 			 * globals.  Here is the right place to do so, because
| 			 * this is the first action (other than possibly a
| 			 * back-up) that will match for the new input source.
| 			 */
| 			yy_n_chars = yy_current_buffer->yy_n_chars;
| 			yy_current_buffer->yy_input_file = yyin;
| 			yy_current_buffer->yy_buffer_status = YY_BUFFER_NORMAL;
| 			}
| 
| 		/* Note that here we test for yy_c_buf_p "<=" to the position
| 		 * of the first EOB in the buffer, since yy_c_buf_p will
| 		 * already have been incremented past the NUL character
| 		 * (since all states make transitions on EOB to the
| 		 * end-of-buffer state).  Contrast this with the test
| 		 * in input().
| 		 */
| 		if ( yy_c_buf_p <= &yy_current_buffer->yy_ch_buf[yy_n_chars] )
| 			{ /* This was really a NUL. */
| 			yy_state_type yy_next_state;
| 
| 			yy_c_buf_p = yytext_ptr + yy_amount_of_matched_text;
| 
| 			yy_current_state = yy_get_previous_state();
| 
| 			/* Okay, we're now positioned to make the NUL
| 			 * transition.  We couldn't have
| 			 * yy_get_previous_state() go ahead and do it
| 			 * for us because it doesn't know how to deal
| 			 * with the possibility of jamming (and we don't
| 			 * want to build jamming into it because then it
| 			 * will run more slowly).
| 			 */
| 
| 			yy_next_state = yy_try_NUL_trans( yy_current_state );
| 
| 			yy_bp = yytext_ptr + YY_MORE_ADJ;
| 
| 			if ( yy_next_state )
| 				{
| 				/* Consume the NUL. */
| 				yy_cp = ++yy_c_buf_p;
| 				yy_current_state = yy_next_state;
| 				goto yy_match;
| 				}
| 
| 			else
| 				{
| 				yy_cp = yy_c_buf_p;
| 				goto yy_find_action;
| 				}
| 			}
| 
| 		else switch ( yy_get_next_buffer() )
| 			{
| 			case EOB_ACT_END_OF_FILE:
| 				{
| 				yy_did_buffer_switch_on_eof = 0;
| 
| 				if ( yywrap() )
| 					{
| 					/* Note: because we've taken care in
| 					 * yy_get_next_buffer() to have set up
| 					 * yytext, we can now set up
| 					 * yy_c_buf_p so that if some total
| 					 * hoser (like flex itself) wants to
| 					 * call the scanner after we return the
| 					 * YY_NULL, it'll still work - another
| 					 * YY_NULL will get returned.
| 					 */
| 					yy_c_buf_p = yytext_ptr + YY_MORE_ADJ;
| 
| 					yy_act = YY_STATE_EOF(YY_START);
| 					goto do_action;
| 					}
| 
| 				else
| 					{
| 					if ( ! yy_did_buffer_switch_on_eof )
| 						YY_NEW_FILE;
| 					}
| 				break;
| 				}
| 
| 			case EOB_ACT_CONTINUE_SCAN:
| 				yy_c_buf_p =
| 					yytext_ptr + yy_amount_of_matched_text;
| 
| 				yy_current_state = yy_get_previous_state();
| 
| 				yy_cp = yy_c_buf_p;
| 				yy_bp = yytext_ptr + YY_MORE_ADJ;
| 				goto yy_match;
| 
| 			case EOB_ACT_LAST_MATCH:
| 				yy_c_buf_p =
| 				&yy_current_buffer->yy_ch_buf[yy_n_chars];
| 
| 				yy_current_state = yy_get_previous_state();
| 
| 				yy_cp = yy_c_buf_p;
| 				yy_bp = yytext_ptr + YY_MORE_ADJ;
| 				goto yy_find_action;
| 			}
| 		break;
| 		}
| 
| 	default:
| 		YY_FATAL_ERROR(
| 			"fatal flex scanner internal error--no action found" );
| 	} /* end of action switch */
| 		} /* end of scanning one token */
| 	} /* end of yylex */
| 
| 
| /* yy_get_next_buffer - try to read in a new buffer
|  *
|  * Returns a code representing an action:
|  *	EOB_ACT_LAST_MATCH -
|  *	EOB_ACT_CONTINUE_SCAN - continue scanning from current position
|  *	EOB_ACT_END_OF_FILE - end of file
|  */
| 
| static int yy_get_next_buffer()
| 	{
| 	register char *dest = yy_current_buffer->yy_ch_buf;
| 	register char *source = yytext_ptr;
| 	register int number_to_move, i;
| 	int ret_val;
| 
| 	if ( yy_c_buf_p > &yy_current_buffer->yy_ch_buf[yy_n_chars + 1] )
| 		YY_FATAL_ERROR(
| 		"fatal flex scanner internal error--end of buffer missed" );
| 
| 	if ( yy_current_buffer->yy_fill_buffer == 0 )
| 		{ /* Don't try to fill the buffer, so this is an EOF. */
| 		if ( yy_c_buf_p - yytext_ptr - YY_MORE_ADJ == 1 )
| 			{
| 			/* We matched a single character, the EOB, so
| 			 * treat this as a final EOF.
| 			 */
| 			return EOB_ACT_END_OF_FILE;
| 			}
| 
| 		else
| 			{
| 			/* We matched some text prior to the EOB, first
| 			 * process it.
| 			 */
| 			return EOB_ACT_LAST_MATCH;
| 			}
| 		}
| 
| 	/* Try to read more data. */
| 
| 	/* First move last chars to start of buffer. */
| 	number_to_move = (int) (yy_c_buf_p - yytext_ptr) - 1;
| 
| 	for ( i = 0; i < number_to_move; ++i )
| 		*(dest++) = *(source++);
| 
| 	if ( yy_current_buffer->yy_buffer_status == YY_BUFFER_EOF_PENDING )
| 		/* don't do the read, it's not guaranteed to return an EOF,
| 		 * just force an EOF
| 		 */
| 		yy_current_buffer->yy_n_chars = yy_n_chars = 0;
| 
| 	else
| 		{
| 		int num_to_read =
| 			yy_current_buffer->yy_buf_size - number_to_move - 1;
| 
| 		while ( num_to_read <= 0 )
| 			{ /* Not enough room in the buffer - grow it. */
| #ifdef YY_USES_REJECT
| 			YY_FATAL_ERROR(
| "input buffer overflow, can't enlarge buffer because scanner uses REJECT" );
| #else
| 
| 			/* just a shorter name for the current buffer */
| 			YY_BUFFER_STATE b = yy_current_buffer;
| 
| 			int yy_c_buf_p_offset =
| 				(int) (yy_c_buf_p - b->yy_ch_buf);
| 
| 			if ( b->yy_is_our_buffer )
| 				{
| 				int new_size = b->yy_buf_size * 2;
| 
| 				if ( new_size <= 0 )
| 					b->yy_buf_size += b->yy_buf_size / 8;
| 				else
| 					b->yy_buf_size *= 2;
| 
| 				b->yy_ch_buf = (char *)
| 					/* Include room in for 2 EOB chars. */
| 					yy_flex_realloc( (void *) b->yy_ch_buf,
| 							 b->yy_buf_size + 2 );
| 				}
| 			else
| 				/* Can't grow it, we don't own it. */
| 				b->yy_ch_buf = 0;
| 
| 			if ( ! b->yy_ch_buf )
| 				YY_FATAL_ERROR(
| 				"fatal error - scanner input buffer overflow" );
| 
| 			yy_c_buf_p = &b->yy_ch_buf[yy_c_buf_p_offset];
| 
| 			num_to_read = yy_current_buffer->yy_buf_size -
| 						number_to_move - 1;
| #endif
| 			}
| 
| 		if ( num_to_read > YY_READ_BUF_SIZE )
| 			num_to_read = YY_READ_BUF_SIZE;
| 
| 		/* Read in more data. */
| 		YY_INPUT( (&yy_current_buffer->yy_ch_buf[number_to_move]),
| 			yy_n_chars, num_to_read );
| 
| 		yy_current_buffer->yy_n_chars = yy_n_chars;
| 		}
| 
| 	if ( yy_n_chars == 0 )
| 		{
| 		if ( number_to_move == YY_MORE_ADJ )
| 			{
| 			ret_val = EOB_ACT_END_OF_FILE;
| 			yyrestart( yyin );
| 			}
| 
| 		else
| 			{
| 			ret_val = EOB_ACT_LAST_MATCH;
| 			yy_current_buffer->yy_buffer_status =
| 				YY_BUFFER_EOF_PENDING;
| 			}
| 		}
| 
| 	else
| 		ret_val = EOB_ACT_CONTINUE_SCAN;
| 
| 	yy_n_chars += number_to_move;
| 	yy_current_buffer->yy_ch_buf[yy_n_chars] = YY_END_OF_BUFFER_CHAR;
| 	yy_current_buffer->yy_ch_buf[yy_n_chars + 1] = YY_END_OF_BUFFER_CHAR;
| 
| 	yytext_ptr = &yy_current_buffer->yy_ch_buf[0];
| 
| 	return ret_val;
| 	}
| 
| 
| /* yy_get_previous_state - get the state just before the EOB char was reached */
| 
| static yy_state_type yy_get_previous_state()
| 	{
| 	register yy_state_type yy_current_state;
| 	register char *yy_cp;
| 
| 	yy_current_state = yy_start;
| 
| 	for ( yy_cp = yytext_ptr + YY_MORE_ADJ; yy_cp < yy_c_buf_p; ++yy_cp )
| 		{
| 		register YY_CHAR yy_c = (*yy_cp ? yy_ec[YY_SC_TO_UI(*yy_cp)] : 1);
| 		if ( yy_accept[yy_current_state] )
| 			{
| 			yy_last_accepting_state = yy_current_state;
| 			yy_last_accepting_cpos = yy_cp;
| 			}
| 		while ( yy_chk[yy_base[yy_current_state] + yy_c] != yy_current_state )
| 			{
| 			yy_current_state = (int) yy_def[yy_current_state];
| 			if ( yy_current_state >= 6 )
| 				yy_c = yy_meta[(unsigned int) yy_c];
| 			}
| 		yy_current_state = yy_nxt[yy_base[yy_current_state] + (unsigned int) yy_c];
| 		}
| 
| 	return yy_current_state;
| 	}
| 
| 
| /* yy_try_NUL_trans - try to make a transition on the NUL character
|  *
|  * synopsis
|  *	next_state = yy_try_NUL_trans( current_state );
|  */
| 
| #ifdef YY_USE_PROTOS
| static yy_state_type yy_try_NUL_trans( yy_state_type yy_current_state )
| #else
| static yy_state_type yy_try_NUL_trans( yy_current_state )
| yy_state_type yy_current_state;
| #endif
| 	{
| 	register int yy_is_jam;
| 	register char *yy_cp = yy_c_buf_p;
| 
| 	register YY_CHAR yy_c = 1;
| 	if ( yy_accept[yy_current_state] )
| 		{
| 		yy_last_accepting_state = yy_current_state;
| 		yy_last_accepting_cpos = yy_cp;
| 		}
| 	while ( yy_chk[yy_base[yy_current_state] + yy_c] != yy_current_state )
| 		{
| 		yy_current_state = (int) yy_def[yy_current_state];
| 		if ( yy_current_state >= 6 )
| 			yy_c = yy_meta[(unsigned int) yy_c];
| 		}
| 	yy_current_state = yy_nxt[yy_base[yy_current_state] + (unsigned int) yy_c];
| 	yy_is_jam = (yy_current_state == 5);
| 
| 	return yy_is_jam ? 0 : yy_current_state;
| 	}
| 
| 
| #ifndef YY_NO_UNPUT
| #ifdef YY_USE_PROTOS
| static void yyunput( int c, register char *yy_bp )
| #else
| static void yyunput( c, yy_bp )
| int c;
| register char *yy_bp;
| #endif
| 	{
| 	register char *yy_cp = yy_c_buf_p;
| 
| 	/* undo effects of setting up yytext */
| 	*yy_cp = yy_hold_char;
| 
| 	if ( yy_cp < yy_current_buffer->yy_ch_buf + 2 )
| 		{ /* need to shift things up to make room */
| 		/* +2 for EOB chars. */
| 		register int number_to_move = yy_n_chars + 2;
| 		register char *dest = &yy_current_buffer->yy_ch_buf[
| 					yy_current_buffer->yy_buf_size + 2];
| 		register char *source =
| 				&yy_current_buffer->yy_ch_buf[number_to_move];
| 
| 		while ( source > yy_current_buffer->yy_ch_buf )
| 			*--dest = *--source;
| 
| 		yy_cp += (int) (dest - source);
| 		yy_bp += (int) (dest - source);
| 		yy_current_buffer->yy_n_chars =
| 			yy_n_chars = yy_current_buffer->yy_buf_size;
| 
| 		if ( yy_cp < yy_current_buffer->yy_ch_buf + 2 )
| 			YY_FATAL_ERROR( "flex scanner push-back overflow" );
| 		}
| 
| 	*--yy_cp = (char) c;
| 
| 
| 	yytext_ptr = yy_bp;
| 	yy_hold_char = *yy_cp;
| 	yy_c_buf_p = yy_cp;
| 	}
| #endif	/* ifndef YY_NO_UNPUT */
| 
| 
| #ifndef YY_NO_INPUT
| #ifdef __cplusplus
| static int yyinput()
| #else
| static int input()
| #endif
| 	{
| 	int c;
| 
| 	*yy_c_buf_p = yy_hold_char;
| 
| 	if ( *yy_c_buf_p == YY_END_OF_BUFFER_CHAR )
| 		{
| 		/* yy_c_buf_p now points to the character we want to return.
| 		 * If this occurs *before* the EOB characters, then it's a
| 		 * valid NUL; if not, then we've hit the end of the buffer.
| 		 */
| 		if ( yy_c_buf_p < &yy_current_buffer->yy_ch_buf[yy_n_chars] )
| 			/* This was really a NUL. */
| 			*yy_c_buf_p = '\0';
| 
| 		else
| 			{ /* need more input */
| 			int offset = yy_c_buf_p - yytext_ptr;
| 			++yy_c_buf_p;
| 
| 			switch ( yy_get_next_buffer() )
| 				{
| 				case EOB_ACT_LAST_MATCH:
| 					/* This happens because yy_g_n_b()
| 					 * sees that we've accumulated a
| 					 * token and flags that we need to
| 					 * try matching the token before
| 					 * proceeding.  But for input(),
| 					 * there's no matching to consider.
| 					 * So convert the EOB_ACT_LAST_MATCH
| 					 * to EOB_ACT_END_OF_FILE.
| 					 */
| 
| 					/* Reset buffer status. */
| 					yyrestart( yyin );
| 
| 					/* fall through */
| 
| 				case EOB_ACT_END_OF_FILE:
| 					{
| 					if ( yywrap() )
| 						return EOF;
| 
| 					if ( ! yy_did_buffer_switch_on_eof )
| 						YY_NEW_FILE;
| #ifdef __cplusplus
| 					return yyinput();
| #else
| 					return input();
| #endif
| 					}
| 
| 				case EOB_ACT_CONTINUE_SCAN:
| 					yy_c_buf_p = yytext_ptr + offset;
| 					break;
| 				}
| 			}
| 		}
| 
| 	c = *(unsigned char *) yy_c_buf_p;	/* cast for 8-bit char's */
| 	*yy_c_buf_p = '\0';	/* preserve yytext */
| 	yy_hold_char = *++yy_c_buf_p;
| 
| 
| 	return c;
| 	}
| #endif /* YY_NO_INPUT */
| 
| #ifdef YY_USE_PROTOS
| void yyrestart( FILE *input_file )
| #else
| void yyrestart( input_file )
| FILE *input_file;
| #endif
| 	{
| 	if ( ! yy_current_buffer )
| 		yy_current_buffer = yy_create_buffer( yyin, YY_BUF_SIZE );
| 
| 	yy_init_buffer( yy_current_buffer, input_file );
| 	yy_load_buffer_state();
| 	}
| 
| 
| #ifdef YY_USE_PROTOS
| void yy_switch_to_buffer( YY_BUFFER_STATE new_buffer )
| #else
| void yy_switch_to_buffer( new_buffer )
| YY_BUFFER_STATE new_buffer;
| #endif
| 	{
| 	if ( yy_current_buffer == new_buffer )
| 		return;
| 
| 	if ( yy_current_buffer )
| 		{
| 		/* Flush out information for old buffer. */
| 		*yy_c_buf_p = yy_hold_char;
| 		yy_current_buffer->yy_buf_pos = yy_c_buf_p;
| 		yy_current_buffer->yy_n_chars = yy_n_chars;
| 		}
| 
| 	yy_current_buffer = new_buffer;
| 	yy_load_buffer_state();
| 
| 	/* We don't actually know whether we did this switch during
| 	 * EOF (yywrap()) processing, but the only time this flag
| 	 * is looked at is after yywrap() is called, so it's safe
| 	 * to go ahead and always set it.
| 	 */
| 	yy_did_buffer_switch_on_eof = 1;
| 	}
| 
| 
| #ifdef YY_USE_PROTOS
| void yy_load_buffer_state( void )
| #else
| void yy_load_buffer_state()
| #endif
| 	{
| 	yy_n_chars = yy_current_buffer->yy_n_chars;
| 	yytext_ptr = yy_c_buf_p = yy_current_buffer->yy_buf_pos;
| 	yyin = yy_current_buffer->yy_input_file;
| 	yy_hold_char = *yy_c_buf_p;
| 	}
| 
| 
| #ifdef YY_USE_PROTOS
| YY_BUFFER_STATE yy_create_buffer( FILE *file, int size )
| #else
| YY_BUFFER_STATE yy_create_buffer( file, size )
| FILE *file;
| int size;
| #endif
| 	{
| 	YY_BUFFER_STATE b;
| 
| 	b = (YY_BUFFER_STATE) yy_flex_alloc( sizeof( struct yy_buffer_state ) );
| 	if ( ! b )
| 		YY_FATAL_ERROR( "out of dynamic memory in yy_create_buffer()" );
| 
| 	b->yy_buf_size = size;
| 
| 	/* yy_ch_buf has to be 2 characters longer than the size given because
| 	 * we need to put in 2 end-of-buffer characters.
| 	 */
| 	b->yy_ch_buf = (char *) yy_flex_alloc( b->yy_buf_size + 2 );
| 	if ( ! b->yy_ch_buf )
| 		YY_FATAL_ERROR( "out of dynamic memory in yy_create_buffer()" );
| 
| 	b->yy_is_our_buffer = 1;
| 
| 	yy_init_buffer( b, file );
| 
| 	return b;
| 	}
| 
| 
| #ifdef YY_USE_PROTOS
| void yy_delete_buffer( YY_BUFFER_STATE b )
| #else
| void yy_delete_buffer( b )
| YY_BUFFER_STATE b;
| #endif
| 	{
| 	if ( ! b )
| 		return;
| 
| 	if ( b == yy_current_buffer )
| 		yy_current_buffer = (YY_BUFFER_STATE) 0;
| 
| 	if ( b->yy_is_our_buffer )
| 		yy_flex_free( (void *) b->yy_ch_buf );
| 
| 	yy_flex_free( (void *) b );
| 	}
| 
| 
| 
| #ifdef YY_USE_PROTOS
| void yy_init_buffer( YY_BUFFER_STATE b, FILE *file )
| #else
| void yy_init_buffer( b, file )
| YY_BUFFER_STATE b;
| FILE *file;
| #endif
| 
| 
| 	{
| 	yy_flush_buffer( b );
| 
| 	b->yy_input_file = file;
| 	b->yy_fill_buffer = 1;
| 
| #if YY_ALWAYS_INTERACTIVE
| 	b->yy_is_interactive = 1;
| #else
| #if YY_NEVER_INTERACTIVE
| 	b->yy_is_interactive = 0;
| #else
| 	b->yy_is_interactive = file ? (isatty( fileno(file) ) > 0) : 0;
| #endif
| #endif
| 	}
| 
| 
| #ifdef YY_USE_PROTOS
| void yy_flush_buffer( YY_BUFFER_STATE b )
| #else
| void yy_flush_buffer( b )
| YY_BUFFER_STATE b;
| #endif
| 
| 	{
| 	if ( ! b )
| 		return;
| 
| 	b->yy_n_chars = 0;
| 
| 	/* We always need two end-of-buffer characters.  The first causes
| 	 * a transition to the end-of-buffer state.  The second causes
| 	 * a jam in that state.
| 	 */
| 	b->yy_ch_buf[0] = YY_END_OF_BUFFER_CHAR;
| 	b->yy_ch_buf[1] = YY_END_OF_BUFFER_CHAR;
| 
| 	b->yy_buf_pos = &b->yy_ch_buf[0];
| 
| 	b->yy_at_bol = 1;
| 	b->yy_buffer_status = YY_BUFFER_NEW;
| 
| 	if ( b == yy_current_buffer )
| 		yy_load_buffer_state();
| 	}
| 
| 
| #ifndef YY_NO_SCAN_BUFFER
| #ifdef YY_USE_PROTOS
| YY_BUFFER_STATE yy_scan_buffer( char *base, yy_size_t size )
| #else
| YY_BUFFER_STATE yy_scan_buffer( base, size )
| char *base;
| yy_size_t size;
| #endif
| 	{
| 	YY_BUFFER_STATE b;
| 
| 	if ( size < 2 ||
| 	     base[size-2] != YY_END_OF_BUFFER_CHAR ||
| 	     base[size-1] != YY_END_OF_BUFFER_CHAR )
| 		/* They forgot to leave room for the EOB's. */
| 		return 0;
| 
| 	b = (YY_BUFFER_STATE) yy_flex_alloc( sizeof( struct yy_buffer_state ) );
| 	if ( ! b )
| 		YY_FATAL_ERROR( "out of dynamic memory in yy_scan_buffer()" );
| 
| 	b->yy_buf_size = size - 2;	/* "- 2" to take care of EOB's */
| 	b->yy_buf_pos = b->yy_ch_buf = base;
| 	b->yy_is_our_buffer = 0;
| 	b->yy_input_file = 0;
| 	b->yy_n_chars = b->yy_buf_size;
| 	b->yy_is_interactive = 0;
| 	b->yy_at_bol = 1;
| 	b->yy_fill_buffer = 0;
| 	b->yy_buffer_status = YY_BUFFER_NEW;
| 
| 	yy_switch_to_buffer( b );
| 
| 	return b;
| 	}
| #endif
| 
| 
| #ifndef YY_NO_SCAN_STRING
| #ifdef YY_USE_PROTOS
| YY_BUFFER_STATE yy_scan_string( yyconst char *yy_str )
| #else
| YY_BUFFER_STATE yy_scan_string( yy_str )
| yyconst char *yy_str;
| #endif
| 	{
| 	int len;
| 	for ( len = 0; yy_str[len]; ++len )
| 		;
| 
| 	return yy_scan_bytes( yy_str, len );
| 	}
| #endif
| 
| 
| #ifndef YY_NO_SCAN_BYTES
| #ifdef YY_USE_PROTOS
| YY_BUFFER_STATE yy_scan_bytes( yyconst char *bytes, int len )
| #else
| YY_BUFFER_STATE yy_scan_bytes( bytes, len )
| yyconst char *bytes;
| int len;
| #endif
| 	{
| 	YY_BUFFER_STATE b;
| 	char *buf;
| 	yy_size_t n;
| 	int i;
| 
| 	/* Get memory for full buffer, including space for trailing EOB's. */
| 	n = len + 2;
| 	buf = (char *) yy_flex_alloc( n );
| 	if ( ! buf )
| 		YY_FATAL_ERROR( "out of dynamic memory in yy_scan_bytes()" );
| 
| 	for ( i = 0; i < len; ++i )
| 		buf[i] = bytes[i];
| 
| 	buf[len] = buf[len+1] = YY_END_OF_BUFFER_CHAR;
| 
| 	b = yy_scan_buffer( buf, n );
| 	if ( ! b )
| 		YY_FATAL_ERROR( "bad buffer in yy_scan_bytes()" );
| 
| 	/* It's okay to grow etc. this buffer, and we should throw it
| 	 * away when we're done.
| 	 */
| 	b->yy_is_our_buffer = 1;
| 
| 	return b;
| 	}
| #endif
| 
| 
| #ifndef YY_NO_PUSH_STATE
| #ifdef YY_USE_PROTOS
| static void yy_push_state( int new_state )
| #else
| static void yy_push_state( new_state )
| int new_state;
| #endif
| 	{
| 	if ( yy_start_stack_ptr >= yy_start_stack_depth )
| 		{
| 		yy_size_t new_size;
| 
| 		yy_start_stack_depth += YY_START_STACK_INCR;
| 		new_size = yy_start_stack_depth * sizeof( int );
| 
| 		if ( ! yy_start_stack )
| 			yy_start_stack = (int *) yy_flex_alloc( new_size );
| 
| 		else
| 			yy_start_stack = (int *) yy_flex_realloc(
| 					(void *) yy_start_stack, new_size );
| 
| 		if ( ! yy_start_stack )
| 			YY_FATAL_ERROR(
| 			"out of memory expanding start-condition stack" );
| 		}
| 
| 	yy_start_stack[yy_start_stack_ptr++] = YY_START;
| 
| 	BEGIN(new_state);
| 	}
| #endif
| 
| 
| #ifndef YY_NO_POP_STATE
| static void yy_pop_state()
| 	{
| 	if ( --yy_start_stack_ptr < 0 )
| 		YY_FATAL_ERROR( "start-condition stack underflow" );
| 
| 	BEGIN(yy_start_stack[yy_start_stack_ptr]);
| 	}
| #endif
| 
| 
| #ifndef YY_NO_TOP_STATE
| static int yy_top_state()
| 	{
| 	return yy_start_stack[yy_start_stack_ptr - 1];
| 	}
| #endif
| 
| #ifndef YY_EXIT_FAILURE
| #define YY_EXIT_FAILURE 2
| #endif
| 
| #ifdef YY_USE_PROTOS
| static void yy_fatal_error( yyconst char msg[] )
| #else
| static void yy_fatal_error( msg )
| char msg[];
| #endif
| 	{
| 	(void) fprintf( stderr, "%s\n", msg );
| 	exit( YY_EXIT_FAILURE );
| 	}
| 
| 
| 
| /* Redefine yyless() so it works in section 3 code. */
| 
| #undef yyless
| #define yyless(n) \
| 	do \
| 		{ \
| 		/* Undo effects of setting up yytext. */ \
| 		yytext[yyleng] = yy_hold_char; \
| 		yy_c_buf_p = yytext + n; \
| 		yy_hold_char = *yy_c_buf_p; \
| 		*yy_c_buf_p = '\0'; \
| 		yyleng = n; \
| 		} \
| 	while ( 0 )
| 
| 
| /* Internal utility routines. */
| 
| #ifndef yytext_ptr
| #ifdef YY_USE_PROTOS
| static void yy_flex_strncpy( char *s1, yyconst char *s2, int n )
| #else
| static void yy_flex_strncpy( s1, s2, n )
| char *s1;
| yyconst char *s2;
| int n;
| #endif
| 	{
| 	register int i;
| 	for ( i = 0; i < n; ++i )
| 		s1[i] = s2[i];
| 	}
| #endif
| 
| #ifdef YY_NEED_STRLEN
| #ifdef YY_USE_PROTOS
| static int yy_flex_strlen( yyconst char *s )
| #else
| static int yy_flex_strlen( s )
| yyconst char *s;
| #endif
| 	{
| 	register int n;
| 	for ( n = 0; s[n]; ++n )
| 		;
| 
| 	return n;
| 	}
| #endif
| 
| 
| #ifdef YY_USE_PROTOS
| static void *yy_flex_alloc( yy_size_t size )
| #else
| static void *yy_flex_alloc( size )
| yy_size_t size;
| #endif
| 	{
| 	return (void *) malloc( size );
| 	}
| 
| #ifdef YY_USE_PROTOS
| static void *yy_flex_realloc( void *ptr, yy_size_t size )
| #else
| static void *yy_flex_realloc( ptr, size )
| void *ptr;
| yy_size_t size;
| #endif
| 	{
| 	/* The cast to (char *) in the following accommodates both
| 	 * implementations that use char* generic pointers, and those
| 	 * that use void* generic pointers.  It works with the latter
| 	 * because both ANSI C and C++ allow castless assignment from
| 	 * any pointer type to void*, and deal with argument conversions
| 	 * as though doing an assignment.
| 	 */
| 	return (void *) realloc( (char *) ptr, size );
| 	}
| 
| #ifdef YY_USE_PROTOS
| static void yy_flex_free( void *ptr )
| #else
| static void yy_flex_free( ptr )
| void *ptr;
| #endif
| 	{
| 	free( ptr );
| 	}
| 
| #if YY_MAIN
| int main()
| 	{
| 	yylex();
| 	return 0;
| 	}
| #endif
| #line 2 "conftest.l"
| 
| extern char *yytext;
configure:3922: result: no
configure:3946: checking how to run the C preprocessor
configure:3986: /root/ATEN/source/OEM/STD_V317_LOGO/STD_X9_237_Security_X10/SDK/ToolChain/Host/HERMON/gcc-3.4.4-glibc-2.3.5-armv4/arm-linux/bin/arm-linux-gcc -E -I/root/ATEN/source/OEM/STD_V317_LOGO/STD_X9_237_Security_X10/SDK/SFCB/zlib-1.2.3/zlib/include -I/root/ATEN/source/OEM/STD_V317_LOGO/STD_X9_237_Security_X10/SDK/SFCC/curl/local/include conftest.c
configure:3992: $? = 0
configure:4030: /root/ATEN/source/OEM/STD_V317_LOGO/STD_X9_237_Security_X10/SDK/ToolChain/Host/HERMON/gcc-3.4.4-glibc-2.3.5-armv4/arm-linux/bin/arm-linux-gcc -E -I/root/ATEN/source/OEM/STD_V317_LOGO/STD_X9_237_Security_X10/SDK/SFCB/zlib-1.2.3/zlib/include -I/root/ATEN/source/OEM/STD_V317_LOGO/STD_X9_237_Security_X10/SDK/SFCC/curl/local/include conftest.c
conftest.c:11:28: ac_nonexistent.h: No such file or directory
configure:4036: $? = 1
configure: failed program was:
| /* confdefs.h.  */
| #define PACKAGE_NAME "MOF Compiler"
| #define PACKAGE_TARNAME "mofc"
| #define PACKAGE_VERSION "0.8.2"
| #define PACKAGE_STRING "MOF Compiler 0.8.2"
| #define PACKAGE_BUGREPORT "sblim-devel@lists.sourceforge.net"
| #define PACKAGE "mofc"
| #define VERSION "0.8.2"
| #define BACKEND_INFO "SFCB Backend"
| /* end confdefs.h.  */
| #include <ac_nonexistent.h>
configure:4076: result: /root/ATEN/source/OEM/STD_V317_LOGO/STD_X9_237_Security_X10/SDK/ToolChain/Host/HERMON/gcc-3.4.4-glibc-2.3.5-armv4/arm-linux/bin/arm-linux-gcc -E
configure:4105: /root/ATEN/source/OEM/STD_V317_LOGO/STD_X9_237_Security_X10/SDK/ToolChain/Host/HERMON/gcc-3.4.4-glibc-2.3.5-armv4/arm-linux/bin/arm-linux-gcc -E -I/root/ATEN/source/OEM/STD_V317_LOGO/STD_X9_237_Security_X10/SDK/SFCB/zlib-1.2.3/zlib/include -I/root/ATEN/source/OEM/STD_V317_LOGO/STD_X9_237_Security_X10/SDK/SFCC/curl/local/include conftest.c
configure:4111: $? = 0
configure:4149: /root/ATEN/source/OEM/STD_V317_LOGO/STD_X9_237_Security_X10/SDK/ToolChain/Host/HERMON/gcc-3.4.4-glibc-2.3.5-armv4/arm-linux/bin/arm-linux-gcc -E -I/root/ATEN/source/OEM/STD_V317_LOGO/STD_X9_237_Security_X10/SDK/SFCB/zlib-1.2.3/zlib/include -I/root/ATEN/source/OEM/STD_V317_LOGO/STD_X9_237_Security_X10/SDK/SFCC/curl/local/include conftest.c
conftest.c:11:28: ac_nonexistent.h: No such file or directory
configure:4155: $? = 1
configure: failed program was:
| /* confdefs.h.  */
| #define PACKAGE_NAME "MOF Compiler"
| #define PACKAGE_TARNAME "mofc"
| #define PACKAGE_VERSION "0.8.2"
| #define PACKAGE_STRING "MOF Compiler 0.8.2"
| #define PACKAGE_BUGREPORT "sblim-devel@lists.sourceforge.net"
| #define PACKAGE "mofc"
| #define VERSION "0.8.2"
| #define BACKEND_INFO "SFCB Backend"
| /* end confdefs.h.  */
| #include <ac_nonexistent.h>
configure:4200: checking for grep that handles long lines and -e
configure:4274: result: /bin/grep
configure:4279: checking for egrep
configure:4357: result: /bin/grep -E
configure:4362: checking for ANSI C header files
configure:4392: /root/ATEN/source/OEM/STD_V317_LOGO/STD_X9_237_Security_X10/SDK/ToolChain/Host/HERMON/gcc-3.4.4-glibc-2.3.5-armv4/arm-linux/bin/arm-linux-gcc -c -Os -I/root/ATEN/source/OEM/STD_V317_LOGO/STD_X9_237_Security_X10/SDK/SFCB/zlib-1.2.3/zlib/include -I/root/ATEN/source/OEM/STD_V317_LOGO/STD_X9_237_Security_X10/SDK/SFCC/curl/local/include conftest.c >&5
configure:4398: $? = 0
configure:4405: test -z "$ac_c_werror_flag" || test ! -s conftest.err
configure:4408: $? = 0
configure:4415: test -s conftest.o
configure:4418: $? = 0
configure:4543: result: yes
configure:4567: checking for sys/types.h
configure:4588: /root/ATEN/source/OEM/STD_V317_LOGO/STD_X9_237_Security_X10/SDK/ToolChain/Host/HERMON/gcc-3.4.4-glibc-2.3.5-armv4/arm-linux/bin/arm-linux-gcc -c -Os -I/root/ATEN/source/OEM/STD_V317_LOGO/STD_X9_237_Security_X10/SDK/SFCB/zlib-1.2.3/zlib/include -I/root/ATEN/source/OEM/STD_V317_LOGO/STD_X9_237_Security_X10/SDK/SFCC/curl/local/include conftest.c >&5
configure:4594: $? = 0
configure:4601: test -z "$ac_c_werror_flag" || test ! -s conftest.err
configure:4604: $? = 0
configure:4611: test -s conftest.o
configure:4614: $? = 0
configure:4627: result: yes
configure:4567: checking for sys/stat.h
configure:4588: /root/ATEN/source/OEM/STD_V317_LOGO/STD_X9_237_Security_X10/SDK/ToolChain/Host/HERMON/gcc-3.4.4-glibc-2.3.5-armv4/arm-linux/bin/arm-linux-gcc -c -Os -I/root/ATEN/source/OEM/STD_V317_LOGO/STD_X9_237_Security_X10/SDK/SFCB/zlib-1.2.3/zlib/include -I/root/ATEN/source/OEM/STD_V317_LOGO/STD_X9_237_Security_X10/SDK/SFCC/curl/local/include conftest.c >&5
configure:4594: $? = 0
configure:4601: test -z "$ac_c_werror_flag" || test ! -s conftest.err
configure:4604: $? = 0
configure:4611: test -s conftest.o
configure:4614: $? = 0
configure:4627: result: yes
configure:4567: checking for stdlib.h
configure:4588: /root/ATEN/source/OEM/STD_V317_LOGO/STD_X9_237_Security_X10/SDK/ToolChain/Host/HERMON/gcc-3.4.4-glibc-2.3.5-armv4/arm-linux/bin/arm-linux-gcc -c -Os -I/root/ATEN/source/OEM/STD_V317_LOGO/STD_X9_237_Security_X10/SDK/SFCB/zlib-1.2.3/zlib/include -I/root/ATEN/source/OEM/STD_V317_LOGO/STD_X9_237_Security_X10/SDK/SFCC/curl/local/include conftest.c >&5
configure:4594: $? = 0
configure:4601: test -z "$ac_c_werror_flag" || test ! -s conftest.err
configure:4604: $? = 0
configure:4611: test -s conftest.o
configure:4614: $? = 0
configure:4627: result: yes
configure:4567: checking for string.h
configure:4588: /root/ATEN/source/OEM/STD_V317_LOGO/STD_X9_237_Security_X10/SDK/ToolChain/Host/HERMON/gcc-3.4.4-glibc-2.3.5-armv4/arm-linux/bin/arm-linux-gcc -c -Os -I/root/ATEN/source/OEM/STD_V317_LOGO/STD_X9_237_Security_X10/SDK/SFCB/zlib-1.2.3/zlib/include -I/root/ATEN/source/OEM/STD_V317_LOGO/STD_X9_237_Security_X10/SDK/SFCC/curl/local/include conftest.c >&5
configure:4594: $? = 0
configure:4601: test -z "$ac_c_werror_flag" || test ! -s conftest.err
configure:4604: $? = 0
configure:4611: test -s conftest.o
configure:4614: $? = 0
configure:4627: result: yes
configure:4567: checking for memory.h
configure:4588: /root/ATEN/source/OEM/STD_V317_LOGO/STD_X9_237_Security_X10/SDK/ToolChain/Host/HERMON/gcc-3.4.4-glibc-2.3.5-armv4/arm-linux/bin/arm-linux-gcc -c -Os -I/root/ATEN/source/OEM/STD_V317_LOGO/STD_X9_237_Security_X10/SDK/SFCB/zlib-1.2.3/zlib/include -I/root/ATEN/source/OEM/STD_V317_LOGO/STD_X9_237_Security_X10/SDK/SFCC/curl/local/include conftest.c >&5
configure:4594: $? = 0
configure:4601: test -z "$ac_c_werror_flag" || test ! -s conftest.err
configure:4604: $? = 0
configure:4611: test -s conftest.o
configure:4614: $? = 0
configure:4627: result: yes
configure:4567: checking for strings.h
configure:4588: /root/ATEN/source/OEM/STD_V317_LOGO/STD_X9_237_Security_X10/SDK/ToolChain/Host/HERMON/gcc-3.4.4-glibc-2.3.5-armv4/arm-linux/bin/arm-linux-gcc -c -Os -I/root/ATEN/source/OEM/STD_V317_LOGO/STD_X9_237_Security_X10/SDK/SFCB/zlib-1.2.3/zlib/include -I/root/ATEN/source/OEM/STD_V317_LOGO/STD_X9_237_Security_X10/SDK/SFCC/curl/local/include conftest.c >&5
configure:4594: $? = 0
configure:4601: test -z "$ac_c_werror_flag" || test ! -s conftest.err
configure:4604: $? = 0
configure:4611: test -s conftest.o
configure:4614: $? = 0
configure:4627: result: yes
configure:4567: checking for inttypes.h
configure:4588: /root/ATEN/source/OEM/STD_V317_LOGO/STD_X9_237_Security_X10/SDK/ToolChain/Host/HERMON/gcc-3.4.4-glibc-2.3.5-armv4/arm-linux/bin/arm-linux-gcc -c -Os -I/root/ATEN/source/OEM/STD_V317_LOGO/STD_X9_237_Security_X10/SDK/SFCB/zlib-1.2.3/zlib/include -I/root/ATEN/source/OEM/STD_V317_LOGO/STD_X9_237_Security_X10/SDK/SFCC/curl/local/include conftest.c >&5
configure:4594: $? = 0
configure:4601: test -z "$ac_c_werror_flag" || test ! -s conftest.err
configure:4604: $? = 0
configure:4611: test -s conftest.o
configure:4614: $? = 0
configure:4627: result: yes
configure:4567: checking for stdint.h
configure:4588: /root/ATEN/source/OEM/STD_V317_LOGO/STD_X9_237_Security_X10/SDK/ToolChain/Host/HERMON/gcc-3.4.4-glibc-2.3.5-armv4/arm-linux/bin/arm-linux-gcc -c -Os -I/root/ATEN/source/OEM/STD_V317_LOGO/STD_X9_237_Security_X10/SDK/SFCB/zlib-1.2.3/zlib/include -I/root/ATEN/source/OEM/STD_V317_LOGO/STD_X9_237_Security_X10/SDK/SFCC/curl/local/include conftest.c >&5
configure:4594: $? = 0
configure:4601: test -z "$ac_c_werror_flag" || test ! -s conftest.err
configure:4604: $? = 0
configure:4611: test -s conftest.o
configure:4614: $? = 0
configure:4627: result: yes
configure:4567: checking for unistd.h
configure:4588: /root/ATEN/source/OEM/STD_V317_LOGO/STD_X9_237_Security_X10/SDK/ToolChain/Host/HERMON/gcc-3.4.4-glibc-2.3.5-armv4/arm-linux/bin/arm-linux-gcc -c -Os -I/root/ATEN/source/OEM/STD_V317_LOGO/STD_X9_237_Security_X10/SDK/SFCB/zlib-1.2.3/zlib/include -I/root/ATEN/source/OEM/STD_V317_LOGO/STD_X9_237_Security_X10/SDK/SFCC/curl/local/include conftest.c >&5
configure:4594: $? = 0
configure:4601: test -z "$ac_c_werror_flag" || test ! -s conftest.err
configure:4604: $? = 0
configure:4611: test -s conftest.o
configure:4614: $? = 0
configure:4627: result: yes
configure:4657: checking stddef.h usability
configure:4674: /root/ATEN/source/OEM/STD_V317_LOGO/STD_X9_237_Security_X10/SDK/ToolChain/Host/HERMON/gcc-3.4.4-glibc-2.3.5-armv4/arm-linux/bin/arm-linux-gcc -c -Os -I/root/ATEN/source/OEM/STD_V317_LOGO/STD_X9_237_Security_X10/SDK/SFCB/zlib-1.2.3/zlib/include -I/root/ATEN/source/OEM/STD_V317_LOGO/STD_X9_237_Security_X10/SDK/SFCC/curl/local/include conftest.c >&5
configure:4680: $? = 0
configure:4687: test -z "$ac_c_werror_flag" || test ! -s conftest.err
configure:4690: $? = 0
configure:4697: test -s conftest.o
configure:4700: $? = 0
configure:4711: result: yes
configure:4715: checking stddef.h presence
configure:4730: /root/ATEN/source/OEM/STD_V317_LOGO/STD_X9_237_Security_X10/SDK/ToolChain/Host/HERMON/gcc-3.4.4-glibc-2.3.5-armv4/arm-linux/bin/arm-linux-gcc -E -I/root/ATEN/source/OEM/STD_V317_LOGO/STD_X9_237_Security_X10/SDK/SFCB/zlib-1.2.3/zlib/include -I/root/ATEN/source/OEM/STD_V317_LOGO/STD_X9_237_Security_X10/SDK/SFCC/curl/local/include conftest.c
configure:4736: $? = 0
configure:4757: result: yes
configure:4790: checking for stddef.h
configure:4798: result: yes
configure:4647: checking for stdlib.h
configure:4653: result: yes
configure:4647: checking for string.h
configure:4653: result: yes
configure:4647: checking for unistd.h
configure:4653: result: yes
configure:4824: checking objectImpl.h usability
configure:4841: /root/ATEN/source/OEM/STD_V317_LOGO/STD_X9_237_Security_X10/SDK/ToolChain/Host/HERMON/gcc-3.4.4-glibc-2.3.5-armv4/arm-linux/bin/arm-linux-gcc -c -Os -I ./.. -D CMPI_PLATFORM_LINUX_GENERIC_GNU -I/root/ATEN/source/OEM/STD_V317_LOGO/STD_X9_237_Security_X10/SDK/SFCB/zlib-1.2.3/zlib/include -I/root/ATEN/source/OEM/STD_V317_LOGO/STD_X9_237_Security_X10/SDK/SFCC/curl/local/include conftest.c >&5
configure:4847: $? = 0
configure:4854: test -z "$ac_c_werror_flag" || test ! -s conftest.err
configure:4857: $? = 0
configure:4864: test -s conftest.o
configure:4867: $? = 0
configure:4878: result: yes
configure:4882: checking objectImpl.h presence
configure:4897: /root/ATEN/source/OEM/STD_V317_LOGO/STD_X9_237_Security_X10/SDK/ToolChain/Host/HERMON/gcc-3.4.4-glibc-2.3.5-armv4/arm-linux/bin/arm-linux-gcc -E -I ./.. -D CMPI_PLATFORM_LINUX_GENERIC_GNU -I/root/ATEN/source/OEM/STD_V317_LOGO/STD_X9_237_Security_X10/SDK/SFCB/zlib-1.2.3/zlib/include -I/root/ATEN/source/OEM/STD_V317_LOGO/STD_X9_237_Security_X10/SDK/SFCC/curl/local/include conftest.c
configure:4903: $? = 0
configure:4924: result: yes
configure:4957: checking for objectImpl.h
configure:4964: result: yes
configure:5073: checking for an ANSI C-conforming const
configure:5148: /root/ATEN/source/OEM/STD_V317_LOGO/STD_X9_237_Security_X10/SDK/ToolChain/Host/HERMON/gcc-3.4.4-glibc-2.3.5-armv4/arm-linux/bin/arm-linux-gcc -c -Os -I/root/ATEN/source/OEM/STD_V317_LOGO/STD_X9_237_Security_X10/SDK/SFCB/zlib-1.2.3/zlib/include -I/root/ATEN/source/OEM/STD_V317_LOGO/STD_X9_237_Security_X10/SDK/SFCC/curl/local/include conftest.c >&5
configure:5154: $? = 0
configure:5161: test -z "$ac_c_werror_flag" || test ! -s conftest.err
configure:5164: $? = 0
configure:5171: test -s conftest.o
configure:5174: $? = 0
configure:5186: result: yes
configure:5196: checking for size_t
configure:5226: /root/ATEN/source/OEM/STD_V317_LOGO/STD_X9_237_Security_X10/SDK/ToolChain/Host/HERMON/gcc-3.4.4-glibc-2.3.5-armv4/arm-linux/bin/arm-linux-gcc -c -Os -I/root/ATEN/source/OEM/STD_V317_LOGO/STD_X9_237_Security_X10/SDK/SFCB/zlib-1.2.3/zlib/include -I/root/ATEN/source/OEM/STD_V317_LOGO/STD_X9_237_Security_X10/SDK/SFCC/curl/local/include conftest.c >&5
configure:5232: $? = 0
configure:5239: test -z "$ac_c_werror_flag" || test ! -s conftest.err
configure:5242: $? = 0
configure:5249: test -s conftest.o
configure:5252: $? = 0
configure:5264: result: yes
configure:5283: checking for stdlib.h
configure:5289: result: yes
configure:5447: checking for GNU libc compatible malloc
configure:5509: result: yes
configure:5542: checking for stdlib.h
configure:5548: result: yes
configure:5706: checking for GNU libc compatible realloc
configure:5768: result: yes
configure:5804: checking for strcasecmp
configure:5860: /root/ATEN/source/OEM/STD_V317_LOGO/STD_X9_237_Security_X10/SDK/ToolChain/Host/HERMON/gcc-3.4.4-glibc-2.3.5-armv4/arm-linux/bin/arm-linux-gcc -o conftest -Os -I/root/ATEN/source/OEM/STD_V317_LOGO/STD_X9_237_Security_X10/SDK/SFCB/zlib-1.2.3/zlib/include -I/root/ATEN/source/OEM/STD_V317_LOGO/STD_X9_237_Security_X10/SDK/SFCC/curl/local/include -L/root/ATEN/source/OEM/STD_V317_LOGO/STD_X9_237_Security_X10/SDK/SFCB/zlib-1.2.3/zlib/lib -L/root/ATEN/source/OEM/STD_V317_LOGO/STD_X9_237_Security_X10/SDK/SFCC/curl/local/lib conftest.c -lcurl -ldl -lpthread  >&5
configure:5866: $? = 0
configure:5873: test -z "$ac_c_werror_flag" || test ! -s conftest.err
configure:5876: $? = 0
configure:5883: test -s conftest
configure:5886: $? = 0
configure:5900: result: yes
configure:5804: checking for strchr
configure:5860: /root/ATEN/source/OEM/STD_V317_LOGO/STD_X9_237_Security_X10/SDK/ToolChain/Host/HERMON/gcc-3.4.4-glibc-2.3.5-armv4/arm-linux/bin/arm-linux-gcc -o conftest -Os -I/root/ATEN/source/OEM/STD_V317_LOGO/STD_X9_237_Security_X10/SDK/SFCB/zlib-1.2.3/zlib/include -I/root/ATEN/source/OEM/STD_V317_LOGO/STD_X9_237_Security_X10/SDK/SFCC/curl/local/include -L/root/ATEN/source/OEM/STD_V317_LOGO/STD_X9_237_Security_X10/SDK/SFCB/zlib-1.2.3/zlib/lib -L/root/ATEN/source/OEM/STD_V317_LOGO/STD_X9_237_Security_X10/SDK/SFCC/curl/local/lib conftest.c -lcurl -ldl -lpthread  >&5
conftest.c:53: warning: conflicting types for built-in function 'strchr'
configure:5866: $? = 0
configure:5873: test -z "$ac_c_werror_flag" || test ! -s conftest.err
configure:5876: $? = 0
configure:5883: test -s conftest
configure:5886: $? = 0
configure:5900: result: yes
configure:5804: checking for strdup
configure:5860: /root/ATEN/source/OEM/STD_V317_LOGO/STD_X9_237_Security_X10/SDK/ToolChain/Host/HERMON/gcc-3.4.4-glibc-2.3.5-armv4/arm-linux/bin/arm-linux-gcc -o conftest -Os -I/root/ATEN/source/OEM/STD_V317_LOGO/STD_X9_237_Security_X10/SDK/SFCB/zlib-1.2.3/zlib/include -I/root/ATEN/source/OEM/STD_V317_LOGO/STD_X9_237_Security_X10/SDK/SFCC/curl/local/include -L/root/ATEN/source/OEM/STD_V317_LOGO/STD_X9_237_Security_X10/SDK/SFCB/zlib-1.2.3/zlib/lib -L/root/ATEN/source/OEM/STD_V317_LOGO/STD_X9_237_Security_X10/SDK/SFCC/curl/local/lib conftest.c -lcurl -ldl -lpthread  >&5
conftest.c:54: warning: conflicting types for built-in function 'strdup'
configure:5866: $? = 0
configure:5873: test -z "$ac_c_werror_flag" || test ! -s conftest.err
configure:5876: $? = 0
configure:5883: test -s conftest
configure:5886: $? = 0
configure:5900: result: yes
configure:5804: checking for strrchr
configure:5860: /root/ATEN/source/OEM/STD_V317_LOGO/STD_X9_237_Security_X10/SDK/ToolChain/Host/HERMON/gcc-3.4.4-glibc-2.3.5-armv4/arm-linux/bin/arm-linux-gcc -o conftest -Os -I/root/ATEN/source/OEM/STD_V317_LOGO/STD_X9_237_Security_X10/SDK/SFCB/zlib-1.2.3/zlib/include -I/root/ATEN/source/OEM/STD_V317_LOGO/STD_X9_237_Security_X10/SDK/SFCC/curl/local/include -L/root/ATEN/source/OEM/STD_V317_LOGO/STD_X9_237_Security_X10/SDK/SFCB/zlib-1.2.3/zlib/lib -L/root/ATEN/source/OEM/STD_V317_LOGO/STD_X9_237_Security_X10/SDK/SFCC/curl/local/lib conftest.c -lcurl -ldl -lpthread  >&5
conftest.c:55: warning: conflicting types for built-in function 'strrchr'
configure:5866: $? = 0
configure:5873: test -z "$ac_c_werror_flag" || test ! -s conftest.err
configure:5876: $? = 0
configure:5883: test -s conftest
configure:5886: $? = 0
configure:5900: result: yes
configure:5804: checking for strstr
configure:5860: /root/ATEN/source/OEM/STD_V317_LOGO/STD_X9_237_Security_X10/SDK/ToolChain/Host/HERMON/gcc-3.4.4-glibc-2.3.5-armv4/arm-linux/bin/arm-linux-gcc -o conftest -Os -I/root/ATEN/source/OEM/STD_V317_LOGO/STD_X9_237_Security_X10/SDK/SFCB/zlib-1.2.3/zlib/include -I/root/ATEN/source/OEM/STD_V317_LOGO/STD_X9_237_Security_X10/SDK/SFCC/curl/local/include -L/root/ATEN/source/OEM/STD_V317_LOGO/STD_X9_237_Security_X10/SDK/SFCB/zlib-1.2.3/zlib/lib -L/root/ATEN/source/OEM/STD_V317_LOGO/STD_X9_237_Security_X10/SDK/SFCC/curl/local/lib conftest.c -lcurl -ldl -lpthread  >&5
conftest.c:56: warning: conflicting types for built-in function 'strstr'
configure:5866: $? = 0
configure:5873: test -z "$ac_c_werror_flag" || test ! -s conftest.err
configure:5876: $? = 0
configure:5883: test -s conftest
configure:5886: $? = 0
configure:5900: result: yes
configure:6103: creating ./config.status

## ---------------------- ##
## Running config.status. ##
## ---------------------- ##

This file was extended by MOF Compiler config.status 0.8.2, which was
generated by GNU Autoconf 2.60.  Invocation command line was

  CONFIG_FILES    = 
  CONFIG_HEADERS  = 
  CONFIG_LINKS    = 
  CONFIG_COMMANDS = 
  $ ./config.status 

on localhost.localdomain

config.status:648: creating Makefile
config.status:648: creating config.h
config.status:929: executing depfiles commands

## ---------------- ##
## Cache variables. ##
## ---------------- ##

ac_cv_build=i686-pc-linux-gnu
ac_cv_c_compiler_gnu=yes
ac_cv_c_const=yes
ac_cv_env_CC_set=set
ac_cv_env_CC_value=/root/ATEN/source/OEM/STD_V317_LOGO/STD_X9_237_Security_X10/SDK/ToolChain/Host/HERMON/gcc-3.4.4-glibc-2.3.5-armv4/arm-linux/bin/arm-linux-gcc
ac_cv_env_CFLAGS_set=set
ac_cv_env_CFLAGS_value=-Os
ac_cv_env_CPPFLAGS_set=set
ac_cv_env_CPPFLAGS_value='-I/root/ATEN/source/OEM/STD_V317_LOGO/STD_X9_237_Security_X10/SDK/SFCB/zlib-1.2.3/zlib/include -I/root/ATEN/source/OEM/STD_V317_LOGO/STD_X9_237_Security_X10/SDK/SFCC/curl/local/include'
ac_cv_env_CPP_set=
ac_cv_env_CPP_value=
ac_cv_env_LDFLAGS_set=set
ac_cv_env_LDFLAGS_value='-L/root/ATEN/source/OEM/STD_V317_LOGO/STD_X9_237_Security_X10/SDK/SFCB/zlib-1.2.3/zlib/lib -L/root/ATEN/source/OEM/STD_V317_LOGO/STD_X9_237_Security_X10/SDK/SFCC/curl/local/lib'
ac_cv_env_SFCB_DIR_set=
ac_cv_env_SFCB_DIR_value=
ac_cv_env_YACC_set=
ac_cv_env_YACC_value=
ac_cv_env_YFLAGS_set=
ac_cv_env_YFLAGS_value=
ac_cv_env_build_alias_set=
ac_cv_env_build_alias_value=
ac_cv_env_host_alias_set=set
ac_cv_env_host_alias_value=arm-linux
ac_cv_env_target_alias_set=
ac_cv_env_target_alias_value=
ac_cv_func_malloc_0_nonnull=yes
ac_cv_func_realloc_0_nonnull=yes
ac_cv_func_strcasecmp=yes
ac_cv_func_strchr=yes
ac_cv_func_strdup=yes
ac_cv_func_strrchr=yes
ac_cv_func_strstr=yes
ac_cv_header_inttypes_h=yes
ac_cv_header_memory_h=yes
ac_cv_header_objectImpl_h=yes
ac_cv_header_stdc=yes
ac_cv_header_stddef_h=yes
ac_cv_header_stdint_h=yes
ac_cv_header_stdlib_h=yes
ac_cv_header_string_h=yes
ac_cv_header_strings_h=yes
ac_cv_header_sys_stat_h=yes
ac_cv_header_sys_types_h=yes
ac_cv_header_unistd_h=yes
ac_cv_host=arm-unknown-linux-gnu
ac_cv_lib_fl_yywrap=no
ac_cv_lib_l_yywrap=no
ac_cv_objext=o
ac_cv_path_EGREP='/bin/grep -E'
ac_cv_path_GREP=/bin/grep
ac_cv_path_install='/usr/bin/install -c'
ac_cv_prog_AWK=gawk
ac_cv_prog_CC=/root/ATEN/source/OEM/STD_V317_LOGO/STD_X9_237_Security_X10/SDK/ToolChain/Host/HERMON/gcc-3.4.4-glibc-2.3.5-armv4/arm-linux/bin/arm-linux-gcc
ac_cv_prog_CPP='/root/ATEN/source/OEM/STD_V317_LOGO/STD_X9_237_Security_X10/SDK/ToolChain/Host/HERMON/gcc-3.4.4-glibc-2.3.5-armv4/arm-linux/bin/arm-linux-gcc -E'
ac_cv_prog_LEX=flex
ac_cv_prog_STRIP=/root/ATEN/source/OEM/STD_V317_LOGO/STD_X9_237_Security_X10/SDK/ToolChain/Host/HERMON/gcc-3.4.4-glibc-2.3.5-armv4/arm-linux/bin/arm-linux-strip
ac_cv_prog_YACC='bison -y'
ac_cv_prog_cc_c89=
ac_cv_prog_cc_g=yes
ac_cv_prog_lex_root=lex.yy
ac_cv_prog_lex_yytext_pointer=no
ac_cv_prog_make_make_set=yes
ac_cv_type_size_t=yes
am_cv_CC_dependencies_compiler_type=gcc3

## ----------------- ##
## Output variables. ##
## ----------------- ##

ACLOCAL='${SHELL} /root/ATEN/source/OEM/STD_V317_LOGO/STD_X9_237_Security_X10/SDK/SFCB/sblim-sfcb-1.3.2/missing --run aclocal-1.9'
ALTERNATE_MOFCNAME_FALSE='#'
ALTERNATE_MOFCNAME_TRUE=''
AMDEPBACKSLASH='\'
AMDEP_FALSE='#'
AMDEP_TRUE=''
AMTAR='${SHELL} /root/ATEN/source/OEM/STD_V317_LOGO/STD_X9_237_Security_X10/SDK/SFCB/sblim-sfcb-1.3.2/missing --run tar'
AUTOCONF='${SHELL} /root/ATEN/source/OEM/STD_V317_LOGO/STD_X9_237_Security_X10/SDK/SFCB/sblim-sfcb-1.3.2/missing --run autoconf'
AUTOHEADER='${SHELL} /root/ATEN/source/OEM/STD_V317_LOGO/STD_X9_237_Security_X10/SDK/SFCB/sblim-sfcb-1.3.2/missing --run autoheader'
AUTOMAKE='${SHELL} /root/ATEN/source/OEM/STD_V317_LOGO/STD_X9_237_Security_X10/SDK/SFCB/sblim-sfcb-1.3.2/missing --run automake-1.9'
AWK='gawk'
BACKEND_INCLUDES='-I ./.. -I ./../sfcUtil'
BACKEND_LIBS='-L ../.libs -lsfcBrokerCore -lsfcFileRepository -lsfcUtil'
BACKEND_OBJ='backend_sfcb.$(OBJEXT)'
CC='/root/ATEN/source/OEM/STD_V317_LOGO/STD_X9_237_Security_X10/SDK/ToolChain/Host/HERMON/gcc-3.4.4-glibc-2.3.5-armv4/arm-linux/bin/arm-linux-gcc'
CCDEPMODE='depmode=gcc3'
CFLAGS='-Os'
CPP='/root/ATEN/source/OEM/STD_V317_LOGO/STD_X9_237_Security_X10/SDK/ToolChain/Host/HERMON/gcc-3.4.4-glibc-2.3.5-armv4/arm-linux/bin/arm-linux-gcc -E'
CPPFLAGS='-I/root/ATEN/source/OEM/STD_V317_LOGO/STD_X9_237_Security_X10/SDK/SFCB/zlib-1.2.3/zlib/include -I/root/ATEN/source/OEM/STD_V317_LOGO/STD_X9_237_Security_X10/SDK/SFCC/curl/local/include'
CYGPATH_W='echo'
DEFS='-DHAVE_CONFIG_H'
DEPDIR='.deps'
ECHO_C=''
ECHO_N='-n'
ECHO_T=''
EGREP='/bin/grep -E'
EXEEXT=''
GREP='/bin/grep'
INSTALL_DATA='${INSTALL} -m 644'
INSTALL_PROGRAM='${INSTALL}'
INSTALL_SCRIPT='${INSTALL}'
INSTALL_STRIP_PROGRAM='${SHELL} $(install_sh) -c -s'
LDFLAGS='-L/root/ATEN/source/OEM/STD_V317_LOGO/STD_X9_237_Security_X10/SDK/SFCB/zlib-1.2.3/zlib/lib -L/root/ATEN/source/OEM/STD_V317_LOGO/STD_X9_237_Security_X10/SDK/SFCC/curl/local/lib'
LEX='flex'
LEXLIB=''
LEX_OUTPUT_ROOT='lex.yy'
LIBOBJS=''
LIBS='-lcurl -ldl -lpthread '
LTLIBOBJS=''
MAKEINFO='${SHELL} /root/ATEN/source/OEM/STD_V317_LOGO/STD_X9_237_Security_X10/SDK/SFCB/sblim-sfcb-1.3.2/missing --run makeinfo'
MOFCNAME='sfcbmof'
MOFC_CFLAGS='-Wall -fsigned-char -D CMPI_PLATFORM_LINUX_GENERIC_GNU'
MOFC_CPPFLAGS=''
MOFC_LDFLAGS=''
OBJEXT='o'
PACKAGE='mofc'
PACKAGE_BUGREPORT='sblim-devel@lists.sourceforge.net'
PACKAGE_NAME='MOF Compiler'
PACKAGE_STRING='MOF Compiler 0.8.2'
PACKAGE_TARNAME='mofc'
PACKAGE_VERSION='0.8.2'
PATH_SEPARATOR=':'
SET_MAKE=''
SFCB_DIR='./..'
SHELL='/bin/sh'
STRIP='/root/ATEN/source/OEM/STD_V317_LOGO/STD_X9_237_Security_X10/SDK/ToolChain/Host/HERMON/gcc-3.4.4-glibc-2.3.5-armv4/arm-linux/bin/arm-linux-strip'
TESTSCANNER_FALSE=''
TESTSCANNER_TRUE='#'
VERSION='0.8.2'
YACC='bison -y'
YFLAGS=''
ac_ct_CC=''
am__fastdepCC_FALSE='#'
am__fastdepCC_TRUE=''
am__include='include'
am__leading_dot='.'
am__quote=''
am__tar='${AMTAR} chof - "$$tardir"'
am__untar='${AMTAR} xf -'
bindir='${exec_prefix}/bin'
build='i686-pc-linux-gnu'
build_alias=''
build_cpu='i686'
build_os='linux-gnu'
build_vendor='pc'
datadir='${datarootdir}'
datarootdir='/root/ATEN/source/OEM/STD_V317_LOGO/STD_X9_237_Security_X10/SDK/SFCB/SFCB/local/share'
docdir='${datarootdir}/doc/${PACKAGE_TARNAME}'
dvidir='${docdir}'
exec_prefix='${prefix}'
host='arm-unknown-linux-gnu'
host_alias='arm-linux'
host_cpu='arm'
host_os='linux-gnu'
host_vendor='unknown'
htmldir='${docdir}'
includedir='${prefix}/include'
infodir='${datarootdir}/info'
install_sh='/root/ATEN/source/OEM/STD_V317_LOGO/STD_X9_237_Security_X10/SDK/SFCB/sblim-sfcb-1.3.2/install-sh'
libdir='${exec_prefix}/lib'
libexecdir='${exec_prefix}/libexec'
localedir='${datarootdir}/locale'
localstatedir='/root/ATEN/source/OEM/STD_V317_LOGO/STD_X9_237_Security_X10/SDK/SFCB/SFCB/local/var'
mandir='${datarootdir}/man'
mkdir_p='mkdir -p --'
oldincludedir='/usr/include'
pdfdir='${docdir}'
prefix='/SFCB/local'
program_transform_name='s,x,x,'
psdir='${docdir}'
sbindir='${exec_prefix}/sbin'
sharedstatedir='${prefix}/com'
sysconfdir='${prefix}/etc'
target_alias=''

## ----------- ##
## confdefs.h. ##
## ----------- ##

#define PACKAGE_NAME "MOF Compiler"
#define PACKAGE_TARNAME "mofc"
#define PACKAGE_VERSION "0.8.2"
#define PACKAGE_STRING "MOF Compiler 0.8.2"
#define PACKAGE_BUGREPORT "sblim-devel@lists.sourceforge.net"
#define PACKAGE "mofc"
#define VERSION "0.8.2"
#define BACKEND_INFO "SFCB Backend"
#define STDC_HEADERS 1
#define HAVE_SYS_TYPES_H 1
#define HAVE_SYS_STAT_H 1
#define HAVE_STDLIB_H 1
#define HAVE_STRING_H 1
#define HAVE_MEMORY_H 1
#define HAVE_STRINGS_H 1
#define HAVE_INTTYPES_H 1
#define HAVE_STDINT_H 1
#define HAVE_UNISTD_H 1
#define HAVE_STDDEF_H 1
#define HAVE_STDLIB_H 1
#define HAVE_STRING_H 1
#define HAVE_UNISTD_H 1
#define HAVE_STDLIB_H 1
#define HAVE_MALLOC 1
#define HAVE_STDLIB_H 1
#define HAVE_REALLOC 1
#define HAVE_STRCASECMP 1
#define HAVE_STRCHR 1
#define HAVE_STRDUP 1
#define HAVE_STRRCHR 1
#define HAVE_STRSTR 1
#define NAMESPACE_KLUDGE

configure: exit 0
