Output of:
/home/devicenull/ipmi/SDK/ToolChain/Host/HERMON/gcc-3.4.4-glibc-2.3.5-armv4/arm-linux/bin/arm-linux-gcc -Wall -Wshadow -Wwrite-strings -Wundef -Wstrict-prototypes -Wunused -Wunused-parameter -Wmissing-prototypes -Wmissing-declarations -Wdeclaration-after-statement -fno-builtin-strlen -finline-limit=0 -fomit-frame-pointer -ffunction-sections -fdata-sections -fno-guess-branch-probability -funsigned-char -static-libgcc -falign-functions=1 -falign-jumps=1 -falign-labels=1 -falign-loops=1 -Os -fpic -o 0_lib/busybox_unstripped -Wl,--sort-common -Wl,--sort-section,alignment -Wl,--gc-sections -Wl,--start-group applets/built-in.o -Wl,--end-group -L0_lib -lbusybox -Wl,--warn-common -Wl,-Map,0_lib/busybox_unstripped.map -Wl,--verbose
==========
GNU ld version 2.16
  Supported emulations:
   armelf_linux
   armelf
using internal linker script:
==================================================
/* Script for -z combreloc: combine and sort reloc sections */
OUTPUT_FORMAT("elf32-littlearm", "elf32-bigarm",
	      "elf32-littlearm")
OUTPUT_ARCH(arm)
ENTRY(_start)
SEARCH_DIR("=/usr/local/lib"); SEARCH_DIR("=/lib"); SEARCH_DIR("=/usr/lib");
/* Do we need any of these for elf?
   __DYNAMIC = 0;    */
SECTIONS
{
  /* Read-only sections, merged into text segment: */
  PROVIDE (__executable_start = 0x00008000); . = 0x00008000 + SIZEOF_HEADERS;
  .interp         : { *(.interp) }
  .hash           : { *(.hash) }
  .dynsym         : { *(.dynsym) }
  .dynstr         : { *(.dynstr) }
  .gnu.version    : { *(.gnu.version) }
  .gnu.version_d  : { *(.gnu.version_d) }
  .gnu.version_r  : { *(.gnu.version_r) }
  .rel.dyn        :
    {
      *(.rel.init)
      *(.rel.text .rel.text.* .rel.gnu.linkonce.t.*)
      *(.rel.fini)
      *(.rel.rodata .rel.rodata.* .rel.gnu.linkonce.r.*)
      *(.rel.data.rel.ro*)
      *(.rel.data .rel.data.* .rel.gnu.linkonce.d.*)
      *(.rel.tdata .rel.tdata.* .rel.gnu.linkonce.td.*)
      *(.rel.tbss .rel.tbss.* .rel.gnu.linkonce.tb.*)
      *(.rel.ctors)
      *(.rel.dtors)
      *(.rel.got)
      *(.rel.bss .rel.bss.* .rel.gnu.linkonce.b.*)
    }
  .rela.dyn       :
    {
      *(.rela.init)
      *(.rela.text .rela.text.* .rela.gnu.linkonce.t.*)
      *(.rela.fini)
      *(.rela.rodata .rela.rodata.* .rela.gnu.linkonce.r.*)
      *(.rela.data .rela.data.* .rela.gnu.linkonce.d.*)
      *(.rela.tdata .rela.tdata.* .rela.gnu.linkonce.td.*)
      *(.rela.tbss .rela.tbss.* .rela.gnu.linkonce.tb.*)
      *(.rela.ctors)
      *(.rela.dtors)
      *(.rela.got)
      *(.rela.bss .rela.bss.* .rela.gnu.linkonce.b.*)
    }
  .rel.plt        : { *(.rel.plt) }
  .rela.plt       : { *(.rela.plt) }
  .init           :
  {
    KEEP (*(.init))
  } =0
  .plt            : { *(.plt) }
  .text           :
  {
    *(.text .stub .text.* .gnu.linkonce.t.*)
    KEEP (*(.text.*personality*))
    /* .gnu.warning sections are handled specially by elf32.em.  */
    *(.gnu.warning)
    *(.glue_7t) *(.glue_7)
  } =0
  .fini           :
  {
    KEEP (*(.fini))
  } =0
  PROVIDE (__etext = .);
  PROVIDE (_etext = .);
  PROVIDE (etext = .);
  .rodata         : { *(.rodata .rodata.* .gnu.linkonce.r.*) }
  .rodata1        : { *(.rodata1) }
  .eh_frame_hdr : { *(.eh_frame_hdr) }
  .eh_frame       : ONLY_IF_RO { KEEP (*(.eh_frame)) }
  .gcc_except_table   : ONLY_IF_RO { KEEP (*(.gcc_except_table)) *(.gcc_except_table.*) }
  /* Adjust the address for the data segment.  We want to adjust up to
     the same address within the page on the next page up.  */
  . = ALIGN (0x8000) - ((0x8000 - .) & (0x8000 - 1)); . = DATA_SEGMENT_ALIGN (0x8000, 0x1000);
  /* Exception handling  */
  .eh_frame       : ONLY_IF_RW { KEEP (*(.eh_frame)) }
  .gcc_except_table   : ONLY_IF_RW { KEEP (*(.gcc_except_table)) *(.gcc_except_table.*) }
  /* Thread Local Storage sections  */
  .tdata	  : { *(.tdata .tdata.* .gnu.linkonce.td.*) }
  .tbss		  : { *(.tbss .tbss.* .gnu.linkonce.tb.*) *(.tcommon) }
  /* Ensure the __preinit_array_start label is properly aligned.  We
     could instead move the label definition inside the section, but
     the linker would then create the section even if it turns out to
     be empty, which isn't pretty.  */
  . = ALIGN(32 / 8);
  PROVIDE (__preinit_array_start = .);
  .preinit_array     : { KEEP (*(.preinit_array)) }
  PROVIDE (__preinit_array_end = .);
  PROVIDE (__init_array_start = .);
  .init_array     : { KEEP (*(.init_array)) }
  PROVIDE (__init_array_end = .);
  PROVIDE (__fini_array_start = .);
  .fini_array     : { KEEP (*(.fini_array)) }
  PROVIDE (__fini_array_end = .);
  .ctors          :
  {
    /* gcc uses crtbegin.o to find the start of
       the constructors, so we make sure it is
       first.  Because this is a wildcard, it
       doesn't matter if the user does not
       actually link against crtbegin.o; the
       linker won't look for a file to match a
       wildcard.  The wildcard also means that it
       doesn't matter which directory crtbegin.o
       is in.  */
    KEEP (*crtbegin*.o(.ctors))
    /* We don't want to include the .ctor section from
       from the crtend.o file until after the sorted ctors.
       The .ctor section from the crtend file contains the
       end of ctors marker and it must be last */
    KEEP (*(EXCLUDE_FILE (*crtend*.o ) .ctors))
    KEEP (*(SORT(.ctors.*)))
    KEEP (*(.ctors))
  }
  .dtors          :
  {
    KEEP (*crtbegin*.o(.dtors))
    KEEP (*(EXCLUDE_FILE (*crtend*.o ) .dtors))
    KEEP (*(SORT(.dtors.*)))
    KEEP (*(.dtors))
  }
  .jcr            : { KEEP (*(.jcr)) }
  .data.rel.ro : { *(.data.rel.ro.local) *(.data.rel.ro*) }
  .dynamic        : { *(.dynamic) }
  . = DATA_SEGMENT_RELRO_END (0, .);
  .got            : { *(.got.plt) *(.got) }
  .data           :
  {
    __data_start = . ;
    *(.data .data.* .gnu.linkonce.d.*)
    KEEP (*(.gnu.linkonce.d.*personality*))
    SORT(CONSTRUCTORS)
  }
  .data1          : { *(.data1) }
  _edata = .;
  PROVIDE (edata = .);
  __bss_start = .;
  __bss_start__ = .;
  .bss            :
  {
   *(.dynbss)
   *(.bss .bss.* .gnu.linkonce.b.*)
   *(COMMON)
   /* Align here to ensure that the .bss section occupies space up to
      _end.  Align after .bss to ensure correct alignment even if the
      .bss section disappears because there are no input sections.  */
   . = ALIGN(32 / 8);
  }
  . = ALIGN(32 / 8);
  _end = .;
  _bss_end__ = . ; __bss_end__ = . ; __end__ = . ;
  PROVIDE (end = .);
  . = DATA_SEGMENT_END (.);
  /* Stabs debugging sections.  */
  .stab          0 : { *(.stab) }
  .stabstr       0 : { *(.stabstr) }
  .stab.excl     0 : { *(.stab.excl) }
  .stab.exclstr  0 : { *(.stab.exclstr) }
  .stab.index    0 : { *(.stab.index) }
  .stab.indexstr 0 : { *(.stab.indexstr) }
  .comment       0 : { *(.comment) }
  /* DWARF debug sections.
     Symbols in the DWARF debugging sections are relative to the beginning
     of the section so we begin them at 0.  */
  /* DWARF 1 */
  .debug          0 : { *(.debug) }
  .line           0 : { *(.line) }
  /* GNU DWARF 1 extensions */
  .debug_srcinfo  0 : { *(.debug_srcinfo) }
  .debug_sfnames  0 : { *(.debug_sfnames) }
  /* DWARF 1.1 and DWARF 2 */
  .debug_aranges  0 : { *(.debug_aranges) }
  .debug_pubnames 0 : { *(.debug_pubnames) }
  /* DWARF 2 */
  .debug_info     0 : { *(.debug_info .gnu.linkonce.wi.*) }
  .debug_abbrev   0 : { *(.debug_abbrev) }
  .debug_line     0 : { *(.debug_line) }
  .debug_frame    0 : { *(.debug_frame) }
  .debug_str      0 : { *(.debug_str) }
  .debug_loc      0 : { *(.debug_loc) }
  .debug_macinfo  0 : { *(.debug_macinfo) }
  /* SGI/MIPS DWARF 2 extensions */
  .debug_weaknames 0 : { *(.debug_weaknames) }
  .debug_funcnames 0 : { *(.debug_funcnames) }
  .debug_typenames 0 : { *(.debug_typenames) }
  .debug_varnames  0 : { *(.debug_varnames) }
  .note.gnu.arm.ident 0 : { KEEP (*(.note.gnu.arm.ident)) }
  /DISCARD/ : { *(.note.GNU-stack) }
}


==================================================
attempt to open /home/devicenull/ipmi/SDK/ToolChain/Host/HERMON/gcc-3.4.4-glibc-2.3.5-armv4/arm-linux/bin/../lib/gcc/arm-linux/3.4.4/../../../../arm-linux/lib/crt1.o succeeded
/home/devicenull/ipmi/SDK/ToolChain/Host/HERMON/gcc-3.4.4-glibc-2.3.5-armv4/arm-linux/bin/../lib/gcc/arm-linux/3.4.4/../../../../arm-linux/lib/crt1.o
attempt to open /home/devicenull/ipmi/SDK/ToolChain/Host/HERMON/gcc-3.4.4-glibc-2.3.5-armv4/arm-linux/bin/../lib/gcc/arm-linux/3.4.4/../../../../arm-linux/lib/crti.o succeeded
/home/devicenull/ipmi/SDK/ToolChain/Host/HERMON/gcc-3.4.4-glibc-2.3.5-armv4/arm-linux/bin/../lib/gcc/arm-linux/3.4.4/../../../../arm-linux/lib/crti.o
attempt to open /home/devicenull/ipmi/SDK/ToolChain/Host/HERMON/gcc-3.4.4-glibc-2.3.5-armv4/arm-linux/bin/../lib/gcc/arm-linux/3.4.4/crtbegin.o succeeded
/home/devicenull/ipmi/SDK/ToolChain/Host/HERMON/gcc-3.4.4-glibc-2.3.5-armv4/arm-linux/bin/../lib/gcc/arm-linux/3.4.4/crtbegin.o
attempt to open applets/built-in.o succeeded
applets/built-in.o
attempt to open 0_lib/libbusybox.so succeeded
-lbusybox (0_lib/libbusybox.so)
attempt to open 0_lib/libgcc.so failed
attempt to open 0_lib/libgcc.a failed
attempt to open /home/devicenull/ipmi/SDK/ToolChain/Host/HERMON/gcc-3.4.4-glibc-2.3.5-armv4/arm-linux/bin/../lib/gcc/arm-linux/3.4.4/libgcc.so failed
attempt to open /home/devicenull/ipmi/SDK/ToolChain/Host/HERMON/gcc-3.4.4-glibc-2.3.5-armv4/arm-linux/bin/../lib/gcc/arm-linux/3.4.4/libgcc.a succeeded
attempt to open 0_lib/libgcc_eh.so failed
attempt to open 0_lib/libgcc_eh.a failed
attempt to open /home/devicenull/ipmi/SDK/ToolChain/Host/HERMON/gcc-3.4.4-glibc-2.3.5-armv4/arm-linux/bin/../lib/gcc/arm-linux/3.4.4/libgcc_eh.so failed
attempt to open /home/devicenull/ipmi/SDK/ToolChain/Host/HERMON/gcc-3.4.4-glibc-2.3.5-armv4/arm-linux/bin/../lib/gcc/arm-linux/3.4.4/libgcc_eh.a succeeded
attempt to open 0_lib/libc.so failed
attempt to open 0_lib/libc.a failed
attempt to open /home/devicenull/ipmi/SDK/ToolChain/Host/HERMON/gcc-3.4.4-glibc-2.3.5-armv4/arm-linux/bin/../lib/gcc/arm-linux/3.4.4/libc.so failed
attempt to open /home/devicenull/ipmi/SDK/ToolChain/Host/HERMON/gcc-3.4.4-glibc-2.3.5-armv4/arm-linux/bin/../lib/gcc/arm-linux/3.4.4/libc.a failed
attempt to open /home/devicenull/ipmi/SDK/ToolChain/Host/HERMON/gcc-3.4.4-glibc-2.3.5-armv4/arm-linux/bin/../lib/gcc/libc.so failed
attempt to open /home/devicenull/ipmi/SDK/ToolChain/Host/HERMON/gcc-3.4.4-glibc-2.3.5-armv4/arm-linux/bin/../lib/gcc/libc.a failed
attempt to open /home/devicenull/ipmi/SDK/ToolChain/Host/HERMON/gcc-3.4.4-glibc-2.3.5-armv4/arm-linux/bin/../lib/gcc/arm-linux/3.4.4/../../../../arm-linux/lib/libc.so succeeded
opened script file /home/devicenull/ipmi/SDK/ToolChain/Host/HERMON/gcc-3.4.4-glibc-2.3.5-armv4/arm-linux/bin/../lib/gcc/arm-linux/3.4.4/../../../../arm-linux/lib/libc.so
opened script file /home/devicenull/ipmi/SDK/ToolChain/Host/HERMON/gcc-3.4.4-glibc-2.3.5-armv4/arm-linux/bin/../lib/gcc/arm-linux/3.4.4/../../../../arm-linux/lib/libc.so
attempt to open libc.so.6 failed
attempt to open 0_lib/libc.so.6 failed
attempt to open /home/devicenull/ipmi/SDK/ToolChain/Host/HERMON/gcc-3.4.4-glibc-2.3.5-armv4/arm-linux/bin/../lib/gcc/arm-linux/3.4.4/libc.so.6 failed
attempt to open /home/devicenull/ipmi/SDK/ToolChain/Host/HERMON/gcc-3.4.4-glibc-2.3.5-armv4/arm-linux/bin/../lib/gcc/libc.so.6 failed
attempt to open /home/devicenull/ipmi/SDK/ToolChain/Host/HERMON/gcc-3.4.4-glibc-2.3.5-armv4/arm-linux/bin/../lib/gcc/arm-linux/3.4.4/../../../../arm-linux/lib/libc.so.6 succeeded
libc.so.6 (/home/devicenull/ipmi/SDK/ToolChain/Host/HERMON/gcc-3.4.4-glibc-2.3.5-armv4/arm-linux/bin/../lib/gcc/arm-linux/3.4.4/../../../../arm-linux/lib/libc.so.6)
attempt to open libc_nonshared.a failed
attempt to open 0_lib/libc_nonshared.a failed
attempt to open /home/devicenull/ipmi/SDK/ToolChain/Host/HERMON/gcc-3.4.4-glibc-2.3.5-armv4/arm-linux/bin/../lib/gcc/arm-linux/3.4.4/libc_nonshared.a failed
attempt to open /home/devicenull/ipmi/SDK/ToolChain/Host/HERMON/gcc-3.4.4-glibc-2.3.5-armv4/arm-linux/bin/../lib/gcc/libc_nonshared.a failed
attempt to open /home/devicenull/ipmi/SDK/ToolChain/Host/HERMON/gcc-3.4.4-glibc-2.3.5-armv4/arm-linux/bin/../lib/gcc/arm-linux/3.4.4/../../../../arm-linux/lib/libc_nonshared.a succeeded
(/home/devicenull/ipmi/SDK/ToolChain/Host/HERMON/gcc-3.4.4-glibc-2.3.5-armv4/arm-linux/bin/../lib/gcc/arm-linux/3.4.4/../../../../arm-linux/lib/libc_nonshared.a)elf-init.oST
attempt to open 0_lib/libgcc.so failed
attempt to open 0_lib/libgcc.a failed
attempt to open /home/devicenull/ipmi/SDK/ToolChain/Host/HERMON/gcc-3.4.4-glibc-2.3.5-armv4/arm-linux/bin/../lib/gcc/arm-linux/3.4.4/libgcc.so failed
attempt to open /home/devicenull/ipmi/SDK/ToolChain/Host/HERMON/gcc-3.4.4-glibc-2.3.5-armv4/arm-linux/bin/../lib/gcc/arm-linux/3.4.4/libgcc.a succeeded
attempt to open 0_lib/libgcc_eh.so failed
attempt to open 0_lib/libgcc_eh.a failed
attempt to open /home/devicenull/ipmi/SDK/ToolChain/Host/HERMON/gcc-3.4.4-glibc-2.3.5-armv4/arm-linux/bin/../lib/gcc/arm-linux/3.4.4/libgcc_eh.so failed
attempt to open /home/devicenull/ipmi/SDK/ToolChain/Host/HERMON/gcc-3.4.4-glibc-2.3.5-armv4/arm-linux/bin/../lib/gcc/arm-linux/3.4.4/libgcc_eh.a succeeded
attempt to open /home/devicenull/ipmi/SDK/ToolChain/Host/HERMON/gcc-3.4.4-glibc-2.3.5-armv4/arm-linux/bin/../lib/gcc/arm-linux/3.4.4/crtend.o succeeded
/home/devicenull/ipmi/SDK/ToolChain/Host/HERMON/gcc-3.4.4-glibc-2.3.5-armv4/arm-linux/bin/../lib/gcc/arm-linux/3.4.4/crtend.o
attempt to open /home/devicenull/ipmi/SDK/ToolChain/Host/HERMON/gcc-3.4.4-glibc-2.3.5-armv4/arm-linux/bin/../lib/gcc/arm-linux/3.4.4/../../../../arm-linux/lib/crtn.o succeeded
/home/devicenull/ipmi/SDK/ToolChain/Host/HERMON/gcc-3.4.4-glibc-2.3.5-armv4/arm-linux/bin/../lib/gcc/arm-linux/3.4.4/../../../../arm-linux/lib/crtn.o
libcrypt.so.1 needed by 0_lib/libbusybox.so
found libcrypt.so.1 at /home/devicenull/ipmi/SDK/ToolChain/Host/HERMON/gcc-3.4.4-glibc-2.3.5-armv4/arm-linux/arm-linux/bin/../lib/libcrypt.so.1
ld-linux.so.2 needed by /home/devicenull/ipmi/SDK/ToolChain/Host/HERMON/gcc-3.4.4-glibc-2.3.5-armv4/arm-linux/bin/../lib/gcc/arm-linux/3.4.4/../../../../arm-linux/lib/libc.so.6
found ld-linux.so.2 at /home/devicenull/ipmi/SDK/ToolChain/Host/HERMON/gcc-3.4.4-glibc-2.3.5-armv4/arm-linux/arm-linux/bin/../lib/ld-linux.so.2
